<?xml version="1.0" encoding="utf-8"?><testsuites><testsuite errors="0" failures="0" hostname="lilin" name="pytest" skipped="0" tests="8" time="79.248" timestamp="2019-10-25T09:33:23.007805"><testcase classname="test" file="test.py" line="35" name="test_get_easting_northing_from_lat_long" points="0" time="0.042"><properties>
[...]
</properties></testcase><testcase classname="test" file="test.py" line="89" name="test_tool" points="100" time="0.000"><properties><property name="tool initialization" value="(2.2016457019999507, [True])"/></properties></testcase><testcase classname="test" file="test.py" line="94" name="test_get_lat_long" points="480" time="0.090"><properties>
[...]
</properties></testcase><testcase classname="test" file="test.py" line="125" name="test_get_easting_northing_flood_probability" points="2000" time="26.566"><properties>
[...]
</properties></testcase><testcase classname="test" file="test.py" line="155" name="test_get_sorted_flood_probability" points="26" time="24.861"><properties>
[...]
</properties><system-out>Index([&apos;CT1 2BF&apos;, &apos;CT118JD&apos;, &apos;CT3 1AB&apos;, &apos;CT3 1BB&apos;, &apos;CT3 1BS&apos;, &apos;CT5 1AF&apos;,
       &apos;CT5 1BB&apos;, &apos;CT5 1EZ&apos;, &apos;CT5 1JJ&apos;, &apos;CT5 1RD&apos;,
       ...
       &apos;TN4 9PJ&apos;, &apos;TN4 9QB&apos;, &apos;TN8 5EU&apos;, &apos;TN8 5PW&apos;, &apos;TN8 5YT&apos;, &apos;TN8 6LN&apos;,
       &apos;TN8 7NF&apos;, &apos;TN9 1BL&apos;, &apos;TN9 1RP&apos;, &apos;TN9 2TJ&apos;],
      dtype=&apos;object&apos;, name=&apos;Postcode&apos;, length=495)
Index([&apos;CT1 2BF&apos;, &apos;CT118JD&apos;, &apos;CT3 1AB&apos;, &apos;CT3 1BB&apos;, &apos;CT3 1BS&apos;, &apos;CT5 1AF&apos;,
       &apos;CT5 1BB&apos;, &apos;CT5 1EZ&apos;, &apos;CT5 1JJ&apos;, &apos;CT5 1RD&apos;,
       ...
       &apos;TN4 9PJ&apos;, &apos;TN4 9QB&apos;, &apos;TN8 5EU&apos;, &apos;TN8 5PW&apos;, &apos;TN8 5YT&apos;, &apos;TN8 6LN&apos;,
       &apos;TN8 7NF&apos;, &apos;TN9 1BL&apos;, &apos;TN9 1RP&apos;, &apos;TN9 2TJ&apos;],
      dtype=&apos;object&apos;, name=&apos;Postcode&apos;, length=495)
Index([&apos;CT1 2BF&apos;, &apos;CT118JD&apos;, &apos;CT3 1AB&apos;, &apos;CT3 1BB&apos;, &apos;CT3 1BS&apos;, &apos;CT5 1AF&apos;,
       &apos;CT5 1BB&apos;, &apos;CT5 1EZ&apos;, &apos;CT5 1JJ&apos;, &apos;CT5 1RD&apos;,
       ...
       &apos;TN4 9PJ&apos;, &apos;TN4 9QB&apos;, &apos;TN8 5EU&apos;, &apos;TN8 5PW&apos;, &apos;TN8 5YT&apos;, &apos;TN8 6LN&apos;,
       &apos;TN8 7NF&apos;, &apos;TN9 1BL&apos;, &apos;TN9 1RP&apos;, &apos;TN9 2TJ&apos;],
      dtype=&apos;object&apos;, name=&apos;Postcode&apos;, length=495)
Index([&apos;CT1 2BF&apos;, &apos;CT118JD&apos;, &apos;CT3 1AB&apos;, &apos;CT3 1BB&apos;, &apos;CT3 1BS&apos;, &apos;CT5 1AF&apos;,
       &apos;CT5 1BB&apos;, &apos;CT5 1EZ&apos;, &apos;CT5 1JJ&apos;, &apos;CT5 1RD&apos;,
       ...
       &apos;TN4 9PJ&apos;, &apos;TN4 9QB&apos;, &apos;TN8 5EU&apos;, &apos;TN8 5PW&apos;, &apos;TN8 5YT&apos;, &apos;TN8 6LN&apos;,
       &apos;TN8 7NF&apos;, &apos;TN9 1BL&apos;, &apos;TN9 1RP&apos;, &apos;TN9 2TJ&apos;],
      dtype=&apos;object&apos;, name=&apos;Postcode&apos;, length=495)
Index([&apos;CT1 2BF&apos;, &apos;CT118JD&apos;, &apos;CT3 1AB&apos;, &apos;CT3 1BB&apos;, &apos;CT3 1BS&apos;, &apos;CT5 1AF&apos;,
       &apos;CT5 1BB&apos;, &apos;CT5 1EZ&apos;, &apos;CT5 1JJ&apos;, &apos;CT5 1RD&apos;,
       ...
       &apos;TN4 9PJ&apos;, &apos;TN4 9QB&apos;, &apos;TN8 5EU&apos;, &apos;TN8 5PW&apos;, &apos;TN8 5YT&apos;, &apos;TN8 6LN&apos;,
       &apos;TN8 7NF&apos;, &apos;TN9 1BL&apos;, &apos;TN9 1RP&apos;, &apos;TN9 2TJ&apos;],
      dtype=&apos;object&apos;, name=&apos;Postcode&apos;, length=495)
Index([&apos;CT1 2BF&apos;, &apos;CT118JD&apos;, &apos;CT3 1AB&apos;, &apos;CT3 1BB&apos;, &apos;CT3 1BS&apos;, &apos;CT5 1AF&apos;,
       &apos;CT5 1BB&apos;, &apos;CT5 1EZ&apos;, &apos;CT5 1JJ&apos;, &apos;CT5 1RD&apos;,
       ...
       &apos;TN4 9PJ&apos;, &apos;TN4 9QB&apos;, &apos;TN8 5EU&apos;, &apos;TN8 5PW&apos;, &apos;TN8 5YT&apos;, &apos;TN8 6LN&apos;,
       &apos;TN8 7NF&apos;, &apos;TN9 1BL&apos;, &apos;TN9 1RP&apos;, &apos;TN9 2TJ&apos;],
      dtype=&apos;object&apos;, name=&apos;Postcode&apos;, length=495)
</system-out></testcase><testcase classname="test" file="test.py" line="183" name="test_get_flood_cost" points="498" time="0.062"><properties>
[...]
</properties></testcase><testcase classname="test" file="test.py" line="213" name="test_get_annual_flood_risk" points="500" time="0.078"><properties>
[...]
</properties></testcase><testcase classname="test" file="test.py" line="243" name="test_get_sorted_annual_flood_risk" points="0" time="24.901"><properties>
[...]
</properties></testcase></testsuite></testsuites>