<?xml version="1.0" encoding="utf-8"?><testsuites><testsuite errors="0" failures="0" hostname="lilin" name="pytest" skipped="0" tests="3" time="763.801" timestamp="2019-10-24T14:37:44.025713"><testcase classname="test" file="test.py" line="35" name="test_get_easting_northing_from_lat_long" points="0" time="0.069"><properties>
[...]
</properties></testcase><testcase classname="test" file="test.py" line="89" name="test_tool" points="100" time="0.000"><properties><property name="tool initialization" value="(3.0030965590012784, [True])"/></properties></testcase><testcase classname="test" file="test.py" line="94" name="test_get_lat_long" points="0" time="0.056"><properties><property name="single_postcode_lookup" value="(0.003492704001473612, [False])"/><property name="multiple_postcode_lookup" value="(0.005025069000112126, [False, False])"/></properties></testcase><testcase time="0.000"></testcase></testsuite></testsuites>