<?xml version="1.0" encoding="utf-8"?><testsuites><testsuite errors="1" failures="0" hostname="lilin" name="pytest" skipped="0" tests="1" time="0.092" timestamp="2019-10-21T11:00:31.828526"><testcase classname="" file="test.py" name="test" time="0.000"><error message="collection failure">ImportError while importing test module &apos;/home/hustic/uni/group-project-1/acse-4-flood-tool-jordan/score/test.py&apos;.
Hint: make sure your test modules/packages have valid Python names.
Traceback:
score/test.py:6: in &lt;module&gt;
    import pandas as pd
E   ModuleNotFoundError: No module named &apos;pandas&apos;</error></testcase></testsuite></testsuites>