<?xml version="1.0" encoding="utf-8"?><testsuites><testsuite errors="0" failures="0" hostname="lilin" name="pytest" skipped="0" tests="8" time="3.026" timestamp="2019-10-24T19:00:06.880588"><testcase classname="test" file="test.py" line="35" name="test_get_easting_northing_from_lat_long" points="0" time="0.036"><properties>
[...]
</properties></testcase><testcase classname="test" file="test.py" line="89" name="test_tool" points="100" time="0.000"><properties><property name="tool initialization" value="(2.0993991079994885, [True])"/></properties></testcase><testcase classname="test" file="test.py" line="94" name="test_get_lat_long" points="480" time="0.074"><properties>
[...]
</properties></testcase><testcase classname="test" file="test.py" line="125" name="test_get_easting_northing_flood_probability" points="1796" time="0.003"><properties>
[...]
</properties></testcase><testcase classname="test" file="test.py" line="155" name="test_get_sorted_flood_probability" points="1" time="0.151"><properties>
[...]
</properties><system-out>[&apos;BR87LA&apos; &apos;BR88AQ&apos; &apos;BR88NT&apos; &apos;CT101LQ&apos; &apos;CT101PE&apos; &apos;CT101SL&apos; &apos;CT102EF&apos;
 &apos;CT110LX&apos; &apos;CT110PH&apos; &apos;CT110PR&apos; &apos;CT117PD&apos; &apos;CT118AY&apos; &apos;CT118JD&apos; &apos;CT119JS&apos;
 &apos;CT119NG&apos; &apos;CT11HL&apos; &apos;CT11HX&apos; &apos;CT11XG&apos; &apos;CT124AH&apos; &apos;CT124BW&apos; &apos;CT125EQ&apos;
 &apos;CT126AH&apos; &apos;CT126AJ&apos; &apos;CT126EQ&apos; &apos;CT126TB&apos; &apos;CT12AQ&apos; &apos;CT12BF&apos; &apos;CT12FU&apos;
 &apos;CT12HP&apos; &apos;CT130BN&apos; &apos;CT130LX&apos; &apos;CT130WU&apos; &apos;CT139BQ&apos; &apos;CT13RP&apos; &apos;CT13UQ&apos;
 &apos;CT140BD&apos; &apos;CT140EZ&apos; &apos;CT140NG&apos; &apos;CT146EU&apos; &apos;CT146HZ&apos; &apos;CT146NY&apos; &apos;CT147FD&apos;
 &apos;CT147FL&apos; &apos;CT147HL&apos; &apos;CT147JL&apos; &apos;CT147QL&apos; &apos;CT148ER&apos; &apos;CT149BA&apos; &apos;CT149BY&apos;
 &apos;CT149DW&apos; &apos;CT149LB&apos; &apos;CT154AT&apos; &apos;CT154BZ&apos; &apos;CT154HB&apos; &apos;CT155DJ&apos; &apos;CT155JU&apos;
 &apos;CT155LF&apos; &apos;CT155LG&apos; &apos;CT155ND&apos; &apos;CT156AG&apos; &apos;CT156HD&apos; &apos;CT157JA&apos; &apos;CT161AN&apos;
 &apos;CT161JZ&apos; &apos;CT161RW&apos; &apos;CT162AX&apos; &apos;CT162FF&apos; &apos;CT162PW&apos; &apos;CT162QZ&apos; &apos;CT162ZZ&apos;
 &apos;CT163DS&apos; &apos;CT163HA&apos; &apos;CT163JU&apos; &apos;CT170HE&apos; &apos;CT170HX&apos; &apos;CT170SF&apos; &apos;CT170TW&apos;
 &apos;CT170UD&apos; &apos;CT179EZ&apos; &apos;CT179RZ&apos; &apos;CT187JU&apos; &apos;CT188DN&apos; &apos;CT188HL&apos; &apos;CT188JP&apos;
 &apos;CT194EF&apos; &apos;CT195JS&apos; &apos;CT195PS&apos; &apos;CT195PW&apos; &apos;CT195TF&apos; &apos;CT196PD&apos; &apos;CT201EU&apos;
 &apos;CT201RN&apos; &apos;CT202EB&apos; &apos;CT202ET&apos; &apos;CT203QD&apos; &apos;CT209TX&apos; &apos;CT20ED&apos; &apos;CT20PG&apos;
 &apos;CT214PP&apos; &apos;CT215HQ&apos; &apos;CT215JX&apos; &apos;CT216DT&apos; &apos;CT216PW&apos; &apos;CT216RA&apos; &apos;CT27DP&apos;
 &apos;CT28AW&apos; &apos;CT28GH&apos; &apos;CT29DZ&apos; &apos;CT31AB&apos; &apos;CT31BB&apos; &apos;CT31BS&apos; &apos;CT32BD&apos; &apos;CT32BG&apos;
 &apos;CT33EN&apos; &apos;CT34HZ&apos; &apos;CT45AJ&apos; &apos;CT45AN&apos; &apos;CT45HN&apos; &apos;CT45LL&apos; &apos;CT46DF&apos; &apos;CT46EX&apos;
 &apos;CT46YB&apos; &apos;CT47DT&apos; &apos;CT47ER&apos; &apos;CT47PE&apos; &apos;CT51AF&apos; &apos;CT51BB&apos; &apos;CT51EZ&apos; &apos;CT51JJ&apos;
 &apos;CT51RD&apos; &apos;CT52BD&apos; &apos;CT52NX&apos; &apos;CT53JB&apos; &apos;CT54TZ&apos; &apos;CT65WD&apos; &apos;CT66JW&apos; &apos;CT66PT&apos;
 &apos;CT66SE&apos; &apos;CT67AY&apos; &apos;CT67EU&apos; &apos;CT67LT&apos; &apos;CT67QF&apos; &apos;CT68AR&apos; &apos;CT68BE&apos; &apos;CT68BQ&apos;
 &apos;CT68DG&apos; &apos;CT68JH&apos; &apos;CT68NG&apos; &apos;CT68TB&apos; &apos;CT70AG&apos; &apos;CT70BN&apos; &apos;CT79DS&apos; &apos;CT79LH&apos;
 &apos;CT79WU&apos; &apos;CT79XG&apos; &apos;CT88HL&apos; &apos;CT88JB&apos; &apos;CT88NX&apos; &apos;CT88SJ&apos; &apos;CT91EH&apos; &apos;CT91HH&apos;
 &apos;CT91PN&apos; &apos;CT91SE&apos; &apos;CT92AE&apos; &apos;CT92BY&apos; &apos;CT92DZ&apos; &apos;CT92LP&apos; &apos;CT92SH&apos; &apos;CT92TD&apos;
 &apos;CT93SP&apos; &apos;CT94AQ&apos; &apos;CT99FN&apos; &apos;DA100AQ&apos; &apos;DA100ND&apos; &apos;DA101AG&apos; &apos;DA110BJ&apos;
 &apos;DA110QB&apos; &apos;DA110RY&apos; &apos;DA117JD&apos; &apos;DA117JE&apos; &apos;DA117QG&apos; &apos;DA118DZ&apos; &apos;DA118NJ&apos;
 &apos;DA119FF&apos; &apos;DA119LQ&apos; &apos;DA119NB&apos; &apos;DA11DJ&apos; &apos;DA11NP&apos; &apos;DA11UN&apos; &apos;DA122BA&apos;
 &apos;DA122JQ&apos; &apos;DA122LA&apos; &apos;DA122NB&apos; &apos;DA122SX&apos; &apos;DA124JA&apos; &apos;DA124NZ&apos; &apos;DA125JG&apos;
 &apos;DA125TB&apos; &apos;DA129SF&apos; &apos;DA12RE&apos; &apos;DA12RS&apos; &apos;DA130AY&apos; &apos;DA130DB&apos; &apos;DA130EA&apos;
 &apos;DA130EQ&apos; &apos;DA130JJ&apos; &apos;DA130ND&apos; &apos;DA130TX&apos; &apos;DA130UF&apos; &apos;DA13EL&apos; &apos;DA13EW&apos;
 &apos;DA15LP&apos; &apos;DA15LY&apos; &apos;DA15QZ&apos; &apos;DA15WF&apos; &apos;DA19NJ&apos; &apos;DA26DW&apos; &apos;DA26EP&apos; &apos;DA27DT&apos;
 &apos;DA27NQ&apos; &apos;DA27RH&apos; &apos;DA28BT&apos; &apos;DA37HF&apos; &apos;DA37LL&apos; &apos;DA38QA&apos; &apos;DA39DW&apos; &apos;DA40HU&apos;
 &apos;DA52HY&apos; &apos;DA99FD&apos; &apos;ME101HU&apos; &apos;ME101SZ&apos; &apos;ME101YT&apos; &apos;ME102GU&apos; &apos;ME102JR&apos;
 &apos;ME102JS&apos; &apos;ME102NW&apos; &apos;ME102SX&apos; &apos;ME103RD&apos; &apos;ME103TN&apos; &apos;ME104DB&apos; &apos;ME104QR&apos;
 &apos;ME104YH&apos; &apos;ME105BN&apos; &apos;ME109FP&apos; &apos;ME115EL&apos; &apos;ME122AJ&apos; &apos;ME122HD&apos; &apos;ME122HT&apos;
 &apos;ME123FF&apos; &apos;ME123RF&apos; &apos;ME130AA&apos; &apos;ME130BN&apos; &apos;ME130JP&apos; &apos;ME130PD&apos; &apos;ME130PG&apos;
 &apos;ME130TN&apos; &apos;ME137PB&apos; &apos;ME137RQ&apos; &apos;ME138DJ&apos; &apos;ME139EJ&apos; &apos;ME139HJ&apos; &apos;ME139QJ&apos;
 &apos;ME139TR&apos; &apos;ME141RL&apos; &apos;ME141UX&apos; &apos;ME142DX&apos; &apos;ME142JF&apos; &apos;ME142UQ&apos; &apos;ME143JF&apos;
 &apos;ME143LH&apos; &apos;ME143LQ&apos; &apos;ME144BD&apos; &apos;ME144QR&apos; &apos;ME145NX&apos; &apos;ME149SJ&apos; &apos;ME149YD&apos;
 &apos;ME150DX&apos; &apos;ME150LE&apos; &apos;ME150LS&apos; &apos;ME156TG&apos; &apos;ME156TW&apos; &apos;ME156UJ&apos; &apos;ME157JE&apos;
 &apos;ME157QA&apos; &apos;ME157UE&apos; &apos;ME158AN&apos; &apos;ME158DF&apos; &apos;ME158HJ&apos; &apos;ME158NB&apos; &apos;ME158UA&apos;
 &apos;ME159DP&apos; &apos;ME159PE&apos; &apos;ME159SF&apos; &apos;ME159XX&apos; &apos;ME159ZG&apos; &apos;ME160FL&apos; &apos;ME160PJ&apos;
 &apos;ME160PX&apos; &apos;ME160UG&apos; &apos;ME168GB&apos; &apos;ME168SQ&apos; &apos;ME168SY&apos; &apos;ME168UG&apos; &apos;ME169AQ&apos;
 &apos;ME169EZ&apos; &apos;ME171PP&apos; &apos;ME172AE&apos; &apos;ME172DE&apos; &apos;ME172LL&apos; &apos;ME172QD&apos; &apos;ME173AX&apos;
 &apos;ME173EN&apos; &apos;ME173PA&apos; &apos;ME174ED&apos; &apos;ME174HD&apos; &apos;ME174UR&apos; &apos;ME186BH&apos; &apos;ME194NG&apos;
 &apos;ME196NB&apos; &apos;ME196SN&apos; &apos;ME206NH&apos; &apos;ME207HZ&apos; &apos;ME207JU&apos; &apos;ME207LA&apos; &apos;ME207NA&apos;
 &apos;ME207QA&apos; &apos;ME37DD&apos; &apos;ME37DE&apos; &apos;ME37HZ&apos; &apos;ME37NA&apos; &apos;ME59BZ&apos; &apos;ME65QF&apos; &apos;ME69HN&apos;
 &apos;ME97NF&apos; &apos;ME97SX&apos; &apos;ME98BA&apos; &apos;ME98FN&apos; &apos;ME99DR&apos; &apos;TN103EL&apos; &apos;TN103LN&apos;
 &apos;TN104HL&apos; &apos;TN104NS&apos; &apos;TN118ET&apos; &apos;TN118NN&apos; &apos;TN118QU&apos; &apos;TN119HH&apos; &apos;TN119PH&apos;
 &apos;TN119ZW&apos; &apos;TN125AD&apos; &apos;TN126DY&apos; &apos;TN127LR&apos; &apos;TN128LE&apos; &apos;TN128LJ&apos; &apos;TN129HF&apos;
 &apos;TN129SX&apos; &apos;TN129TD&apos; &apos;TN12LR&apos; &apos;TN131DP&apos; &apos;TN131DS&apos; &apos;TN131EL&apos; &apos;TN131EU&apos;
 &apos;TN132JL&apos; &apos;TN132PW&apos; &apos;TN133AQ&apos; &apos;TN133DN&apos; &apos;TN133EE&apos; &apos;TN133QW&apos; &apos;TN139QG&apos;
 &apos;TN145AN&apos; &apos;TN145RL&apos; &apos;TN146HR&apos; &apos;TN146LH&apos; &apos;TN147DU&apos; &apos;TN147DX&apos; &apos;TN150QG&apos;
 &apos;TN156DE&apos; &apos;TN156EE&apos; &apos;TN156HW&apos; &apos;TN156JQ&apos; &apos;TN156PX&apos; &apos;TN156RP&apos; &apos;TN157LX&apos;
 &apos;TN157RH&apos; &apos;TN158AR&apos; &apos;TN158NL&apos; &apos;TN158PR&apos; &apos;TN161BG&apos; &apos;TN161QN&apos; &apos;TN161RW&apos;
 &apos;TN161TU&apos; &apos;TN171HH&apos; &apos;TN172JA&apos; &apos;TN172RU&apos; &apos;TN173BA&apos; &apos;TN173BX&apos; &apos;TN174AQ&apos;
 &apos;TN184BF&apos; &apos;TN184NX&apos; &apos;TN184XP&apos; &apos;TN185AS&apos; &apos;TN185NL&apos; &apos;TN185QA&apos; &apos;TN231AT&apos;
 &apos;TN231PP&apos; &apos;TN231RE&apos; &apos;TN233EW&apos; &apos;TN233FX&apos; &apos;TN233SZ&apos; &apos;TN235AD&apos; &apos;TN235DU&apos;
 &apos;TN235DW&apos; &apos;TN235EH&apos; &apos;TN235TF&apos; &apos;TN236JT&apos; &apos;TN239QX&apos; &apos;TN23DF&apos; &apos;TN23EG&apos;
 &apos;TN23GB&apos; &apos;TN23JJ&apos; &apos;TN23LT&apos; &apos;TN240SY&apos; &apos;TN248LE&apos; &apos;TN248NY&apos; &apos;TN248TN&apos;
 &apos;TN249AE&apos; &apos;TN249BY&apos; &apos;TN249EH&apos; &apos;TN249EJ&apos; &apos;TN249HS&apos; &apos;TN249JF&apos; &apos;TN249QB&apos;
 &apos;TN249RP&apos; &apos;TN249RQ&apos; &apos;TN24NT&apos; &apos;TN254EB&apos; &apos;TN254EN&apos; &apos;TN255AU&apos; &apos;TN255DG&apos;
 &apos;TN255DL&apos; &apos;TN255HB&apos; &apos;TN256DJ&apos; &apos;TN256NR&apos; &apos;TN256PH&apos; &apos;TN257HD&apos; &apos;TN257JL&apos;
 &apos;TN25BU&apos; &apos;TN25PB&apos; &apos;TN25PZ&apos; &apos;TN261EQ&apos; &apos;TN261EX&apos; &apos;TN261LZ&apos; &apos;TN263DG&apos;
 &apos;TN270JE&apos; &apos;TN270LD&apos; &apos;TN270SY&apos; &apos;TN278BJ&apos; &apos;TN278DE&apos; &apos;TN278EW&apos; &apos;TN279AS&apos;
 &apos;TN279QG&apos; &apos;TN288AF&apos; &apos;TN288DL&apos; &apos;TN290BU&apos; &apos;TN290XW&apos; &apos;TN299JN&apos; &apos;TN306HJ&apos;
 &apos;TN306SN&apos; &apos;TN307AA&apos; &apos;TN307EB&apos; &apos;TN30HW&apos; &apos;TN30TJ&apos; &apos;TN38EQ&apos; &apos;TN38JL&apos;
 &apos;TN39AQ&apos; &apos;TN39TD&apos; &apos;TN40DS&apos; &apos;TN48DJ&apos; &apos;TN48DR&apos; &apos;TN48EF&apos; &apos;TN48EN&apos; &apos;TN48GH&apos;
 &apos;TN48PY&apos; &apos;TN49AN&apos; &apos;TN49NQ&apos; &apos;TN49PJ&apos; &apos;TN49QB&apos; &apos;TN85EU&apos; &apos;TN85HF&apos; &apos;TN85PW&apos;
 &apos;TN85YT&apos; &apos;TN86LN&apos; &apos;TN87NF&apos; &apos;TN91BL&apos; &apos;TN91RP&apos; &apos;TN92TJ&apos;]
[&apos;TN184NX&apos; &apos;CT170TW&apos; &apos;TN249HS&apos; &apos;TN255DL&apos; &apos;CT161RW&apos; &apos;TN290BU&apos; &apos;DA130DB&apos;
 &apos;DA1 2RS&apos; &apos;DA118NJ&apos; &apos;DA110BJ&apos; &apos;ME173PA&apos; &apos;TN118NN&apos; &apos;CT155JU&apos; &apos;TN1 2LR&apos;
 &apos;ME103RD&apos; &apos;TN306SN&apos; &apos;ME168SQ&apos; &apos;TN161TU&apos; &apos;DA5 2HY&apos; &apos;CT2 8GH&apos; &apos;ME174UR&apos;
 &apos;CT2 7DP&apos; &apos;ME160PJ&apos; &apos;DA117JE&apos; &apos;TN173BA&apos; &apos;CT146HZ&apos; &apos;CT102EF&apos; &apos;TN255HB&apos;
 &apos;TN128LJ&apos; &apos;ME160FL&apos; &apos;CT8 8NX&apos; &apos;ME159ZG&apos; &apos;TN4 9NQ&apos; &apos;CT7 9DS&apos; &apos;CT162AX&apos;
 &apos;ME156UJ&apos; &apos;CT161JZ&apos; &apos;CT110PR&apos; &apos;ME159SF&apos; &apos;CT6 8BQ&apos; &apos;ME139QJ&apos; &apos;CT155DJ&apos;
 &apos;TN249RP&apos; &apos;CT5 2BD&apos; &apos;TN233EW&apos; &apos;ME172QD&apos; &apos;CT146NY&apos; &apos;TN118QU&apos; &apos;ME3 7HZ&apos;
 &apos;TN261LZ&apos; &apos;TN171HH&apos; &apos;TN119PH&apos; &apos;TN145RL&apos; &apos;TN145AN&apos; &apos;TN249JF&apos; &apos;CT203QD&apos;
 &apos;TN127LR&apos; &apos;TN129SX&apos; &apos;ME130PG&apos; &apos;TN257JL&apos; &apos;DA130EQ&apos; &apos;ME158DF&apos; &apos;TN173BX&apos;
 &apos;ME160PX&apos; &apos;ME172LL&apos; &apos;ME122AJ&apos; &apos;TN290XW&apos; &apos;ME157JE&apos; &apos;DA3 7LL&apos; &apos;CT216DT&apos;
 &apos;ME102NW&apos; &apos;TN139QG&apos; &apos;CT156HD&apos; &apos;TN158AR&apos; &apos;DA1 5WF&apos; &apos;CT149BY&apos; &apos;DA129SF&apos;
 &apos;CT4 7DT&apos; &apos;TN156DE&apos; &apos;ME196SN&apos; &apos;TN261EQ&apos; &apos;DA2 8BT&apos; &apos;CT130WU&apos; &apos;CT9 4AQ&apos;
 &apos;DA124NZ&apos; &apos;CT156AG&apos; &apos;CT8 8SJ&apos; &apos;TN278DE&apos; &apos;CT6 8TB&apos; &apos;BR8 8AQ&apos; &apos;CT5 2NX&apos;
 &apos;ME169EZ&apos; &apos;DA130JJ&apos; &apos;TN4 9PJ&apos; &apos;CT161AN&apos; &apos;TN278EW&apos; &apos;ME206NH&apos; &apos;ME150DX&apos;
 &apos;TN133EE&apos; &apos;TN256NR&apos; &apos;ME139EJ&apos; &apos;CT118AY&apos; &apos;CT3 1AB&apos; &apos;TN249AE&apos; &apos;CT170HX&apos;
 &apos;CT149DW&apos; &apos;TN288AF&apos; &apos;CT170UD&apos; &apos;ME149SJ&apos; &apos;CT9 2SH&apos; &apos;CT187JU&apos; &apos;CT7 9XG&apos;
 &apos;TN131DP&apos; &apos;CT6 6JW&apos; &apos;TN249EH&apos; &apos;TN157LX&apos; &apos;TN3 8JL&apos; &apos;CT124BW&apos; &apos;TN128LE&apos;
 &apos;TN8 6LN&apos; &apos;TN248NY&apos; &apos;ME174HD&apos; &apos;TN270LD&apos; &apos;CT7 9WU&apos; &apos;ME101SZ&apos; &apos;TN235AD&apos;
 &apos;TN4 8DJ&apos; &apos;ME3 7DE&apos; &apos;ME102GU&apos; &apos;DA124JA&apos; &apos;ME9 8FN&apos; &apos;ME207JU&apos; &apos;CT4 5LL&apos;
 &apos;ME158UA&apos; &apos;ME141RL&apos; &apos;TN307AA&apos; &apos;TN257HD&apos; &apos;DA9 9FD&apos; &apos;CT5 4TZ&apos; &apos;TN240SY&apos;
 &apos;ME169AQ&apos; &apos;CT9 9FN&apos; &apos;CT6 5WD&apos; &apos;ME159DP&apos; &apos;CT5 1RD&apos; &apos;CT157JA&apos; &apos;DA2 7DT&apos;
 &apos;TN2 3DF&apos; &apos;ME157UE&apos; &apos;ME105BN&apos; &apos;CT194EF&apos; &apos;ME142UQ&apos; &apos;TN131EU&apos; &apos;CT3 1BB&apos;
 &apos;ME158AN&apos; &apos;TN278BJ&apos; &apos;CT6 8BE&apos; &apos;ME141UX&apos; &apos;ME150LE&apos; &apos;TN2 3GB&apos; &apos;CT9 3SP&apos;
 &apos;TN133QW&apos; &apos;TN156JQ&apos; &apos;ME130TN&apos; &apos;ME115EL&apos; &apos;CT147QL&apos; &apos;TN104NS&apos; &apos;CT147FL&apos;
 &apos;DA122NB&apos; &apos;TN157RH&apos; &apos;CT3 2BD&apos; &apos;TN235DW&apos; &apos;TN2 5BU&apos; &apos;ME156TG&apos; &apos;ME144BD&apos;
 &apos;TN8 5HF&apos; &apos;TN231AT&apos; &apos;CT119JS&apos; &apos;CT2 0ED&apos; &apos;CT3 3EN&apos; &apos;ME104QR&apos; &apos;ME149YD&apos;
 &apos;ME130BN&apos; &apos;CT101PE&apos; &apos;CT163DS&apos; &apos;TN129TD&apos; &apos;TN126DY&apos; &apos;ME142DX&apos; &apos;DA3 7HF&apos;
 &apos;ME103TN&apos; &apos;ME157QA&apos; &apos;TN184BF&apos; &apos;CT4 5AJ&apos; &apos;ME101YT&apos; &apos;TN2 4NT&apos; &apos;CT162FF&apos;
 &apos;TN103EL&apos; &apos;CT147JL&apos; &apos;DA101AG&apos; &apos;TN3 0HW&apos; &apos;TN4 9QB&apos; &apos;TN3 9AQ&apos; &apos;CT126EQ&apos;
 &apos;CT9 2LP&apos; &apos;DA1 5LY&apos; &apos;TN147DU&apos; &apos;DA1 3EW&apos; &apos;DA110QB&apos; &apos;ME160UG&apos; &apos;DA1 3EL&apos;
 &apos;ME143LQ&apos; &apos;DA100AQ&apos; &apos;TN119HH&apos; &apos;ME150LS&apos; &apos;CT6 7QF&apos; &apos;DA119LQ&apos; &apos;CT148ER&apos;
 &apos;TN119ZW&apos; &apos;CT5 1AF&apos; &apos;CT6 6SE&apos; &apos;DA4 0HU&apos; &apos;CT126TB&apos; &apos;ME144QR&apos; &apos;CT215HQ&apos;
 &apos;ME173AX&apos; &apos;TN8 5EU&apos; &apos;CT5 1JJ&apos; &apos;ME104DB&apos; &apos;CT8 8HL&apos; &apos;TN4 8EN&apos; &apos;TN235TF&apos;
 &apos;ME122HT&apos; &apos;TN279QG&apos; &apos;DA1 1NP&apos; &apos;DA130TX&apos; &apos;DA2 6DW&apos; &apos;DA117JD&apos; &apos;ME137RQ&apos;
 &apos;ME9 9DR&apos; &apos;CT140NG&apos; &apos;CT2 0PG&apos; &apos;CT188JP&apos; &apos;CT119NG&apos; &apos;TN235DU&apos; &apos;TN185QA&apos;
 &apos;CT163HA&apos; &apos;DA1 1DJ&apos; &apos;CT147HL&apos; &apos;TN156HW&apos; &apos;DA130UF&apos; &apos;TN263DG&apos; &apos;CT170SF&apos;
 &apos;ME101HU&apos; &apos;TN156EE&apos; &apos;TN2 5PZ&apos; &apos;TN261EX&apos; &apos;CT9 1SE&apos; &apos;TN9 1BL&apos; &apos;CT4 7PE&apos;
 &apos;CT9 1PN&apos; &apos;CT1 2FU&apos; &apos;TN4 9AN&apos; &apos;TN129HF&apos; &apos;ME9 7NF&apos; &apos;TN174AQ&apos; &apos;TN249EJ&apos;
 &apos;TN9 1RP&apos; &apos;DA2 7RH&apos; &apos;CT110PH&apos; &apos;CT6 7LT&apos; &apos;CT101LQ&apos; &apos;CT9 2DZ&apos; &apos;TN4 8GH&apos;
 &apos;CT1 2AQ&apos; &apos;CT110LX&apos; &apos;CT6 7AY&apos; &apos;ME168SY&apos; &apos;CT6 8DG&apos; &apos;CT126AJ&apos; &apos;TN161BG&apos;
 &apos;ME174ED&apos; &apos;CT1 2BF&apos; &apos;CT6 8JH&apos; &apos;TN256PH&apos; &apos;CT117PD&apos; &apos;TN146HR&apos; &apos;CT4 6YB&apos;
 &apos;TN255AU&apos; &apos;DA130ND&apos; &apos;CT5 1EZ&apos; &apos;ME145NX&apos; &apos;DA122LA&apos; &apos;CT3 4HZ&apos; &apos;TN248TN&apos;
 &apos;CT2 9DZ&apos; &apos;DA110RY&apos; &apos;CT147FD&apos; &apos;TN254EN&apos; &apos;DA122JQ&apos; &apos;DA117QG&apos; &apos;TN131EL&apos;
 &apos;ME143LH&apos; &apos;CT126AH&apos; &apos;CT130LX&apos; &apos;TN104HL&apos; &apos;CT179RZ&apos; &apos;TN3 8EQ&apos; &apos;CT1 1XG&apos;
 &apos;ME123FF&apos; &apos;DA3 8QA&apos; &apos;ME139TR&apos; &apos;DA1 2RE&apos; &apos;DA1 9NJ&apos; &apos;CT9 1HH&apos; &apos;TN306HJ&apos;
 &apos;CT139BQ&apos; &apos;ME156TW&apos; &apos;ME159PE&apos; &apos;TN2 3EG&apos; &apos;TN4 0DS&apos; &apos;CT209TX&apos; &apos;ME139HJ&apos;
 &apos;ME207QA&apos; &apos;TN239QX&apos; &apos;ME171PP&apos; &apos;CT155LF&apos; &apos;CT149BA&apos; &apos;DA122SX&apos; &apos;TN8 5PW&apos;
 &apos;CT162QZ&apos; &apos;TN233FX&apos; &apos;TN2 5PB&apos; &apos;ME194NG&apos; &apos;ME137PB&apos; &apos;TN254EB&apos; &apos;ME122HD&apos;
 &apos;ME6 9HN&apos; &apos;ME143JF&apos; &apos;TN233SZ&apos; &apos;ME172AE&apos; &apos;TN299JN&apos; &apos;TN2 3LT&apos; &apos;CT162ZZ&apos;
 &apos;DA130AY&apos; &apos;TN4 8PY&apos; &apos;CT4 6DF&apos; &apos;DA1 1UN&apos; &apos;CT202EB&apos; &apos;TN231PP&apos; &apos;TN184XP&apos;
 &apos;TN158NL&apos; &apos;TN133DN&apos; &apos;CT154HB&apos; &apos;TN161RW&apos; &apos;TN172RU&apos; &apos;CT130BN&apos; &apos;ME158NB&apos;
 &apos;CT7 0BN&apos; &apos;ME102SX&apos; &apos;CT7 9LH&apos; &apos;TN2 3JJ&apos; &apos;TN249BY&apos; &apos;TN132PW&apos; &apos;CT155ND&apos;
 &apos;CT140BD&apos; &apos;TN147DX&apos; &apos;TN249QB&apos; &apos;BR8 8NT&apos; &apos;DA3 9DW&apos; &apos;CT101SL&apos; &apos;ME168UG&apos;
 &apos;ME5 9BZ&apos; &apos;CT1 2HP&apos; &apos;ME123RF&apos; &apos;TN235EH&apos; &apos;TN4 8EF&apos; &apos;ME3 7DD&apos; &apos;ME9 8BA&apos;
 &apos;CT155LG&apos; &apos;ME168GB&apos; &apos;DA1 5LP&apos; &apos;TN185AS&apos; &apos;CT162PW&apos; &apos;CT216RA&apos; &apos;TN156RP&apos;
 &apos;CT9 2BY&apos; &apos;TN236JT&apos; &apos;CT195PS&apos; &apos;TN288DL&apos; &apos;BR8 7LA&apos; &apos;TN270JE&apos; &apos;ME9 7SX&apos;
 &apos;CT3 2BG&apos; &apos;CT7 0AG&apos; &apos;TN307EB&apos; &apos;CT6 6PT&apos; &apos;TN279AS&apos; &apos;TN131DS&apos; &apos;ME207HZ&apos;
 &apos;TN249RQ&apos; &apos;DA130EA&apos; &apos;DA118DZ&apos; &apos;CT9 1EH&apos; &apos;CT118JD&apos; &apos;CT1 3RP&apos; &apos;ME158HJ&apos;
 &apos;CT6 8AR&apos; &apos;ME6 5QF&apos; &apos;TN248LE&apos; &apos;ME138DJ&apos; &apos;CT188HL&apos; &apos;CT146EU&apos; &apos;CT9 2AE&apos;
 &apos;ME130PD&apos; &apos;CT170HE&apos; &apos;CT125EQ&apos; &apos;CT201EU&apos; &apos;CT4 7ER&apos; &apos;ME3 7NA&apos; &apos;CT149LB&apos;
 &apos;TN103LN&apos; &apos;CT163JU&apos; &apos;ME173EN&apos; &apos;TN3 0TJ&apos; &apos;TN270SY&apos; &apos;DA2 6EP&apos; &apos;CT2 8AW&apos;
 &apos;TN146LH&apos; &apos;ME142JF&apos; &apos;CT4 5HN&apos; &apos;TN132JL&apos; &apos;CT4 5AN&apos; &apos;TN8 7NF&apos; &apos;TN231RE&apos;
 &apos;TN161QN&apos; &apos;TN256DJ&apos; &apos;TN185NL&apos; &apos;CT1 1HL&apos; &apos;CT196PD&apos; &apos;TN255DG&apos; &apos;ME130JP&apos;
 &apos;CT1 1HX&apos; &apos;TN172JA&apos; &apos;CT179EZ&apos; &apos;TN8 5YT&apos; &apos;CT9 2TD&apos; &apos;ME207LA&apos; &apos;DA2 7NQ&apos;
 &apos;CT154BZ&apos; &apos;TN156PX&apos; &apos;CT1 3UQ&apos; &apos;ME196NB&apos; &apos;CT195JS&apos; &apos;ME109FP&apos; &apos;CT201RN&apos;
 &apos;CT214PP&apos; &apos;CT202ET&apos; &apos;TN133AQ&apos; &apos;CT6 7EU&apos; &apos;ME130AA&apos; &apos;CT188DN&apos; &apos;TN9 2TJ&apos;
 &apos;ME207NA&apos; &apos;DA100ND&apos; &apos;CT216PW&apos; &apos;ME186BH&apos; &apos;ME102JR&apos; &apos;TN3 9TD&apos; &apos;DA1 5QZ&apos;
 &apos;DA119NB&apos; &apos;CT215JX&apos; &apos;CT8 8JB&apos; &apos;DA125JG&apos; &apos;TN4 8DR&apos; &apos;TN118ET&apos; &apos;CT195TF&apos;
 &apos;CT4 6EX&apos; &apos;DA125TB&apos; &apos;CT195PW&apos; &apos;CT5 1BB&apos; &apos;ME102JS&apos; &apos;TN158PR&apos; &apos;ME104YH&apos;
 &apos;DA122BA&apos; &apos;TN150QG&apos; &apos;CT3 1BS&apos; &apos;CT124AH&apos; &apos;CT154AT&apos; &apos;CT5 3JB&apos; &apos;CT6 8NG&apos;
 &apos;ME159XX&apos; &apos;TN125AD&apos; &apos;ME172DE&apos; &apos;CT140EZ&apos; &apos;DA119FF&apos;]
[&apos;BR87LA&apos; &apos;BR88AQ&apos; &apos;BR88NT&apos; &apos;CT101LQ&apos; &apos;CT101PE&apos; &apos;CT101SL&apos; &apos;CT102EF&apos;
 &apos;CT110LX&apos; &apos;CT110PH&apos; &apos;CT110PR&apos; &apos;CT117PD&apos; &apos;CT118AY&apos; &apos;CT118JD&apos; &apos;CT119JS&apos;
 &apos;CT119NG&apos; &apos;CT11HL&apos; &apos;CT11HX&apos; &apos;CT11XG&apos; &apos;CT124AH&apos; &apos;CT124BW&apos; &apos;CT125EQ&apos;
 &apos;CT126AH&apos; &apos;CT126AJ&apos; &apos;CT126EQ&apos; &apos;CT126TB&apos; &apos;CT12AQ&apos; &apos;CT12BF&apos; &apos;CT12FU&apos;
 &apos;CT12HP&apos; &apos;CT130BN&apos; &apos;CT130LX&apos; &apos;CT130WU&apos; &apos;CT139BQ&apos; &apos;CT13RP&apos; &apos;CT13UQ&apos;
 &apos;CT140BD&apos; &apos;CT140EZ&apos; &apos;CT140NG&apos; &apos;CT146EU&apos; &apos;CT146HZ&apos; &apos;CT146NY&apos; &apos;CT147FD&apos;
 &apos;CT147FL&apos; &apos;CT147HL&apos; &apos;CT147JL&apos; &apos;CT147QL&apos; &apos;CT148ER&apos; &apos;CT149BA&apos; &apos;CT149BY&apos;
 &apos;CT149DW&apos; &apos;CT149LB&apos; &apos;CT154AT&apos; &apos;CT154BZ&apos; &apos;CT154HB&apos; &apos;CT155DJ&apos; &apos;CT155JU&apos;
 &apos;CT155LF&apos; &apos;CT155LG&apos; &apos;CT155ND&apos; &apos;CT156AG&apos; &apos;CT156HD&apos; &apos;CT157JA&apos; &apos;CT161AN&apos;
 &apos;CT161JZ&apos; &apos;CT161RW&apos; &apos;CT162AX&apos; &apos;CT162FF&apos; &apos;CT162PW&apos; &apos;CT162QZ&apos; &apos;CT162ZZ&apos;
 &apos;CT163DS&apos; &apos;CT163HA&apos; &apos;CT163JU&apos; &apos;CT170HE&apos; &apos;CT170HX&apos; &apos;CT170SF&apos; &apos;CT170TW&apos;
 &apos;CT170UD&apos; &apos;CT179EZ&apos; &apos;CT179RZ&apos; &apos;CT187JU&apos; &apos;CT188DN&apos; &apos;CT188HL&apos; &apos;CT188JP&apos;
 &apos;CT194EF&apos; &apos;CT195JS&apos; &apos;CT195PS&apos; &apos;CT195PW&apos; &apos;CT195TF&apos; &apos;CT196PD&apos; &apos;CT201EU&apos;
 &apos;CT201RN&apos; &apos;CT202EB&apos; &apos;CT202ET&apos; &apos;CT203QD&apos; &apos;CT209TX&apos; &apos;CT20ED&apos; &apos;CT20PG&apos;
 &apos;CT214PP&apos; &apos;CT215HQ&apos; &apos;CT215JX&apos; &apos;CT216DT&apos; &apos;CT216PW&apos; &apos;CT216RA&apos; &apos;CT27DP&apos;
 &apos;CT28AW&apos; &apos;CT28GH&apos; &apos;CT29DZ&apos; &apos;CT31AB&apos; &apos;CT31BB&apos; &apos;CT31BS&apos; &apos;CT32BD&apos; &apos;CT32BG&apos;
 &apos;CT33EN&apos; &apos;CT34HZ&apos; &apos;CT45AJ&apos; &apos;CT45AN&apos; &apos;CT45HN&apos; &apos;CT45LL&apos; &apos;CT46DF&apos; &apos;CT46EX&apos;
 &apos;CT46YB&apos; &apos;CT47DT&apos; &apos;CT47ER&apos; &apos;CT47PE&apos; &apos;CT51AF&apos; &apos;CT51BB&apos; &apos;CT51EZ&apos; &apos;CT51JJ&apos;
 &apos;CT51RD&apos; &apos;CT52BD&apos; &apos;CT52NX&apos; &apos;CT53JB&apos; &apos;CT54TZ&apos; &apos;CT65WD&apos; &apos;CT66JW&apos; &apos;CT66PT&apos;
 &apos;CT66SE&apos; &apos;CT67AY&apos; &apos;CT67EU&apos; &apos;CT67LT&apos; &apos;CT67QF&apos; &apos;CT68AR&apos; &apos;CT68BE&apos; &apos;CT68BQ&apos;
 &apos;CT68DG&apos; &apos;CT68JH&apos; &apos;CT68NG&apos; &apos;CT68TB&apos; &apos;CT70AG&apos; &apos;CT70BN&apos; &apos;CT79DS&apos; &apos;CT79LH&apos;
 &apos;CT79WU&apos; &apos;CT79XG&apos; &apos;CT88HL&apos; &apos;CT88JB&apos; &apos;CT88NX&apos; &apos;CT88SJ&apos; &apos;CT91EH&apos; &apos;CT91HH&apos;
 &apos;CT91PN&apos; &apos;CT91SE&apos; &apos;CT92AE&apos; &apos;CT92BY&apos; &apos;CT92DZ&apos; &apos;CT92LP&apos; &apos;CT92SH&apos; &apos;CT92TD&apos;
 &apos;CT93SP&apos; &apos;CT94AQ&apos; &apos;CT99FN&apos; &apos;DA100AQ&apos; &apos;DA100ND&apos; &apos;DA101AG&apos; &apos;DA110BJ&apos;
 &apos;DA110QB&apos; &apos;DA110RY&apos; &apos;DA117JD&apos; &apos;DA117JE&apos; &apos;DA117QG&apos; &apos;DA118DZ&apos; &apos;DA118NJ&apos;
 &apos;DA119FF&apos; &apos;DA119LQ&apos; &apos;DA119NB&apos; &apos;DA11DJ&apos; &apos;DA11NP&apos; &apos;DA11UN&apos; &apos;DA122BA&apos;
 &apos;DA122JQ&apos; &apos;DA122LA&apos; &apos;DA122NB&apos; &apos;DA122SX&apos; &apos;DA124JA&apos; &apos;DA124NZ&apos; &apos;DA125JG&apos;
 &apos;DA125TB&apos; &apos;DA129SF&apos; &apos;DA12RE&apos; &apos;DA12RS&apos; &apos;DA130AY&apos; &apos;DA130DB&apos; &apos;DA130EA&apos;
 &apos;DA130EQ&apos; &apos;DA130JJ&apos; &apos;DA130ND&apos; &apos;DA130TX&apos; &apos;DA130UF&apos; &apos;DA13EL&apos; &apos;DA13EW&apos;
 &apos;DA15LP&apos; &apos;DA15LY&apos; &apos;DA15QZ&apos; &apos;DA15WF&apos; &apos;DA19NJ&apos; &apos;DA26DW&apos; &apos;DA26EP&apos; &apos;DA27DT&apos;
 &apos;DA27NQ&apos; &apos;DA27RH&apos; &apos;DA28BT&apos; &apos;DA37HF&apos; &apos;DA37LL&apos; &apos;DA38QA&apos; &apos;DA39DW&apos; &apos;DA40HU&apos;
 &apos;DA52HY&apos; &apos;DA99FD&apos; &apos;ME101HU&apos; &apos;ME101SZ&apos; &apos;ME101YT&apos; &apos;ME102GU&apos; &apos;ME102JR&apos;
 &apos;ME102JS&apos; &apos;ME102NW&apos; &apos;ME102SX&apos; &apos;ME103RD&apos; &apos;ME103TN&apos; &apos;ME104DB&apos; &apos;ME104QR&apos;
 &apos;ME104YH&apos; &apos;ME105BN&apos; &apos;ME109FP&apos; &apos;ME115EL&apos; &apos;ME122AJ&apos; &apos;ME122HD&apos; &apos;ME122HT&apos;
 &apos;ME123FF&apos; &apos;ME123RF&apos; &apos;ME130AA&apos; &apos;ME130BN&apos; &apos;ME130JP&apos; &apos;ME130PD&apos; &apos;ME130PG&apos;
 &apos;ME130TN&apos; &apos;ME137PB&apos; &apos;ME137RQ&apos; &apos;ME138DJ&apos; &apos;ME139EJ&apos; &apos;ME139HJ&apos; &apos;ME139QJ&apos;
 &apos;ME139TR&apos; &apos;ME141RL&apos; &apos;ME141UX&apos; &apos;ME142DX&apos; &apos;ME142JF&apos; &apos;ME142UQ&apos; &apos;ME143JF&apos;
 &apos;ME143LH&apos; &apos;ME143LQ&apos; &apos;ME144BD&apos; &apos;ME144QR&apos; &apos;ME145NX&apos; &apos;ME149SJ&apos; &apos;ME149YD&apos;
 &apos;ME150DX&apos; &apos;ME150LE&apos; &apos;ME150LS&apos; &apos;ME156TG&apos; &apos;ME156TW&apos; &apos;ME156UJ&apos; &apos;ME157JE&apos;
 &apos;ME157QA&apos; &apos;ME157UE&apos; &apos;ME158AN&apos; &apos;ME158DF&apos; &apos;ME158HJ&apos; &apos;ME158NB&apos; &apos;ME158UA&apos;
 &apos;ME159DP&apos; &apos;ME159PE&apos; &apos;ME159SF&apos; &apos;ME159XX&apos; &apos;ME159ZG&apos; &apos;ME160FL&apos; &apos;ME160PJ&apos;
 &apos;ME160PX&apos; &apos;ME160UG&apos; &apos;ME168GB&apos; &apos;ME168SQ&apos; &apos;ME168SY&apos; &apos;ME168UG&apos; &apos;ME169AQ&apos;
 &apos;ME169EZ&apos; &apos;ME171PP&apos; &apos;ME172AE&apos; &apos;ME172DE&apos; &apos;ME172LL&apos; &apos;ME172QD&apos; &apos;ME173AX&apos;
 &apos;ME173EN&apos; &apos;ME173PA&apos; &apos;ME174ED&apos; &apos;ME174HD&apos; &apos;ME174UR&apos; &apos;ME186BH&apos; &apos;ME194NG&apos;
 &apos;ME196NB&apos; &apos;ME196SN&apos; &apos;ME206NH&apos; &apos;ME207HZ&apos; &apos;ME207JU&apos; &apos;ME207LA&apos; &apos;ME207NA&apos;
 &apos;ME207QA&apos; &apos;ME37DD&apos; &apos;ME37DE&apos; &apos;ME37HZ&apos; &apos;ME37NA&apos; &apos;ME59BZ&apos; &apos;ME65QF&apos; &apos;ME69HN&apos;
 &apos;ME97NF&apos; &apos;ME97SX&apos; &apos;ME98BA&apos; &apos;ME98FN&apos; &apos;ME99DR&apos; &apos;TN103EL&apos; &apos;TN103LN&apos;
 &apos;TN104HL&apos; &apos;TN104NS&apos; &apos;TN118ET&apos; &apos;TN118NN&apos; &apos;TN118QU&apos; &apos;TN119HH&apos; &apos;TN119PH&apos;
 &apos;TN119ZW&apos; &apos;TN125AD&apos; &apos;TN126DY&apos; &apos;TN127LR&apos; &apos;TN128LE&apos; &apos;TN128LJ&apos; &apos;TN129HF&apos;
 &apos;TN129SX&apos; &apos;TN129TD&apos; &apos;TN12LR&apos; &apos;TN131DP&apos; &apos;TN131DS&apos; &apos;TN131EL&apos; &apos;TN131EU&apos;
 &apos;TN132JL&apos; &apos;TN132PW&apos; &apos;TN133AQ&apos; &apos;TN133DN&apos; &apos;TN133EE&apos; &apos;TN133QW&apos; &apos;TN139QG&apos;
 &apos;TN145AN&apos; &apos;TN145RL&apos; &apos;TN146HR&apos; &apos;TN146LH&apos; &apos;TN147DU&apos; &apos;TN147DX&apos; &apos;TN150QG&apos;
 &apos;TN156DE&apos; &apos;TN156EE&apos; &apos;TN156HW&apos; &apos;TN156JQ&apos; &apos;TN156PX&apos; &apos;TN156RP&apos; &apos;TN157LX&apos;
 &apos;TN157RH&apos; &apos;TN158AR&apos; &apos;TN158NL&apos; &apos;TN158PR&apos; &apos;TN161BG&apos; &apos;TN161QN&apos; &apos;TN161RW&apos;
 &apos;TN161TU&apos; &apos;TN171HH&apos; &apos;TN172JA&apos; &apos;TN172RU&apos; &apos;TN173BA&apos; &apos;TN173BX&apos; &apos;TN174AQ&apos;
 &apos;TN184BF&apos; &apos;TN184NX&apos; &apos;TN184XP&apos; &apos;TN185AS&apos; &apos;TN185NL&apos; &apos;TN185QA&apos; &apos;TN231AT&apos;
 &apos;TN231PP&apos; &apos;TN231RE&apos; &apos;TN233EW&apos; &apos;TN233FX&apos; &apos;TN233SZ&apos; &apos;TN235AD&apos; &apos;TN235DU&apos;
 &apos;TN235DW&apos; &apos;TN235EH&apos; &apos;TN235TF&apos; &apos;TN236JT&apos; &apos;TN239QX&apos; &apos;TN23DF&apos; &apos;TN23EG&apos;
 &apos;TN23GB&apos; &apos;TN23JJ&apos; &apos;TN23LT&apos; &apos;TN240SY&apos; &apos;TN248LE&apos; &apos;TN248NY&apos; &apos;TN248TN&apos;
 &apos;TN249AE&apos; &apos;TN249BY&apos; &apos;TN249EH&apos; &apos;TN249EJ&apos; &apos;TN249HS&apos; &apos;TN249JF&apos; &apos;TN249QB&apos;
 &apos;TN249RP&apos; &apos;TN249RQ&apos; &apos;TN24NT&apos; &apos;TN254EB&apos; &apos;TN254EN&apos; &apos;TN255AU&apos; &apos;TN255DG&apos;
 &apos;TN255DL&apos; &apos;TN255HB&apos; &apos;TN256DJ&apos; &apos;TN256NR&apos; &apos;TN256PH&apos; &apos;TN257HD&apos; &apos;TN257JL&apos;
 &apos;TN25BU&apos; &apos;TN25PB&apos; &apos;TN25PZ&apos; &apos;TN261EQ&apos; &apos;TN261EX&apos; &apos;TN261LZ&apos; &apos;TN263DG&apos;
 &apos;TN270JE&apos; &apos;TN270LD&apos; &apos;TN270SY&apos; &apos;TN278BJ&apos; &apos;TN278DE&apos; &apos;TN278EW&apos; &apos;TN279AS&apos;
 &apos;TN279QG&apos; &apos;TN288AF&apos; &apos;TN288DL&apos; &apos;TN290BU&apos; &apos;TN290XW&apos; &apos;TN299JN&apos; &apos;TN306HJ&apos;
 &apos;TN306SN&apos; &apos;TN307AA&apos; &apos;TN307EB&apos; &apos;TN30HW&apos; &apos;TN30TJ&apos; &apos;TN38EQ&apos; &apos;TN38JL&apos;
 &apos;TN39AQ&apos; &apos;TN39TD&apos; &apos;TN40DS&apos; &apos;TN48DJ&apos; &apos;TN48DR&apos; &apos;TN48EF&apos; &apos;TN48EN&apos; &apos;TN48GH&apos;
 &apos;TN48PY&apos; &apos;TN49AN&apos; &apos;TN49NQ&apos; &apos;TN49PJ&apos; &apos;TN49QB&apos; &apos;TN85EU&apos; &apos;TN85HF&apos; &apos;TN85PW&apos;
 &apos;TN85YT&apos; &apos;TN86LN&apos; &apos;TN87NF&apos; &apos;TN91BL&apos; &apos;TN91RP&apos; &apos;TN92TJ&apos;]
[&apos;TN184NX&apos; &apos;CT170TW&apos; &apos;TN249HS&apos; &apos;TN255DL&apos; &apos;CT161RW&apos; &apos;TN290BU&apos; &apos;DA130DB&apos;
 &apos;DA1 2RS&apos; &apos;DA118NJ&apos; &apos;DA110BJ&apos; &apos;ME173PA&apos; &apos;TN118NN&apos; &apos;CT155JU&apos; &apos;TN1 2LR&apos;
 &apos;ME103RD&apos; &apos;TN306SN&apos; &apos;ME168SQ&apos; &apos;TN161TU&apos; &apos;DA5 2HY&apos; &apos;CT2 8GH&apos; &apos;ME174UR&apos;
 &apos;CT2 7DP&apos; &apos;ME160PJ&apos; &apos;DA117JE&apos; &apos;TN173BA&apos; &apos;CT146HZ&apos; &apos;CT102EF&apos; &apos;TN255HB&apos;
 &apos;TN128LJ&apos; &apos;ME160FL&apos; &apos;CT8 8NX&apos; &apos;ME159ZG&apos; &apos;TN4 9NQ&apos; &apos;CT7 9DS&apos; &apos;CT162AX&apos;
 &apos;ME156UJ&apos; &apos;CT161JZ&apos; &apos;CT110PR&apos; &apos;ME159SF&apos; &apos;CT6 8BQ&apos; &apos;ME139QJ&apos; &apos;CT155DJ&apos;
 &apos;TN249RP&apos; &apos;CT5 2BD&apos; &apos;TN233EW&apos; &apos;ME172QD&apos; &apos;CT146NY&apos; &apos;TN118QU&apos; &apos;ME3 7HZ&apos;
 &apos;TN261LZ&apos; &apos;TN171HH&apos; &apos;TN119PH&apos; &apos;TN145RL&apos; &apos;TN145AN&apos; &apos;TN249JF&apos; &apos;CT203QD&apos;
 &apos;TN127LR&apos; &apos;TN129SX&apos; &apos;ME130PG&apos; &apos;TN257JL&apos; &apos;DA130EQ&apos; &apos;ME158DF&apos; &apos;TN173BX&apos;
 &apos;ME160PX&apos; &apos;ME172LL&apos; &apos;ME122AJ&apos; &apos;TN290XW&apos; &apos;ME157JE&apos; &apos;DA3 7LL&apos; &apos;CT216DT&apos;
 &apos;ME102NW&apos; &apos;TN139QG&apos; &apos;CT156HD&apos; &apos;TN158AR&apos; &apos;DA1 5WF&apos; &apos;CT149BY&apos; &apos;DA129SF&apos;
 &apos;CT4 7DT&apos; &apos;TN156DE&apos; &apos;ME196SN&apos; &apos;TN261EQ&apos; &apos;DA2 8BT&apos; &apos;CT130WU&apos; &apos;CT9 4AQ&apos;
 &apos;DA124NZ&apos; &apos;CT156AG&apos; &apos;CT8 8SJ&apos; &apos;TN278DE&apos; &apos;CT6 8TB&apos; &apos;BR8 8AQ&apos; &apos;CT5 2NX&apos;
 &apos;ME169EZ&apos; &apos;DA130JJ&apos; &apos;TN4 9PJ&apos; &apos;CT161AN&apos; &apos;TN278EW&apos; &apos;ME206NH&apos; &apos;ME150DX&apos;
 &apos;TN133EE&apos; &apos;TN256NR&apos; &apos;ME139EJ&apos; &apos;CT118AY&apos; &apos;CT3 1AB&apos; &apos;TN249AE&apos; &apos;CT170HX&apos;
 &apos;CT149DW&apos; &apos;TN288AF&apos; &apos;CT170UD&apos; &apos;ME149SJ&apos; &apos;CT9 2SH&apos; &apos;CT187JU&apos; &apos;CT7 9XG&apos;
 &apos;TN131DP&apos; &apos;CT6 6JW&apos; &apos;TN249EH&apos; &apos;TN157LX&apos; &apos;TN3 8JL&apos; &apos;CT124BW&apos; &apos;TN128LE&apos;
 &apos;TN8 6LN&apos; &apos;TN248NY&apos; &apos;ME174HD&apos; &apos;TN270LD&apos; &apos;CT7 9WU&apos; &apos;ME101SZ&apos; &apos;TN235AD&apos;
 &apos;TN4 8DJ&apos; &apos;ME3 7DE&apos; &apos;ME102GU&apos; &apos;DA124JA&apos; &apos;ME9 8FN&apos; &apos;ME207JU&apos; &apos;CT4 5LL&apos;
 &apos;ME158UA&apos; &apos;ME141RL&apos; &apos;TN307AA&apos; &apos;TN257HD&apos; &apos;DA9 9FD&apos; &apos;CT5 4TZ&apos; &apos;TN240SY&apos;
 &apos;ME169AQ&apos; &apos;CT9 9FN&apos; &apos;CT6 5WD&apos; &apos;ME159DP&apos; &apos;CT5 1RD&apos; &apos;CT157JA&apos; &apos;DA2 7DT&apos;
 &apos;TN2 3DF&apos; &apos;ME157UE&apos; &apos;ME105BN&apos; &apos;CT194EF&apos; &apos;ME142UQ&apos; &apos;TN131EU&apos; &apos;CT3 1BB&apos;
 &apos;ME158AN&apos; &apos;TN278BJ&apos; &apos;CT6 8BE&apos; &apos;ME141UX&apos; &apos;ME150LE&apos; &apos;TN2 3GB&apos; &apos;CT9 3SP&apos;
 &apos;TN133QW&apos; &apos;TN156JQ&apos; &apos;ME130TN&apos; &apos;ME115EL&apos; &apos;CT147QL&apos; &apos;TN104NS&apos; &apos;CT147FL&apos;
 &apos;DA122NB&apos; &apos;TN157RH&apos; &apos;CT3 2BD&apos; &apos;TN235DW&apos; &apos;TN2 5BU&apos; &apos;ME156TG&apos; &apos;ME144BD&apos;
 &apos;TN8 5HF&apos; &apos;TN231AT&apos; &apos;CT119JS&apos; &apos;CT2 0ED&apos; &apos;CT3 3EN&apos; &apos;ME104QR&apos; &apos;ME149YD&apos;
 &apos;ME130BN&apos; &apos;CT101PE&apos; &apos;CT163DS&apos; &apos;TN129TD&apos; &apos;TN126DY&apos; &apos;ME142DX&apos; &apos;DA3 7HF&apos;
 &apos;ME103TN&apos; &apos;ME157QA&apos; &apos;TN184BF&apos; &apos;CT4 5AJ&apos; &apos;ME101YT&apos; &apos;TN2 4NT&apos; &apos;CT162FF&apos;
 &apos;TN103EL&apos; &apos;CT147JL&apos; &apos;DA101AG&apos; &apos;TN3 0HW&apos; &apos;TN4 9QB&apos; &apos;TN3 9AQ&apos; &apos;CT126EQ&apos;
 &apos;CT9 2LP&apos; &apos;DA1 5LY&apos; &apos;TN147DU&apos; &apos;DA1 3EW&apos; &apos;DA110QB&apos; &apos;ME160UG&apos; &apos;DA1 3EL&apos;
 &apos;ME143LQ&apos; &apos;DA100AQ&apos; &apos;TN119HH&apos; &apos;ME150LS&apos; &apos;CT6 7QF&apos; &apos;DA119LQ&apos; &apos;CT148ER&apos;
 &apos;TN119ZW&apos; &apos;CT5 1AF&apos; &apos;CT6 6SE&apos; &apos;DA4 0HU&apos; &apos;CT126TB&apos; &apos;ME144QR&apos; &apos;CT215HQ&apos;
 &apos;ME173AX&apos; &apos;TN8 5EU&apos; &apos;CT5 1JJ&apos; &apos;ME104DB&apos; &apos;CT8 8HL&apos; &apos;TN4 8EN&apos; &apos;TN235TF&apos;
 &apos;ME122HT&apos; &apos;TN279QG&apos; &apos;DA1 1NP&apos; &apos;DA130TX&apos; &apos;DA2 6DW&apos; &apos;DA117JD&apos; &apos;ME137RQ&apos;
 &apos;ME9 9DR&apos; &apos;CT140NG&apos; &apos;CT2 0PG&apos; &apos;CT188JP&apos; &apos;CT119NG&apos; &apos;TN235DU&apos; &apos;TN185QA&apos;
 &apos;CT163HA&apos; &apos;DA1 1DJ&apos; &apos;CT147HL&apos; &apos;TN156HW&apos; &apos;DA130UF&apos; &apos;TN263DG&apos; &apos;CT170SF&apos;
 &apos;ME101HU&apos; &apos;TN156EE&apos; &apos;TN2 5PZ&apos; &apos;TN261EX&apos; &apos;CT9 1SE&apos; &apos;TN9 1BL&apos; &apos;CT4 7PE&apos;
 &apos;CT9 1PN&apos; &apos;CT1 2FU&apos; &apos;TN4 9AN&apos; &apos;TN129HF&apos; &apos;ME9 7NF&apos; &apos;TN174AQ&apos; &apos;TN249EJ&apos;
 &apos;TN9 1RP&apos; &apos;DA2 7RH&apos; &apos;CT110PH&apos; &apos;CT6 7LT&apos; &apos;CT101LQ&apos; &apos;CT9 2DZ&apos; &apos;TN4 8GH&apos;
 &apos;CT1 2AQ&apos; &apos;CT110LX&apos; &apos;CT6 7AY&apos; &apos;ME168SY&apos; &apos;CT6 8DG&apos; &apos;CT126AJ&apos; &apos;TN161BG&apos;
 &apos;ME174ED&apos; &apos;CT1 2BF&apos; &apos;CT6 8JH&apos; &apos;TN256PH&apos; &apos;CT117PD&apos; &apos;TN146HR&apos; &apos;CT4 6YB&apos;
 &apos;TN255AU&apos; &apos;DA130ND&apos; &apos;CT5 1EZ&apos; &apos;ME145NX&apos; &apos;DA122LA&apos; &apos;CT3 4HZ&apos; &apos;TN248TN&apos;
 &apos;CT2 9DZ&apos; &apos;DA110RY&apos; &apos;CT147FD&apos; &apos;TN254EN&apos; &apos;DA122JQ&apos; &apos;DA117QG&apos; &apos;TN131EL&apos;
 &apos;ME143LH&apos; &apos;CT126AH&apos; &apos;CT130LX&apos; &apos;TN104HL&apos; &apos;CT179RZ&apos; &apos;TN3 8EQ&apos; &apos;CT1 1XG&apos;
 &apos;ME123FF&apos; &apos;DA3 8QA&apos; &apos;ME139TR&apos; &apos;DA1 2RE&apos; &apos;DA1 9NJ&apos; &apos;CT9 1HH&apos; &apos;TN306HJ&apos;
 &apos;CT139BQ&apos; &apos;ME156TW&apos; &apos;ME159PE&apos; &apos;TN2 3EG&apos; &apos;TN4 0DS&apos; &apos;CT209TX&apos; &apos;ME139HJ&apos;
 &apos;ME207QA&apos; &apos;TN239QX&apos; &apos;ME171PP&apos; &apos;CT155LF&apos; &apos;CT149BA&apos; &apos;DA122SX&apos; &apos;TN8 5PW&apos;
 &apos;CT162QZ&apos; &apos;TN233FX&apos; &apos;TN2 5PB&apos; &apos;ME194NG&apos; &apos;ME137PB&apos; &apos;TN254EB&apos; &apos;ME122HD&apos;
 &apos;ME6 9HN&apos; &apos;ME143JF&apos; &apos;TN233SZ&apos; &apos;ME172AE&apos; &apos;TN299JN&apos; &apos;TN2 3LT&apos; &apos;CT162ZZ&apos;
 &apos;DA130AY&apos; &apos;TN4 8PY&apos; &apos;CT4 6DF&apos; &apos;DA1 1UN&apos; &apos;CT202EB&apos; &apos;TN231PP&apos; &apos;TN184XP&apos;
 &apos;TN158NL&apos; &apos;TN133DN&apos; &apos;CT154HB&apos; &apos;TN161RW&apos; &apos;TN172RU&apos; &apos;CT130BN&apos; &apos;ME158NB&apos;
 &apos;CT7 0BN&apos; &apos;ME102SX&apos; &apos;CT7 9LH&apos; &apos;TN2 3JJ&apos; &apos;TN249BY&apos; &apos;TN132PW&apos; &apos;CT155ND&apos;
 &apos;CT140BD&apos; &apos;TN147DX&apos; &apos;TN249QB&apos; &apos;BR8 8NT&apos; &apos;DA3 9DW&apos; &apos;CT101SL&apos; &apos;ME168UG&apos;
 &apos;ME5 9BZ&apos; &apos;CT1 2HP&apos; &apos;ME123RF&apos; &apos;TN235EH&apos; &apos;TN4 8EF&apos; &apos;ME3 7DD&apos; &apos;ME9 8BA&apos;
 &apos;CT155LG&apos; &apos;ME168GB&apos; &apos;DA1 5LP&apos; &apos;TN185AS&apos; &apos;CT162PW&apos; &apos;CT216RA&apos; &apos;TN156RP&apos;
 &apos;CT9 2BY&apos; &apos;TN236JT&apos; &apos;CT195PS&apos; &apos;TN288DL&apos; &apos;BR8 7LA&apos; &apos;TN270JE&apos; &apos;ME9 7SX&apos;
 &apos;CT3 2BG&apos; &apos;CT7 0AG&apos; &apos;TN307EB&apos; &apos;CT6 6PT&apos; &apos;TN279AS&apos; &apos;TN131DS&apos; &apos;ME207HZ&apos;
 &apos;TN249RQ&apos; &apos;DA130EA&apos; &apos;DA118DZ&apos; &apos;CT9 1EH&apos; &apos;CT118JD&apos; &apos;CT1 3RP&apos; &apos;ME158HJ&apos;
 &apos;CT6 8AR&apos; &apos;ME6 5QF&apos; &apos;TN248LE&apos; &apos;ME138DJ&apos; &apos;CT188HL&apos; &apos;CT146EU&apos; &apos;CT9 2AE&apos;
 &apos;ME130PD&apos; &apos;CT170HE&apos; &apos;CT125EQ&apos; &apos;CT201EU&apos; &apos;CT4 7ER&apos; &apos;ME3 7NA&apos; &apos;CT149LB&apos;
 &apos;TN103LN&apos; &apos;CT163JU&apos; &apos;ME173EN&apos; &apos;TN3 0TJ&apos; &apos;TN270SY&apos; &apos;DA2 6EP&apos; &apos;CT2 8AW&apos;
 &apos;TN146LH&apos; &apos;ME142JF&apos; &apos;CT4 5HN&apos; &apos;TN132JL&apos; &apos;CT4 5AN&apos; &apos;TN8 7NF&apos; &apos;TN231RE&apos;
 &apos;TN161QN&apos; &apos;TN256DJ&apos; &apos;TN185NL&apos; &apos;CT1 1HL&apos; &apos;CT196PD&apos; &apos;TN255DG&apos; &apos;ME130JP&apos;
 &apos;CT1 1HX&apos; &apos;TN172JA&apos; &apos;CT179EZ&apos; &apos;TN8 5YT&apos; &apos;CT9 2TD&apos; &apos;ME207LA&apos; &apos;DA2 7NQ&apos;
 &apos;CT154BZ&apos; &apos;TN156PX&apos; &apos;CT1 3UQ&apos; &apos;ME196NB&apos; &apos;CT195JS&apos; &apos;ME109FP&apos; &apos;CT201RN&apos;
 &apos;CT214PP&apos; &apos;CT202ET&apos; &apos;TN133AQ&apos; &apos;CT6 7EU&apos; &apos;ME130AA&apos; &apos;CT188DN&apos; &apos;TN9 2TJ&apos;
 &apos;ME207NA&apos; &apos;DA100ND&apos; &apos;CT216PW&apos; &apos;ME186BH&apos; &apos;ME102JR&apos; &apos;TN3 9TD&apos; &apos;DA1 5QZ&apos;
 &apos;DA119NB&apos; &apos;CT215JX&apos; &apos;CT8 8JB&apos; &apos;DA125JG&apos; &apos;TN4 8DR&apos; &apos;TN118ET&apos; &apos;CT195TF&apos;
 &apos;CT4 6EX&apos; &apos;DA125TB&apos; &apos;CT195PW&apos; &apos;CT5 1BB&apos; &apos;ME102JS&apos; &apos;TN158PR&apos; &apos;ME104YH&apos;
 &apos;DA122BA&apos; &apos;TN150QG&apos; &apos;CT3 1BS&apos; &apos;CT124AH&apos; &apos;CT154AT&apos; &apos;CT5 3JB&apos; &apos;CT6 8NG&apos;
 &apos;ME159XX&apos; &apos;TN125AD&apos; &apos;ME172DE&apos; &apos;CT140EZ&apos; &apos;DA119FF&apos;]
[&apos;BR87LA&apos; &apos;BR88AQ&apos; &apos;BR88NT&apos; &apos;CT101LQ&apos; &apos;CT101PE&apos; &apos;CT101SL&apos; &apos;CT102EF&apos;
 &apos;CT110LX&apos; &apos;CT110PH&apos; &apos;CT110PR&apos; &apos;CT117PD&apos; &apos;CT118AY&apos; &apos;CT118JD&apos; &apos;CT119JS&apos;
 &apos;CT119NG&apos; &apos;CT11HL&apos; &apos;CT11HX&apos; &apos;CT11XG&apos; &apos;CT124AH&apos; &apos;CT124BW&apos; &apos;CT125EQ&apos;
 &apos;CT126AH&apos; &apos;CT126AJ&apos; &apos;CT126EQ&apos; &apos;CT126TB&apos; &apos;CT12AQ&apos; &apos;CT12BF&apos; &apos;CT12FU&apos;
 &apos;CT12HP&apos; &apos;CT130BN&apos; &apos;CT130LX&apos; &apos;CT130WU&apos; &apos;CT139BQ&apos; &apos;CT13RP&apos; &apos;CT13UQ&apos;
 &apos;CT140BD&apos; &apos;CT140EZ&apos; &apos;CT140NG&apos; &apos;CT146EU&apos; &apos;CT146HZ&apos; &apos;CT146NY&apos; &apos;CT147FD&apos;
 &apos;CT147FL&apos; &apos;CT147HL&apos; &apos;CT147JL&apos; &apos;CT147QL&apos; &apos;CT148ER&apos; &apos;CT149BA&apos; &apos;CT149BY&apos;
 &apos;CT149DW&apos; &apos;CT149LB&apos; &apos;CT154AT&apos; &apos;CT154BZ&apos; &apos;CT154HB&apos; &apos;CT155DJ&apos; &apos;CT155JU&apos;
 &apos;CT155LF&apos; &apos;CT155LG&apos; &apos;CT155ND&apos; &apos;CT156AG&apos; &apos;CT156HD&apos; &apos;CT157JA&apos; &apos;CT161AN&apos;
 &apos;CT161JZ&apos; &apos;CT161RW&apos; &apos;CT162AX&apos; &apos;CT162FF&apos; &apos;CT162PW&apos; &apos;CT162QZ&apos; &apos;CT162ZZ&apos;
 &apos;CT163DS&apos; &apos;CT163HA&apos; &apos;CT163JU&apos; &apos;CT170HE&apos; &apos;CT170HX&apos; &apos;CT170SF&apos; &apos;CT170TW&apos;
 &apos;CT170UD&apos; &apos;CT179EZ&apos; &apos;CT179RZ&apos; &apos;CT187JU&apos; &apos;CT188DN&apos; &apos;CT188HL&apos; &apos;CT188JP&apos;
 &apos;CT194EF&apos; &apos;CT195JS&apos; &apos;CT195PS&apos; &apos;CT195PW&apos; &apos;CT195TF&apos; &apos;CT196PD&apos; &apos;CT201EU&apos;
 &apos;CT201RN&apos; &apos;CT202EB&apos; &apos;CT202ET&apos; &apos;CT203QD&apos; &apos;CT209TX&apos; &apos;CT20ED&apos; &apos;CT20PG&apos;
 &apos;CT214PP&apos; &apos;CT215HQ&apos; &apos;CT215JX&apos; &apos;CT216DT&apos; &apos;CT216PW&apos; &apos;CT216RA&apos; &apos;CT27DP&apos;
 &apos;CT28AW&apos; &apos;CT28GH&apos; &apos;CT29DZ&apos; &apos;CT31AB&apos; &apos;CT31BB&apos; &apos;CT31BS&apos; &apos;CT32BD&apos; &apos;CT32BG&apos;
 &apos;CT33EN&apos; &apos;CT34HZ&apos; &apos;CT45AJ&apos; &apos;CT45AN&apos; &apos;CT45HN&apos; &apos;CT45LL&apos; &apos;CT46DF&apos; &apos;CT46EX&apos;
 &apos;CT46YB&apos; &apos;CT47DT&apos; &apos;CT47ER&apos; &apos;CT47PE&apos; &apos;CT51AF&apos; &apos;CT51BB&apos; &apos;CT51EZ&apos; &apos;CT51JJ&apos;
 &apos;CT51RD&apos; &apos;CT52BD&apos; &apos;CT52NX&apos; &apos;CT53JB&apos; &apos;CT54TZ&apos; &apos;CT65WD&apos; &apos;CT66JW&apos; &apos;CT66PT&apos;
 &apos;CT66SE&apos; &apos;CT67AY&apos; &apos;CT67EU&apos; &apos;CT67LT&apos; &apos;CT67QF&apos; &apos;CT68AR&apos; &apos;CT68BE&apos; &apos;CT68BQ&apos;
 &apos;CT68DG&apos; &apos;CT68JH&apos; &apos;CT68NG&apos; &apos;CT68TB&apos; &apos;CT70AG&apos; &apos;CT70BN&apos; &apos;CT79DS&apos; &apos;CT79LH&apos;
 &apos;CT79WU&apos; &apos;CT79XG&apos; &apos;CT88HL&apos; &apos;CT88JB&apos; &apos;CT88NX&apos; &apos;CT88SJ&apos; &apos;CT91EH&apos; &apos;CT91HH&apos;
 &apos;CT91PN&apos; &apos;CT91SE&apos; &apos;CT92AE&apos; &apos;CT92BY&apos; &apos;CT92DZ&apos; &apos;CT92LP&apos; &apos;CT92SH&apos; &apos;CT92TD&apos;
 &apos;CT93SP&apos; &apos;CT94AQ&apos; &apos;CT99FN&apos; &apos;DA100AQ&apos; &apos;DA100ND&apos; &apos;DA101AG&apos; &apos;DA110BJ&apos;
 &apos;DA110QB&apos; &apos;DA110RY&apos; &apos;DA117JD&apos; &apos;DA117JE&apos; &apos;DA117QG&apos; &apos;DA118DZ&apos; &apos;DA118NJ&apos;
 &apos;DA119FF&apos; &apos;DA119LQ&apos; &apos;DA119NB&apos; &apos;DA11DJ&apos; &apos;DA11NP&apos; &apos;DA11UN&apos; &apos;DA122BA&apos;
 &apos;DA122JQ&apos; &apos;DA122LA&apos; &apos;DA122NB&apos; &apos;DA122SX&apos; &apos;DA124JA&apos; &apos;DA124NZ&apos; &apos;DA125JG&apos;
 &apos;DA125TB&apos; &apos;DA129SF&apos; &apos;DA12RE&apos; &apos;DA12RS&apos; &apos;DA130AY&apos; &apos;DA130DB&apos; &apos;DA130EA&apos;
 &apos;DA130EQ&apos; &apos;DA130JJ&apos; &apos;DA130ND&apos; &apos;DA130TX&apos; &apos;DA130UF&apos; &apos;DA13EL&apos; &apos;DA13EW&apos;
 &apos;DA15LP&apos; &apos;DA15LY&apos; &apos;DA15QZ&apos; &apos;DA15WF&apos; &apos;DA19NJ&apos; &apos;DA26DW&apos; &apos;DA26EP&apos; &apos;DA27DT&apos;
 &apos;DA27NQ&apos; &apos;DA27RH&apos; &apos;DA28BT&apos; &apos;DA37HF&apos; &apos;DA37LL&apos; &apos;DA38QA&apos; &apos;DA39DW&apos; &apos;DA40HU&apos;
 &apos;DA52HY&apos; &apos;DA99FD&apos; &apos;ME101HU&apos; &apos;ME101SZ&apos; &apos;ME101YT&apos; &apos;ME102GU&apos; &apos;ME102JR&apos;
 &apos;ME102JS&apos; &apos;ME102NW&apos; &apos;ME102SX&apos; &apos;ME103RD&apos; &apos;ME103TN&apos; &apos;ME104DB&apos; &apos;ME104QR&apos;
 &apos;ME104YH&apos; &apos;ME105BN&apos; &apos;ME109FP&apos; &apos;ME115EL&apos; &apos;ME122AJ&apos; &apos;ME122HD&apos; &apos;ME122HT&apos;
 &apos;ME123FF&apos; &apos;ME123RF&apos; &apos;ME130AA&apos; &apos;ME130BN&apos; &apos;ME130JP&apos; &apos;ME130PD&apos; &apos;ME130PG&apos;
 &apos;ME130TN&apos; &apos;ME137PB&apos; &apos;ME137RQ&apos; &apos;ME138DJ&apos; &apos;ME139EJ&apos; &apos;ME139HJ&apos; &apos;ME139QJ&apos;
 &apos;ME139TR&apos; &apos;ME141RL&apos; &apos;ME141UX&apos; &apos;ME142DX&apos; &apos;ME142JF&apos; &apos;ME142UQ&apos; &apos;ME143JF&apos;
 &apos;ME143LH&apos; &apos;ME143LQ&apos; &apos;ME144BD&apos; &apos;ME144QR&apos; &apos;ME145NX&apos; &apos;ME149SJ&apos; &apos;ME149YD&apos;
 &apos;ME150DX&apos; &apos;ME150LE&apos; &apos;ME150LS&apos; &apos;ME156TG&apos; &apos;ME156TW&apos; &apos;ME156UJ&apos; &apos;ME157JE&apos;
 &apos;ME157QA&apos; &apos;ME157UE&apos; &apos;ME158AN&apos; &apos;ME158DF&apos; &apos;ME158HJ&apos; &apos;ME158NB&apos; &apos;ME158UA&apos;
 &apos;ME159DP&apos; &apos;ME159PE&apos; &apos;ME159SF&apos; &apos;ME159XX&apos; &apos;ME159ZG&apos; &apos;ME160FL&apos; &apos;ME160PJ&apos;
 &apos;ME160PX&apos; &apos;ME160UG&apos; &apos;ME168GB&apos; &apos;ME168SQ&apos; &apos;ME168SY&apos; &apos;ME168UG&apos; &apos;ME169AQ&apos;
 &apos;ME169EZ&apos; &apos;ME171PP&apos; &apos;ME172AE&apos; &apos;ME172DE&apos; &apos;ME172LL&apos; &apos;ME172QD&apos; &apos;ME173AX&apos;
 &apos;ME173EN&apos; &apos;ME173PA&apos; &apos;ME174ED&apos; &apos;ME174HD&apos; &apos;ME174UR&apos; &apos;ME186BH&apos; &apos;ME194NG&apos;
 &apos;ME196NB&apos; &apos;ME196SN&apos; &apos;ME206NH&apos; &apos;ME207HZ&apos; &apos;ME207JU&apos; &apos;ME207LA&apos; &apos;ME207NA&apos;
 &apos;ME207QA&apos; &apos;ME37DD&apos; &apos;ME37DE&apos; &apos;ME37HZ&apos; &apos;ME37NA&apos; &apos;ME59BZ&apos; &apos;ME65QF&apos; &apos;ME69HN&apos;
 &apos;ME97NF&apos; &apos;ME97SX&apos; &apos;ME98BA&apos; &apos;ME98FN&apos; &apos;ME99DR&apos; &apos;TN103EL&apos; &apos;TN103LN&apos;
 &apos;TN104HL&apos; &apos;TN104NS&apos; &apos;TN118ET&apos; &apos;TN118NN&apos; &apos;TN118QU&apos; &apos;TN119HH&apos; &apos;TN119PH&apos;
 &apos;TN119ZW&apos; &apos;TN125AD&apos; &apos;TN126DY&apos; &apos;TN127LR&apos; &apos;TN128LE&apos; &apos;TN128LJ&apos; &apos;TN129HF&apos;
 &apos;TN129SX&apos; &apos;TN129TD&apos; &apos;TN12LR&apos; &apos;TN131DP&apos; &apos;TN131DS&apos; &apos;TN131EL&apos; &apos;TN131EU&apos;
 &apos;TN132JL&apos; &apos;TN132PW&apos; &apos;TN133AQ&apos; &apos;TN133DN&apos; &apos;TN133EE&apos; &apos;TN133QW&apos; &apos;TN139QG&apos;
 &apos;TN145AN&apos; &apos;TN145RL&apos; &apos;TN146HR&apos; &apos;TN146LH&apos; &apos;TN147DU&apos; &apos;TN147DX&apos; &apos;TN150QG&apos;
 &apos;TN156DE&apos; &apos;TN156EE&apos; &apos;TN156HW&apos; &apos;TN156JQ&apos; &apos;TN156PX&apos; &apos;TN156RP&apos; &apos;TN157LX&apos;
 &apos;TN157RH&apos; &apos;TN158AR&apos; &apos;TN158NL&apos; &apos;TN158PR&apos; &apos;TN161BG&apos; &apos;TN161QN&apos; &apos;TN161RW&apos;
 &apos;TN161TU&apos; &apos;TN171HH&apos; &apos;TN172JA&apos; &apos;TN172RU&apos; &apos;TN173BA&apos; &apos;TN173BX&apos; &apos;TN174AQ&apos;
 &apos;TN184BF&apos; &apos;TN184NX&apos; &apos;TN184XP&apos; &apos;TN185AS&apos; &apos;TN185NL&apos; &apos;TN185QA&apos; &apos;TN231AT&apos;
 &apos;TN231PP&apos; &apos;TN231RE&apos; &apos;TN233EW&apos; &apos;TN233FX&apos; &apos;TN233SZ&apos; &apos;TN235AD&apos; &apos;TN235DU&apos;
 &apos;TN235DW&apos; &apos;TN235EH&apos; &apos;TN235TF&apos; &apos;TN236JT&apos; &apos;TN239QX&apos; &apos;TN23DF&apos; &apos;TN23EG&apos;
 &apos;TN23GB&apos; &apos;TN23JJ&apos; &apos;TN23LT&apos; &apos;TN240SY&apos; &apos;TN248LE&apos; &apos;TN248NY&apos; &apos;TN248TN&apos;
 &apos;TN249AE&apos; &apos;TN249BY&apos; &apos;TN249EH&apos; &apos;TN249EJ&apos; &apos;TN249HS&apos; &apos;TN249JF&apos; &apos;TN249QB&apos;
 &apos;TN249RP&apos; &apos;TN249RQ&apos; &apos;TN24NT&apos; &apos;TN254EB&apos; &apos;TN254EN&apos; &apos;TN255AU&apos; &apos;TN255DG&apos;
 &apos;TN255DL&apos; &apos;TN255HB&apos; &apos;TN256DJ&apos; &apos;TN256NR&apos; &apos;TN256PH&apos; &apos;TN257HD&apos; &apos;TN257JL&apos;
 &apos;TN25BU&apos; &apos;TN25PB&apos; &apos;TN25PZ&apos; &apos;TN261EQ&apos; &apos;TN261EX&apos; &apos;TN261LZ&apos; &apos;TN263DG&apos;
 &apos;TN270JE&apos; &apos;TN270LD&apos; &apos;TN270SY&apos; &apos;TN278BJ&apos; &apos;TN278DE&apos; &apos;TN278EW&apos; &apos;TN279AS&apos;
 &apos;TN279QG&apos; &apos;TN288AF&apos; &apos;TN288DL&apos; &apos;TN290BU&apos; &apos;TN290XW&apos; &apos;TN299JN&apos; &apos;TN306HJ&apos;
 &apos;TN306SN&apos; &apos;TN307AA&apos; &apos;TN307EB&apos; &apos;TN30HW&apos; &apos;TN30TJ&apos; &apos;TN38EQ&apos; &apos;TN38JL&apos;
 &apos;TN39AQ&apos; &apos;TN39TD&apos; &apos;TN40DS&apos; &apos;TN48DJ&apos; &apos;TN48DR&apos; &apos;TN48EF&apos; &apos;TN48EN&apos; &apos;TN48GH&apos;
 &apos;TN48PY&apos; &apos;TN49AN&apos; &apos;TN49NQ&apos; &apos;TN49PJ&apos; &apos;TN49QB&apos; &apos;TN85EU&apos; &apos;TN85HF&apos; &apos;TN85PW&apos;
 &apos;TN85YT&apos; &apos;TN86LN&apos; &apos;TN87NF&apos; &apos;TN91BL&apos; &apos;TN91RP&apos; &apos;TN92TJ&apos;]
[&apos;TN184NX&apos; &apos;CT170TW&apos; &apos;TN249HS&apos; &apos;TN255DL&apos; &apos;CT161RW&apos; &apos;TN290BU&apos; &apos;DA130DB&apos;
 &apos;DA1 2RS&apos; &apos;DA118NJ&apos; &apos;DA110BJ&apos; &apos;ME173PA&apos; &apos;TN118NN&apos; &apos;CT155JU&apos; &apos;TN1 2LR&apos;
 &apos;ME103RD&apos; &apos;TN306SN&apos; &apos;ME168SQ&apos; &apos;TN161TU&apos; &apos;DA5 2HY&apos; &apos;CT2 8GH&apos; &apos;ME174UR&apos;
 &apos;CT2 7DP&apos; &apos;ME160PJ&apos; &apos;DA117JE&apos; &apos;TN173BA&apos; &apos;CT146HZ&apos; &apos;CT102EF&apos; &apos;TN255HB&apos;
 &apos;TN128LJ&apos; &apos;ME160FL&apos; &apos;CT8 8NX&apos; &apos;ME159ZG&apos; &apos;TN4 9NQ&apos; &apos;CT7 9DS&apos; &apos;CT162AX&apos;
 &apos;ME156UJ&apos; &apos;CT161JZ&apos; &apos;CT110PR&apos; &apos;ME159SF&apos; &apos;CT6 8BQ&apos; &apos;ME139QJ&apos; &apos;CT155DJ&apos;
 &apos;TN249RP&apos; &apos;CT5 2BD&apos; &apos;TN233EW&apos; &apos;ME172QD&apos; &apos;CT146NY&apos; &apos;TN118QU&apos; &apos;ME3 7HZ&apos;
 &apos;TN261LZ&apos; &apos;TN171HH&apos; &apos;TN119PH&apos; &apos;TN145RL&apos; &apos;TN145AN&apos; &apos;TN249JF&apos; &apos;CT203QD&apos;
 &apos;TN127LR&apos; &apos;TN129SX&apos; &apos;ME130PG&apos; &apos;TN257JL&apos; &apos;DA130EQ&apos; &apos;ME158DF&apos; &apos;TN173BX&apos;
 &apos;ME160PX&apos; &apos;ME172LL&apos; &apos;ME122AJ&apos; &apos;TN290XW&apos; &apos;ME157JE&apos; &apos;DA3 7LL&apos; &apos;CT216DT&apos;
 &apos;ME102NW&apos; &apos;TN139QG&apos; &apos;CT156HD&apos; &apos;TN158AR&apos; &apos;DA1 5WF&apos; &apos;CT149BY&apos; &apos;DA129SF&apos;
 &apos;CT4 7DT&apos; &apos;TN156DE&apos; &apos;ME196SN&apos; &apos;TN261EQ&apos; &apos;DA2 8BT&apos; &apos;CT130WU&apos; &apos;CT9 4AQ&apos;
 &apos;DA124NZ&apos; &apos;CT156AG&apos; &apos;CT8 8SJ&apos; &apos;TN278DE&apos; &apos;CT6 8TB&apos; &apos;BR8 8AQ&apos; &apos;CT5 2NX&apos;
 &apos;ME169EZ&apos; &apos;DA130JJ&apos; &apos;TN4 9PJ&apos; &apos;CT161AN&apos; &apos;TN278EW&apos; &apos;ME206NH&apos; &apos;ME150DX&apos;
 &apos;TN133EE&apos; &apos;TN256NR&apos; &apos;ME139EJ&apos; &apos;CT118AY&apos; &apos;CT3 1AB&apos; &apos;TN249AE&apos; &apos;CT170HX&apos;
 &apos;CT149DW&apos; &apos;TN288AF&apos; &apos;CT170UD&apos; &apos;ME149SJ&apos; &apos;CT9 2SH&apos; &apos;CT187JU&apos; &apos;CT7 9XG&apos;
 &apos;TN131DP&apos; &apos;CT6 6JW&apos; &apos;TN249EH&apos; &apos;TN157LX&apos; &apos;TN3 8JL&apos; &apos;CT124BW&apos; &apos;TN128LE&apos;
 &apos;TN8 6LN&apos; &apos;TN248NY&apos; &apos;ME174HD&apos; &apos;TN270LD&apos; &apos;CT7 9WU&apos; &apos;ME101SZ&apos; &apos;TN235AD&apos;
 &apos;TN4 8DJ&apos; &apos;ME3 7DE&apos; &apos;ME102GU&apos; &apos;DA124JA&apos; &apos;ME9 8FN&apos; &apos;ME207JU&apos; &apos;CT4 5LL&apos;
 &apos;ME158UA&apos; &apos;ME141RL&apos; &apos;TN307AA&apos; &apos;TN257HD&apos; &apos;DA9 9FD&apos; &apos;CT5 4TZ&apos; &apos;TN240SY&apos;
 &apos;ME169AQ&apos; &apos;CT9 9FN&apos; &apos;CT6 5WD&apos; &apos;ME159DP&apos; &apos;CT5 1RD&apos; &apos;CT157JA&apos; &apos;DA2 7DT&apos;
 &apos;TN2 3DF&apos; &apos;ME157UE&apos; &apos;ME105BN&apos; &apos;CT194EF&apos; &apos;ME142UQ&apos; &apos;TN131EU&apos; &apos;CT3 1BB&apos;
 &apos;ME158AN&apos; &apos;TN278BJ&apos; &apos;CT6 8BE&apos; &apos;ME141UX&apos; &apos;ME150LE&apos; &apos;TN2 3GB&apos; &apos;CT9 3SP&apos;
 &apos;TN133QW&apos; &apos;TN156JQ&apos; &apos;ME130TN&apos; &apos;ME115EL&apos; &apos;CT147QL&apos; &apos;TN104NS&apos; &apos;CT147FL&apos;
 &apos;DA122NB&apos; &apos;TN157RH&apos; &apos;CT3 2BD&apos; &apos;TN235DW&apos; &apos;TN2 5BU&apos; &apos;ME156TG&apos; &apos;ME144BD&apos;
 &apos;TN8 5HF&apos; &apos;TN231AT&apos; &apos;CT119JS&apos; &apos;CT2 0ED&apos; &apos;CT3 3EN&apos; &apos;ME104QR&apos; &apos;ME149YD&apos;
 &apos;ME130BN&apos; &apos;CT101PE&apos; &apos;CT163DS&apos; &apos;TN129TD&apos; &apos;TN126DY&apos; &apos;ME142DX&apos; &apos;DA3 7HF&apos;
 &apos;ME103TN&apos; &apos;ME157QA&apos; &apos;TN184BF&apos; &apos;CT4 5AJ&apos; &apos;ME101YT&apos; &apos;TN2 4NT&apos; &apos;CT162FF&apos;
 &apos;TN103EL&apos; &apos;CT147JL&apos; &apos;DA101AG&apos; &apos;TN3 0HW&apos; &apos;TN4 9QB&apos; &apos;TN3 9AQ&apos; &apos;CT126EQ&apos;
 &apos;CT9 2LP&apos; &apos;DA1 5LY&apos; &apos;TN147DU&apos; &apos;DA1 3EW&apos; &apos;DA110QB&apos; &apos;ME160UG&apos; &apos;DA1 3EL&apos;
 &apos;ME143LQ&apos; &apos;DA100AQ&apos; &apos;TN119HH&apos; &apos;ME150LS&apos; &apos;CT6 7QF&apos; &apos;DA119LQ&apos; &apos;CT148ER&apos;
 &apos;TN119ZW&apos; &apos;CT5 1AF&apos; &apos;CT6 6SE&apos; &apos;DA4 0HU&apos; &apos;CT126TB&apos; &apos;ME144QR&apos; &apos;CT215HQ&apos;
 &apos;ME173AX&apos; &apos;TN8 5EU&apos; &apos;CT5 1JJ&apos; &apos;ME104DB&apos; &apos;CT8 8HL&apos; &apos;TN4 8EN&apos; &apos;TN235TF&apos;
 &apos;ME122HT&apos; &apos;TN279QG&apos; &apos;DA1 1NP&apos; &apos;DA130TX&apos; &apos;DA2 6DW&apos; &apos;DA117JD&apos; &apos;ME137RQ&apos;
 &apos;ME9 9DR&apos; &apos;CT140NG&apos; &apos;CT2 0PG&apos; &apos;CT188JP&apos; &apos;CT119NG&apos; &apos;TN235DU&apos; &apos;TN185QA&apos;
 &apos;CT163HA&apos; &apos;DA1 1DJ&apos; &apos;CT147HL&apos; &apos;TN156HW&apos; &apos;DA130UF&apos; &apos;TN263DG&apos; &apos;CT170SF&apos;
 &apos;ME101HU&apos; &apos;TN156EE&apos; &apos;TN2 5PZ&apos; &apos;TN261EX&apos; &apos;CT9 1SE&apos; &apos;TN9 1BL&apos; &apos;CT4 7PE&apos;
 &apos;CT9 1PN&apos; &apos;CT1 2FU&apos; &apos;TN4 9AN&apos; &apos;TN129HF&apos; &apos;ME9 7NF&apos; &apos;TN174AQ&apos; &apos;TN249EJ&apos;
 &apos;TN9 1RP&apos; &apos;DA2 7RH&apos; &apos;CT110PH&apos; &apos;CT6 7LT&apos; &apos;CT101LQ&apos; &apos;CT9 2DZ&apos; &apos;TN4 8GH&apos;
 &apos;CT1 2AQ&apos; &apos;CT110LX&apos; &apos;CT6 7AY&apos; &apos;ME168SY&apos; &apos;CT6 8DG&apos; &apos;CT126AJ&apos; &apos;TN161BG&apos;
 &apos;ME174ED&apos; &apos;CT1 2BF&apos; &apos;CT6 8JH&apos; &apos;TN256PH&apos; &apos;CT117PD&apos; &apos;TN146HR&apos; &apos;CT4 6YB&apos;
 &apos;TN255AU&apos; &apos;DA130ND&apos; &apos;CT5 1EZ&apos; &apos;ME145NX&apos; &apos;DA122LA&apos; &apos;CT3 4HZ&apos; &apos;TN248TN&apos;
 &apos;CT2 9DZ&apos; &apos;DA110RY&apos; &apos;CT147FD&apos; &apos;TN254EN&apos; &apos;DA122JQ&apos; &apos;DA117QG&apos; &apos;TN131EL&apos;
 &apos;ME143LH&apos; &apos;CT126AH&apos; &apos;CT130LX&apos; &apos;TN104HL&apos; &apos;CT179RZ&apos; &apos;TN3 8EQ&apos; &apos;CT1 1XG&apos;
 &apos;ME123FF&apos; &apos;DA3 8QA&apos; &apos;ME139TR&apos; &apos;DA1 2RE&apos; &apos;DA1 9NJ&apos; &apos;CT9 1HH&apos; &apos;TN306HJ&apos;
 &apos;CT139BQ&apos; &apos;ME156TW&apos; &apos;ME159PE&apos; &apos;TN2 3EG&apos; &apos;TN4 0DS&apos; &apos;CT209TX&apos; &apos;ME139HJ&apos;
 &apos;ME207QA&apos; &apos;TN239QX&apos; &apos;ME171PP&apos; &apos;CT155LF&apos; &apos;CT149BA&apos; &apos;DA122SX&apos; &apos;TN8 5PW&apos;
 &apos;CT162QZ&apos; &apos;TN233FX&apos; &apos;TN2 5PB&apos; &apos;ME194NG&apos; &apos;ME137PB&apos; &apos;TN254EB&apos; &apos;ME122HD&apos;
 &apos;ME6 9HN&apos; &apos;ME143JF&apos; &apos;TN233SZ&apos; &apos;ME172AE&apos; &apos;TN299JN&apos; &apos;TN2 3LT&apos; &apos;CT162ZZ&apos;
 &apos;DA130AY&apos; &apos;TN4 8PY&apos; &apos;CT4 6DF&apos; &apos;DA1 1UN&apos; &apos;CT202EB&apos; &apos;TN231PP&apos; &apos;TN184XP&apos;
 &apos;TN158NL&apos; &apos;TN133DN&apos; &apos;CT154HB&apos; &apos;TN161RW&apos; &apos;TN172RU&apos; &apos;CT130BN&apos; &apos;ME158NB&apos;
 &apos;CT7 0BN&apos; &apos;ME102SX&apos; &apos;CT7 9LH&apos; &apos;TN2 3JJ&apos; &apos;TN249BY&apos; &apos;TN132PW&apos; &apos;CT155ND&apos;
 &apos;CT140BD&apos; &apos;TN147DX&apos; &apos;TN249QB&apos; &apos;BR8 8NT&apos; &apos;DA3 9DW&apos; &apos;CT101SL&apos; &apos;ME168UG&apos;
 &apos;ME5 9BZ&apos; &apos;CT1 2HP&apos; &apos;ME123RF&apos; &apos;TN235EH&apos; &apos;TN4 8EF&apos; &apos;ME3 7DD&apos; &apos;ME9 8BA&apos;
 &apos;CT155LG&apos; &apos;ME168GB&apos; &apos;DA1 5LP&apos; &apos;TN185AS&apos; &apos;CT162PW&apos; &apos;CT216RA&apos; &apos;TN156RP&apos;
 &apos;CT9 2BY&apos; &apos;TN236JT&apos; &apos;CT195PS&apos; &apos;TN288DL&apos; &apos;BR8 7LA&apos; &apos;TN270JE&apos; &apos;ME9 7SX&apos;
 &apos;CT3 2BG&apos; &apos;CT7 0AG&apos; &apos;TN307EB&apos; &apos;CT6 6PT&apos; &apos;TN279AS&apos; &apos;TN131DS&apos; &apos;ME207HZ&apos;
 &apos;TN249RQ&apos; &apos;DA130EA&apos; &apos;DA118DZ&apos; &apos;CT9 1EH&apos; &apos;CT118JD&apos; &apos;CT1 3RP&apos; &apos;ME158HJ&apos;
 &apos;CT6 8AR&apos; &apos;ME6 5QF&apos; &apos;TN248LE&apos; &apos;ME138DJ&apos; &apos;CT188HL&apos; &apos;CT146EU&apos; &apos;CT9 2AE&apos;
 &apos;ME130PD&apos; &apos;CT170HE&apos; &apos;CT125EQ&apos; &apos;CT201EU&apos; &apos;CT4 7ER&apos; &apos;ME3 7NA&apos; &apos;CT149LB&apos;
 &apos;TN103LN&apos; &apos;CT163JU&apos; &apos;ME173EN&apos; &apos;TN3 0TJ&apos; &apos;TN270SY&apos; &apos;DA2 6EP&apos; &apos;CT2 8AW&apos;
 &apos;TN146LH&apos; &apos;ME142JF&apos; &apos;CT4 5HN&apos; &apos;TN132JL&apos; &apos;CT4 5AN&apos; &apos;TN8 7NF&apos; &apos;TN231RE&apos;
 &apos;TN161QN&apos; &apos;TN256DJ&apos; &apos;TN185NL&apos; &apos;CT1 1HL&apos; &apos;CT196PD&apos; &apos;TN255DG&apos; &apos;ME130JP&apos;
 &apos;CT1 1HX&apos; &apos;TN172JA&apos; &apos;CT179EZ&apos; &apos;TN8 5YT&apos; &apos;CT9 2TD&apos; &apos;ME207LA&apos; &apos;DA2 7NQ&apos;
 &apos;CT154BZ&apos; &apos;TN156PX&apos; &apos;CT1 3UQ&apos; &apos;ME196NB&apos; &apos;CT195JS&apos; &apos;ME109FP&apos; &apos;CT201RN&apos;
 &apos;CT214PP&apos; &apos;CT202ET&apos; &apos;TN133AQ&apos; &apos;CT6 7EU&apos; &apos;ME130AA&apos; &apos;CT188DN&apos; &apos;TN9 2TJ&apos;
 &apos;ME207NA&apos; &apos;DA100ND&apos; &apos;CT216PW&apos; &apos;ME186BH&apos; &apos;ME102JR&apos; &apos;TN3 9TD&apos; &apos;DA1 5QZ&apos;
 &apos;DA119NB&apos; &apos;CT215JX&apos; &apos;CT8 8JB&apos; &apos;DA125JG&apos; &apos;TN4 8DR&apos; &apos;TN118ET&apos; &apos;CT195TF&apos;
 &apos;CT4 6EX&apos; &apos;DA125TB&apos; &apos;CT195PW&apos; &apos;CT5 1BB&apos; &apos;ME102JS&apos; &apos;TN158PR&apos; &apos;ME104YH&apos;
 &apos;DA122BA&apos; &apos;TN150QG&apos; &apos;CT3 1BS&apos; &apos;CT124AH&apos; &apos;CT154AT&apos; &apos;CT5 3JB&apos; &apos;CT6 8NG&apos;
 &apos;ME159XX&apos; &apos;TN125AD&apos; &apos;ME172DE&apos; &apos;CT140EZ&apos; &apos;DA119FF&apos;]
[&apos;BR87LA&apos; &apos;BR88AQ&apos; &apos;BR88NT&apos; &apos;CT101LQ&apos; &apos;CT101PE&apos; &apos;CT101SL&apos; &apos;CT102EF&apos;
 &apos;CT110LX&apos; &apos;CT110PH&apos; &apos;CT110PR&apos; &apos;CT117PD&apos; &apos;CT118AY&apos; &apos;CT118JD&apos; &apos;CT119JS&apos;
 &apos;CT119NG&apos; &apos;CT11HL&apos; &apos;CT11HX&apos; &apos;CT11XG&apos; &apos;CT124AH&apos; &apos;CT124BW&apos; &apos;CT125EQ&apos;
 &apos;CT126AH&apos; &apos;CT126AJ&apos; &apos;CT126EQ&apos; &apos;CT126TB&apos; &apos;CT12AQ&apos; &apos;CT12BF&apos; &apos;CT12FU&apos;
 &apos;CT12HP&apos; &apos;CT130BN&apos; &apos;CT130LX&apos; &apos;CT130WU&apos; &apos;CT139BQ&apos; &apos;CT13RP&apos; &apos;CT13UQ&apos;
 &apos;CT140BD&apos; &apos;CT140EZ&apos; &apos;CT140NG&apos; &apos;CT146EU&apos; &apos;CT146HZ&apos; &apos;CT146NY&apos; &apos;CT147FD&apos;
 &apos;CT147FL&apos; &apos;CT147HL&apos; &apos;CT147JL&apos; &apos;CT147QL&apos; &apos;CT148ER&apos; &apos;CT149BA&apos; &apos;CT149BY&apos;
 &apos;CT149DW&apos; &apos;CT149LB&apos; &apos;CT154AT&apos; &apos;CT154BZ&apos; &apos;CT154HB&apos; &apos;CT155DJ&apos; &apos;CT155JU&apos;
 &apos;CT155LF&apos; &apos;CT155LG&apos; &apos;CT155ND&apos; &apos;CT156AG&apos; &apos;CT156HD&apos; &apos;CT157JA&apos; &apos;CT161AN&apos;
 &apos;CT161JZ&apos; &apos;CT161RW&apos; &apos;CT162AX&apos; &apos;CT162FF&apos; &apos;CT162PW&apos; &apos;CT162QZ&apos; &apos;CT162ZZ&apos;
 &apos;CT163DS&apos; &apos;CT163HA&apos; &apos;CT163JU&apos; &apos;CT170HE&apos; &apos;CT170HX&apos; &apos;CT170SF&apos; &apos;CT170TW&apos;
 &apos;CT170UD&apos; &apos;CT179EZ&apos; &apos;CT179RZ&apos; &apos;CT187JU&apos; &apos;CT188DN&apos; &apos;CT188HL&apos; &apos;CT188JP&apos;
 &apos;CT194EF&apos; &apos;CT195JS&apos; &apos;CT195PS&apos; &apos;CT195PW&apos; &apos;CT195TF&apos; &apos;CT196PD&apos; &apos;CT201EU&apos;
 &apos;CT201RN&apos; &apos;CT202EB&apos; &apos;CT202ET&apos; &apos;CT203QD&apos; &apos;CT209TX&apos; &apos;CT20ED&apos; &apos;CT20PG&apos;
 &apos;CT214PP&apos; &apos;CT215HQ&apos; &apos;CT215JX&apos; &apos;CT216DT&apos; &apos;CT216PW&apos; &apos;CT216RA&apos; &apos;CT27DP&apos;
 &apos;CT28AW&apos; &apos;CT28GH&apos; &apos;CT29DZ&apos; &apos;CT31AB&apos; &apos;CT31BB&apos; &apos;CT31BS&apos; &apos;CT32BD&apos; &apos;CT32BG&apos;
 &apos;CT33EN&apos; &apos;CT34HZ&apos; &apos;CT45AJ&apos; &apos;CT45AN&apos; &apos;CT45HN&apos; &apos;CT45LL&apos; &apos;CT46DF&apos; &apos;CT46EX&apos;
 &apos;CT46YB&apos; &apos;CT47DT&apos; &apos;CT47ER&apos; &apos;CT47PE&apos; &apos;CT51AF&apos; &apos;CT51BB&apos; &apos;CT51EZ&apos; &apos;CT51JJ&apos;
 &apos;CT51RD&apos; &apos;CT52BD&apos; &apos;CT52NX&apos; &apos;CT53JB&apos; &apos;CT54TZ&apos; &apos;CT65WD&apos; &apos;CT66JW&apos; &apos;CT66PT&apos;
 &apos;CT66SE&apos; &apos;CT67AY&apos; &apos;CT67EU&apos; &apos;CT67LT&apos; &apos;CT67QF&apos; &apos;CT68AR&apos; &apos;CT68BE&apos; &apos;CT68BQ&apos;
 &apos;CT68DG&apos; &apos;CT68JH&apos; &apos;CT68NG&apos; &apos;CT68TB&apos; &apos;CT70AG&apos; &apos;CT70BN&apos; &apos;CT79DS&apos; &apos;CT79LH&apos;
 &apos;CT79WU&apos; &apos;CT79XG&apos; &apos;CT88HL&apos; &apos;CT88JB&apos; &apos;CT88NX&apos; &apos;CT88SJ&apos; &apos;CT91EH&apos; &apos;CT91HH&apos;
 &apos;CT91PN&apos; &apos;CT91SE&apos; &apos;CT92AE&apos; &apos;CT92BY&apos; &apos;CT92DZ&apos; &apos;CT92LP&apos; &apos;CT92SH&apos; &apos;CT92TD&apos;
 &apos;CT93SP&apos; &apos;CT94AQ&apos; &apos;CT99FN&apos; &apos;DA100AQ&apos; &apos;DA100ND&apos; &apos;DA101AG&apos; &apos;DA110BJ&apos;
 &apos;DA110QB&apos; &apos;DA110RY&apos; &apos;DA117JD&apos; &apos;DA117JE&apos; &apos;DA117QG&apos; &apos;DA118DZ&apos; &apos;DA118NJ&apos;
 &apos;DA119FF&apos; &apos;DA119LQ&apos; &apos;DA119NB&apos; &apos;DA11DJ&apos; &apos;DA11NP&apos; &apos;DA11UN&apos; &apos;DA122BA&apos;
 &apos;DA122JQ&apos; &apos;DA122LA&apos; &apos;DA122NB&apos; &apos;DA122SX&apos; &apos;DA124JA&apos; &apos;DA124NZ&apos; &apos;DA125JG&apos;
 &apos;DA125TB&apos; &apos;DA129SF&apos; &apos;DA12RE&apos; &apos;DA12RS&apos; &apos;DA130AY&apos; &apos;DA130DB&apos; &apos;DA130EA&apos;
 &apos;DA130EQ&apos; &apos;DA130JJ&apos; &apos;DA130ND&apos; &apos;DA130TX&apos; &apos;DA130UF&apos; &apos;DA13EL&apos; &apos;DA13EW&apos;
 &apos;DA15LP&apos; &apos;DA15LY&apos; &apos;DA15QZ&apos; &apos;DA15WF&apos; &apos;DA19NJ&apos; &apos;DA26DW&apos; &apos;DA26EP&apos; &apos;DA27DT&apos;
 &apos;DA27NQ&apos; &apos;DA27RH&apos; &apos;DA28BT&apos; &apos;DA37HF&apos; &apos;DA37LL&apos; &apos;DA38QA&apos; &apos;DA39DW&apos; &apos;DA40HU&apos;
 &apos;DA52HY&apos; &apos;DA99FD&apos; &apos;ME101HU&apos; &apos;ME101SZ&apos; &apos;ME101YT&apos; &apos;ME102GU&apos; &apos;ME102JR&apos;
 &apos;ME102JS&apos; &apos;ME102NW&apos; &apos;ME102SX&apos; &apos;ME103RD&apos; &apos;ME103TN&apos; &apos;ME104DB&apos; &apos;ME104QR&apos;
 &apos;ME104YH&apos; &apos;ME105BN&apos; &apos;ME109FP&apos; &apos;ME115EL&apos; &apos;ME122AJ&apos; &apos;ME122HD&apos; &apos;ME122HT&apos;
 &apos;ME123FF&apos; &apos;ME123RF&apos; &apos;ME130AA&apos; &apos;ME130BN&apos; &apos;ME130JP&apos; &apos;ME130PD&apos; &apos;ME130PG&apos;
 &apos;ME130TN&apos; &apos;ME137PB&apos; &apos;ME137RQ&apos; &apos;ME138DJ&apos; &apos;ME139EJ&apos; &apos;ME139HJ&apos; &apos;ME139QJ&apos;
 &apos;ME139TR&apos; &apos;ME141RL&apos; &apos;ME141UX&apos; &apos;ME142DX&apos; &apos;ME142JF&apos; &apos;ME142UQ&apos; &apos;ME143JF&apos;
 &apos;ME143LH&apos; &apos;ME143LQ&apos; &apos;ME144BD&apos; &apos;ME144QR&apos; &apos;ME145NX&apos; &apos;ME149SJ&apos; &apos;ME149YD&apos;
 &apos;ME150DX&apos; &apos;ME150LE&apos; &apos;ME150LS&apos; &apos;ME156TG&apos; &apos;ME156TW&apos; &apos;ME156UJ&apos; &apos;ME157JE&apos;
 &apos;ME157QA&apos; &apos;ME157UE&apos; &apos;ME158AN&apos; &apos;ME158DF&apos; &apos;ME158HJ&apos; &apos;ME158NB&apos; &apos;ME158UA&apos;
 &apos;ME159DP&apos; &apos;ME159PE&apos; &apos;ME159SF&apos; &apos;ME159XX&apos; &apos;ME159ZG&apos; &apos;ME160FL&apos; &apos;ME160PJ&apos;
 &apos;ME160PX&apos; &apos;ME160UG&apos; &apos;ME168GB&apos; &apos;ME168SQ&apos; &apos;ME168SY&apos; &apos;ME168UG&apos; &apos;ME169AQ&apos;
 &apos;ME169EZ&apos; &apos;ME171PP&apos; &apos;ME172AE&apos; &apos;ME172DE&apos; &apos;ME172LL&apos; &apos;ME172QD&apos; &apos;ME173AX&apos;
 &apos;ME173EN&apos; &apos;ME173PA&apos; &apos;ME174ED&apos; &apos;ME174HD&apos; &apos;ME174UR&apos; &apos;ME186BH&apos; &apos;ME194NG&apos;
 &apos;ME196NB&apos; &apos;ME196SN&apos; &apos;ME206NH&apos; &apos;ME207HZ&apos; &apos;ME207JU&apos; &apos;ME207LA&apos; &apos;ME207NA&apos;
 &apos;ME207QA&apos; &apos;ME37DD&apos; &apos;ME37DE&apos; &apos;ME37HZ&apos; &apos;ME37NA&apos; &apos;ME59BZ&apos; &apos;ME65QF&apos; &apos;ME69HN&apos;
 &apos;ME97NF&apos; &apos;ME97SX&apos; &apos;ME98BA&apos; &apos;ME98FN&apos; &apos;ME99DR&apos; &apos;TN103EL&apos; &apos;TN103LN&apos;
 &apos;TN104HL&apos; &apos;TN104NS&apos; &apos;TN118ET&apos; &apos;TN118NN&apos; &apos;TN118QU&apos; &apos;TN119HH&apos; &apos;TN119PH&apos;
 &apos;TN119ZW&apos; &apos;TN125AD&apos; &apos;TN126DY&apos; &apos;TN127LR&apos; &apos;TN128LE&apos; &apos;TN128LJ&apos; &apos;TN129HF&apos;
 &apos;TN129SX&apos; &apos;TN129TD&apos; &apos;TN12LR&apos; &apos;TN131DP&apos; &apos;TN131DS&apos; &apos;TN131EL&apos; &apos;TN131EU&apos;
 &apos;TN132JL&apos; &apos;TN132PW&apos; &apos;TN133AQ&apos; &apos;TN133DN&apos; &apos;TN133EE&apos; &apos;TN133QW&apos; &apos;TN139QG&apos;
 &apos;TN145AN&apos; &apos;TN145RL&apos; &apos;TN146HR&apos; &apos;TN146LH&apos; &apos;TN147DU&apos; &apos;TN147DX&apos; &apos;TN150QG&apos;
 &apos;TN156DE&apos; &apos;TN156EE&apos; &apos;TN156HW&apos; &apos;TN156JQ&apos; &apos;TN156PX&apos; &apos;TN156RP&apos; &apos;TN157LX&apos;
 &apos;TN157RH&apos; &apos;TN158AR&apos; &apos;TN158NL&apos; &apos;TN158PR&apos; &apos;TN161BG&apos; &apos;TN161QN&apos; &apos;TN161RW&apos;
 &apos;TN161TU&apos; &apos;TN171HH&apos; &apos;TN172JA&apos; &apos;TN172RU&apos; &apos;TN173BA&apos; &apos;TN173BX&apos; &apos;TN174AQ&apos;
 &apos;TN184BF&apos; &apos;TN184NX&apos; &apos;TN184XP&apos; &apos;TN185AS&apos; &apos;TN185NL&apos; &apos;TN185QA&apos; &apos;TN231AT&apos;
 &apos;TN231PP&apos; &apos;TN231RE&apos; &apos;TN233EW&apos; &apos;TN233FX&apos; &apos;TN233SZ&apos; &apos;TN235AD&apos; &apos;TN235DU&apos;
 &apos;TN235DW&apos; &apos;TN235EH&apos; &apos;TN235TF&apos; &apos;TN236JT&apos; &apos;TN239QX&apos; &apos;TN23DF&apos; &apos;TN23EG&apos;
 &apos;TN23GB&apos; &apos;TN23JJ&apos; &apos;TN23LT&apos; &apos;TN240SY&apos; &apos;TN248LE&apos; &apos;TN248NY&apos; &apos;TN248TN&apos;
 &apos;TN249AE&apos; &apos;TN249BY&apos; &apos;TN249EH&apos; &apos;TN249EJ&apos; &apos;TN249HS&apos; &apos;TN249JF&apos; &apos;TN249QB&apos;
 &apos;TN249RP&apos; &apos;TN249RQ&apos; &apos;TN24NT&apos; &apos;TN254EB&apos; &apos;TN254EN&apos; &apos;TN255AU&apos; &apos;TN255DG&apos;
 &apos;TN255DL&apos; &apos;TN255HB&apos; &apos;TN256DJ&apos; &apos;TN256NR&apos; &apos;TN256PH&apos; &apos;TN257HD&apos; &apos;TN257JL&apos;
 &apos;TN25BU&apos; &apos;TN25PB&apos; &apos;TN25PZ&apos; &apos;TN261EQ&apos; &apos;TN261EX&apos; &apos;TN261LZ&apos; &apos;TN263DG&apos;
 &apos;TN270JE&apos; &apos;TN270LD&apos; &apos;TN270SY&apos; &apos;TN278BJ&apos; &apos;TN278DE&apos; &apos;TN278EW&apos; &apos;TN279AS&apos;
 &apos;TN279QG&apos; &apos;TN288AF&apos; &apos;TN288DL&apos; &apos;TN290BU&apos; &apos;TN290XW&apos; &apos;TN299JN&apos; &apos;TN306HJ&apos;
 &apos;TN306SN&apos; &apos;TN307AA&apos; &apos;TN307EB&apos; &apos;TN30HW&apos; &apos;TN30TJ&apos; &apos;TN38EQ&apos; &apos;TN38JL&apos;
 &apos;TN39AQ&apos; &apos;TN39TD&apos; &apos;TN40DS&apos; &apos;TN48DJ&apos; &apos;TN48DR&apos; &apos;TN48EF&apos; &apos;TN48EN&apos; &apos;TN48GH&apos;
 &apos;TN48PY&apos; &apos;TN49AN&apos; &apos;TN49NQ&apos; &apos;TN49PJ&apos; &apos;TN49QB&apos; &apos;TN85EU&apos; &apos;TN85HF&apos; &apos;TN85PW&apos;
 &apos;TN85YT&apos; &apos;TN86LN&apos; &apos;TN87NF&apos; &apos;TN91BL&apos; &apos;TN91RP&apos; &apos;TN92TJ&apos;]
[&apos;TN184NX&apos; &apos;CT170TW&apos; &apos;TN249HS&apos; &apos;TN255DL&apos; &apos;CT161RW&apos; &apos;TN290BU&apos; &apos;DA130DB&apos;
 &apos;DA1 2RS&apos; &apos;DA118NJ&apos; &apos;DA110BJ&apos; &apos;ME173PA&apos; &apos;TN118NN&apos; &apos;CT155JU&apos; &apos;TN1 2LR&apos;
 &apos;ME103RD&apos; &apos;TN306SN&apos; &apos;ME168SQ&apos; &apos;TN161TU&apos; &apos;DA5 2HY&apos; &apos;CT2 8GH&apos; &apos;ME174UR&apos;
 &apos;CT2 7DP&apos; &apos;ME160PJ&apos; &apos;DA117JE&apos; &apos;TN173BA&apos; &apos;CT146HZ&apos; &apos;CT102EF&apos; &apos;TN255HB&apos;
 &apos;TN128LJ&apos; &apos;ME160FL&apos; &apos;CT8 8NX&apos; &apos;ME159ZG&apos; &apos;TN4 9NQ&apos; &apos;CT7 9DS&apos; &apos;CT162AX&apos;
 &apos;ME156UJ&apos; &apos;CT161JZ&apos; &apos;CT110PR&apos; &apos;ME159SF&apos; &apos;CT6 8BQ&apos; &apos;ME139QJ&apos; &apos;CT155DJ&apos;
 &apos;TN249RP&apos; &apos;CT5 2BD&apos; &apos;TN233EW&apos; &apos;ME172QD&apos; &apos;CT146NY&apos; &apos;TN118QU&apos; &apos;ME3 7HZ&apos;
 &apos;TN261LZ&apos; &apos;TN171HH&apos; &apos;TN119PH&apos; &apos;TN145RL&apos; &apos;TN145AN&apos; &apos;TN249JF&apos; &apos;CT203QD&apos;
 &apos;TN127LR&apos; &apos;TN129SX&apos; &apos;ME130PG&apos; &apos;TN257JL&apos; &apos;DA130EQ&apos; &apos;ME158DF&apos; &apos;TN173BX&apos;
 &apos;ME160PX&apos; &apos;ME172LL&apos; &apos;ME122AJ&apos; &apos;TN290XW&apos; &apos;ME157JE&apos; &apos;DA3 7LL&apos; &apos;CT216DT&apos;
 &apos;ME102NW&apos; &apos;TN139QG&apos; &apos;CT156HD&apos; &apos;TN158AR&apos; &apos;DA1 5WF&apos; &apos;CT149BY&apos; &apos;DA129SF&apos;
 &apos;CT4 7DT&apos; &apos;TN156DE&apos; &apos;ME196SN&apos; &apos;TN261EQ&apos; &apos;DA2 8BT&apos; &apos;CT130WU&apos; &apos;CT9 4AQ&apos;
 &apos;DA124NZ&apos; &apos;CT156AG&apos; &apos;CT8 8SJ&apos; &apos;TN278DE&apos; &apos;CT6 8TB&apos; &apos;BR8 8AQ&apos; &apos;CT5 2NX&apos;
 &apos;ME169EZ&apos; &apos;DA130JJ&apos; &apos;TN4 9PJ&apos; &apos;CT161AN&apos; &apos;TN278EW&apos; &apos;ME206NH&apos; &apos;ME150DX&apos;
 &apos;TN133EE&apos; &apos;TN256NR&apos; &apos;ME139EJ&apos; &apos;CT118AY&apos; &apos;CT3 1AB&apos; &apos;TN249AE&apos; &apos;CT170HX&apos;
 &apos;CT149DW&apos; &apos;TN288AF&apos; &apos;CT170UD&apos; &apos;ME149SJ&apos; &apos;CT9 2SH&apos; &apos;CT187JU&apos; &apos;CT7 9XG&apos;
 &apos;TN131DP&apos; &apos;CT6 6JW&apos; &apos;TN249EH&apos; &apos;TN157LX&apos; &apos;TN3 8JL&apos; &apos;CT124BW&apos; &apos;TN128LE&apos;
 &apos;TN8 6LN&apos; &apos;TN248NY&apos; &apos;ME174HD&apos; &apos;TN270LD&apos; &apos;CT7 9WU&apos; &apos;ME101SZ&apos; &apos;TN235AD&apos;
 &apos;TN4 8DJ&apos; &apos;ME3 7DE&apos; &apos;ME102GU&apos; &apos;DA124JA&apos; &apos;ME9 8FN&apos; &apos;ME207JU&apos; &apos;CT4 5LL&apos;
 &apos;ME158UA&apos; &apos;ME141RL&apos; &apos;TN307AA&apos; &apos;TN257HD&apos; &apos;DA9 9FD&apos; &apos;CT5 4TZ&apos; &apos;TN240SY&apos;
 &apos;ME169AQ&apos; &apos;CT9 9FN&apos; &apos;CT6 5WD&apos; &apos;ME159DP&apos; &apos;CT5 1RD&apos; &apos;CT157JA&apos; &apos;DA2 7DT&apos;
 &apos;TN2 3DF&apos; &apos;ME157UE&apos; &apos;ME105BN&apos; &apos;CT194EF&apos; &apos;ME142UQ&apos; &apos;TN131EU&apos; &apos;CT3 1BB&apos;
 &apos;ME158AN&apos; &apos;TN278BJ&apos; &apos;CT6 8BE&apos; &apos;ME141UX&apos; &apos;ME150LE&apos; &apos;TN2 3GB&apos; &apos;CT9 3SP&apos;
 &apos;TN133QW&apos; &apos;TN156JQ&apos; &apos;ME130TN&apos; &apos;ME115EL&apos; &apos;CT147QL&apos; &apos;TN104NS&apos; &apos;CT147FL&apos;
 &apos;DA122NB&apos; &apos;TN157RH&apos; &apos;CT3 2BD&apos; &apos;TN235DW&apos; &apos;TN2 5BU&apos; &apos;ME156TG&apos; &apos;ME144BD&apos;
 &apos;TN8 5HF&apos; &apos;TN231AT&apos; &apos;CT119JS&apos; &apos;CT2 0ED&apos; &apos;CT3 3EN&apos; &apos;ME104QR&apos; &apos;ME149YD&apos;
 &apos;ME130BN&apos; &apos;CT101PE&apos; &apos;CT163DS&apos; &apos;TN129TD&apos; &apos;TN126DY&apos; &apos;ME142DX&apos; &apos;DA3 7HF&apos;
 &apos;ME103TN&apos; &apos;ME157QA&apos; &apos;TN184BF&apos; &apos;CT4 5AJ&apos; &apos;ME101YT&apos; &apos;TN2 4NT&apos; &apos;CT162FF&apos;
 &apos;TN103EL&apos; &apos;CT147JL&apos; &apos;DA101AG&apos; &apos;TN3 0HW&apos; &apos;TN4 9QB&apos; &apos;TN3 9AQ&apos; &apos;CT126EQ&apos;
 &apos;CT9 2LP&apos; &apos;DA1 5LY&apos; &apos;TN147DU&apos; &apos;DA1 3EW&apos; &apos;DA110QB&apos; &apos;ME160UG&apos; &apos;DA1 3EL&apos;
 &apos;ME143LQ&apos; &apos;DA100AQ&apos; &apos;TN119HH&apos; &apos;ME150LS&apos; &apos;CT6 7QF&apos; &apos;DA119LQ&apos; &apos;CT148ER&apos;
 &apos;TN119ZW&apos; &apos;CT5 1AF&apos; &apos;CT6 6SE&apos; &apos;DA4 0HU&apos; &apos;CT126TB&apos; &apos;ME144QR&apos; &apos;CT215HQ&apos;
 &apos;ME173AX&apos; &apos;TN8 5EU&apos; &apos;CT5 1JJ&apos; &apos;ME104DB&apos; &apos;CT8 8HL&apos; &apos;TN4 8EN&apos; &apos;TN235TF&apos;
 &apos;ME122HT&apos; &apos;TN279QG&apos; &apos;DA1 1NP&apos; &apos;DA130TX&apos; &apos;DA2 6DW&apos; &apos;DA117JD&apos; &apos;ME137RQ&apos;
 &apos;ME9 9DR&apos; &apos;CT140NG&apos; &apos;CT2 0PG&apos; &apos;CT188JP&apos; &apos;CT119NG&apos; &apos;TN235DU&apos; &apos;TN185QA&apos;
 &apos;CT163HA&apos; &apos;DA1 1DJ&apos; &apos;CT147HL&apos; &apos;TN156HW&apos; &apos;DA130UF&apos; &apos;TN263DG&apos; &apos;CT170SF&apos;
 &apos;ME101HU&apos; &apos;TN156EE&apos; &apos;TN2 5PZ&apos; &apos;TN261EX&apos; &apos;CT9 1SE&apos; &apos;TN9 1BL&apos; &apos;CT4 7PE&apos;
 &apos;CT9 1PN&apos; &apos;CT1 2FU&apos; &apos;TN4 9AN&apos; &apos;TN129HF&apos; &apos;ME9 7NF&apos; &apos;TN174AQ&apos; &apos;TN249EJ&apos;
 &apos;TN9 1RP&apos; &apos;DA2 7RH&apos; &apos;CT110PH&apos; &apos;CT6 7LT&apos; &apos;CT101LQ&apos; &apos;CT9 2DZ&apos; &apos;TN4 8GH&apos;
 &apos;CT1 2AQ&apos; &apos;CT110LX&apos; &apos;CT6 7AY&apos; &apos;ME168SY&apos; &apos;CT6 8DG&apos; &apos;CT126AJ&apos; &apos;TN161BG&apos;
 &apos;ME174ED&apos; &apos;CT1 2BF&apos; &apos;CT6 8JH&apos; &apos;TN256PH&apos; &apos;CT117PD&apos; &apos;TN146HR&apos; &apos;CT4 6YB&apos;
 &apos;TN255AU&apos; &apos;DA130ND&apos; &apos;CT5 1EZ&apos; &apos;ME145NX&apos; &apos;DA122LA&apos; &apos;CT3 4HZ&apos; &apos;TN248TN&apos;
 &apos;CT2 9DZ&apos; &apos;DA110RY&apos; &apos;CT147FD&apos; &apos;TN254EN&apos; &apos;DA122JQ&apos; &apos;DA117QG&apos; &apos;TN131EL&apos;
 &apos;ME143LH&apos; &apos;CT126AH&apos; &apos;CT130LX&apos; &apos;TN104HL&apos; &apos;CT179RZ&apos; &apos;TN3 8EQ&apos; &apos;CT1 1XG&apos;
 &apos;ME123FF&apos; &apos;DA3 8QA&apos; &apos;ME139TR&apos; &apos;DA1 2RE&apos; &apos;DA1 9NJ&apos; &apos;CT9 1HH&apos; &apos;TN306HJ&apos;
 &apos;CT139BQ&apos; &apos;ME156TW&apos; &apos;ME159PE&apos; &apos;TN2 3EG&apos; &apos;TN4 0DS&apos; &apos;CT209TX&apos; &apos;ME139HJ&apos;
 &apos;ME207QA&apos; &apos;TN239QX&apos; &apos;ME171PP&apos; &apos;CT155LF&apos; &apos;CT149BA&apos; &apos;DA122SX&apos; &apos;TN8 5PW&apos;
 &apos;CT162QZ&apos; &apos;TN233FX&apos; &apos;TN2 5PB&apos; &apos;ME194NG&apos; &apos;ME137PB&apos; &apos;TN254EB&apos; &apos;ME122HD&apos;
 &apos;ME6 9HN&apos; &apos;ME143JF&apos; &apos;TN233SZ&apos; &apos;ME172AE&apos; &apos;TN299JN&apos; &apos;TN2 3LT&apos; &apos;CT162ZZ&apos;
 &apos;DA130AY&apos; &apos;TN4 8PY&apos; &apos;CT4 6DF&apos; &apos;DA1 1UN&apos; &apos;CT202EB&apos; &apos;TN231PP&apos; &apos;TN184XP&apos;
 &apos;TN158NL&apos; &apos;TN133DN&apos; &apos;CT154HB&apos; &apos;TN161RW&apos; &apos;TN172RU&apos; &apos;CT130BN&apos; &apos;ME158NB&apos;
 &apos;CT7 0BN&apos; &apos;ME102SX&apos; &apos;CT7 9LH&apos; &apos;TN2 3JJ&apos; &apos;TN249BY&apos; &apos;TN132PW&apos; &apos;CT155ND&apos;
 &apos;CT140BD&apos; &apos;TN147DX&apos; &apos;TN249QB&apos; &apos;BR8 8NT&apos; &apos;DA3 9DW&apos; &apos;CT101SL&apos; &apos;ME168UG&apos;
 &apos;ME5 9BZ&apos; &apos;CT1 2HP&apos; &apos;ME123RF&apos; &apos;TN235EH&apos; &apos;TN4 8EF&apos; &apos;ME3 7DD&apos; &apos;ME9 8BA&apos;
 &apos;CT155LG&apos; &apos;ME168GB&apos; &apos;DA1 5LP&apos; &apos;TN185AS&apos; &apos;CT162PW&apos; &apos;CT216RA&apos; &apos;TN156RP&apos;
 &apos;CT9 2BY&apos; &apos;TN236JT&apos; &apos;CT195PS&apos; &apos;TN288DL&apos; &apos;BR8 7LA&apos; &apos;TN270JE&apos; &apos;ME9 7SX&apos;
 &apos;CT3 2BG&apos; &apos;CT7 0AG&apos; &apos;TN307EB&apos; &apos;CT6 6PT&apos; &apos;TN279AS&apos; &apos;TN131DS&apos; &apos;ME207HZ&apos;
 &apos;TN249RQ&apos; &apos;DA130EA&apos; &apos;DA118DZ&apos; &apos;CT9 1EH&apos; &apos;CT118JD&apos; &apos;CT1 3RP&apos; &apos;ME158HJ&apos;
 &apos;CT6 8AR&apos; &apos;ME6 5QF&apos; &apos;TN248LE&apos; &apos;ME138DJ&apos; &apos;CT188HL&apos; &apos;CT146EU&apos; &apos;CT9 2AE&apos;
 &apos;ME130PD&apos; &apos;CT170HE&apos; &apos;CT125EQ&apos; &apos;CT201EU&apos; &apos;CT4 7ER&apos; &apos;ME3 7NA&apos; &apos;CT149LB&apos;
 &apos;TN103LN&apos; &apos;CT163JU&apos; &apos;ME173EN&apos; &apos;TN3 0TJ&apos; &apos;TN270SY&apos; &apos;DA2 6EP&apos; &apos;CT2 8AW&apos;
 &apos;TN146LH&apos; &apos;ME142JF&apos; &apos;CT4 5HN&apos; &apos;TN132JL&apos; &apos;CT4 5AN&apos; &apos;TN8 7NF&apos; &apos;TN231RE&apos;
 &apos;TN161QN&apos; &apos;TN256DJ&apos; &apos;TN185NL&apos; &apos;CT1 1HL&apos; &apos;CT196PD&apos; &apos;TN255DG&apos; &apos;ME130JP&apos;
 &apos;CT1 1HX&apos; &apos;TN172JA&apos; &apos;CT179EZ&apos; &apos;TN8 5YT&apos; &apos;CT9 2TD&apos; &apos;ME207LA&apos; &apos;DA2 7NQ&apos;
 &apos;CT154BZ&apos; &apos;TN156PX&apos; &apos;CT1 3UQ&apos; &apos;ME196NB&apos; &apos;CT195JS&apos; &apos;ME109FP&apos; &apos;CT201RN&apos;
 &apos;CT214PP&apos; &apos;CT202ET&apos; &apos;TN133AQ&apos; &apos;CT6 7EU&apos; &apos;ME130AA&apos; &apos;CT188DN&apos; &apos;TN9 2TJ&apos;
 &apos;ME207NA&apos; &apos;DA100ND&apos; &apos;CT216PW&apos; &apos;ME186BH&apos; &apos;ME102JR&apos; &apos;TN3 9TD&apos; &apos;DA1 5QZ&apos;
 &apos;DA119NB&apos; &apos;CT215JX&apos; &apos;CT8 8JB&apos; &apos;DA125JG&apos; &apos;TN4 8DR&apos; &apos;TN118ET&apos; &apos;CT195TF&apos;
 &apos;CT4 6EX&apos; &apos;DA125TB&apos; &apos;CT195PW&apos; &apos;CT5 1BB&apos; &apos;ME102JS&apos; &apos;TN158PR&apos; &apos;ME104YH&apos;
[...]
 &apos;ME159XX&apos; &apos;TN125AD&apos; &apos;ME172DE&apos; &apos;CT140EZ&apos; &apos;DA119FF&apos;]
[&apos;BR87LA&apos; &apos;BR88AQ&apos; &apos;BR88NT&apos; &apos;CT101LQ&apos; &apos;CT101PE&apos; &apos;CT101SL&apos; &apos;CT102EF&apos;
 &apos;CT110LX&apos; &apos;CT110PH&apos; &apos;CT110PR&apos; &apos;CT117PD&apos; &apos;CT118AY&apos; &apos;CT118JD&apos; &apos;CT119JS&apos;
 &apos;CT119NG&apos; &apos;CT11HL&apos; &apos;CT11HX&apos; &apos;CT11XG&apos; &apos;CT124AH&apos; &apos;CT124BW&apos; &apos;CT125EQ&apos;
 &apos;CT126AH&apos; &apos;CT126AJ&apos; &apos;CT126EQ&apos; &apos;CT126TB&apos; &apos;CT12AQ&apos; &apos;CT12BF&apos; &apos;CT12FU&apos;
 &apos;CT12HP&apos; &apos;CT130BN&apos; &apos;CT130LX&apos; &apos;CT130WU&apos; &apos;CT139BQ&apos; &apos;CT13RP&apos; &apos;CT13UQ&apos;
 &apos;CT140BD&apos; &apos;CT140EZ&apos; &apos;CT140NG&apos; &apos;CT146EU&apos; &apos;CT146HZ&apos; &apos;CT146NY&apos; &apos;CT147FD&apos;
 &apos;CT147FL&apos; &apos;CT147HL&apos; &apos;CT147JL&apos; &apos;CT147QL&apos; &apos;CT148ER&apos; &apos;CT149BA&apos; &apos;CT149BY&apos;
 &apos;CT149DW&apos; &apos;CT149LB&apos; &apos;CT154AT&apos; &apos;CT154BZ&apos; &apos;CT154HB&apos; &apos;CT155DJ&apos; &apos;CT155JU&apos;
 &apos;CT155LF&apos; &apos;CT155LG&apos; &apos;CT155ND&apos; &apos;CT156AG&apos; &apos;CT156HD&apos; &apos;CT157JA&apos; &apos;CT161AN&apos;
 &apos;CT161JZ&apos; &apos;CT161RW&apos; &apos;CT162AX&apos; &apos;CT162FF&apos; &apos;CT162PW&apos; &apos;CT162QZ&apos; &apos;CT162ZZ&apos;
 &apos;CT163DS&apos; &apos;CT163HA&apos; &apos;CT163JU&apos; &apos;CT170HE&apos; &apos;CT170HX&apos; &apos;CT170SF&apos; &apos;CT170TW&apos;
 &apos;CT170UD&apos; &apos;CT179EZ&apos; &apos;CT179RZ&apos; &apos;CT187JU&apos; &apos;CT188DN&apos; &apos;CT188HL&apos; &apos;CT188JP&apos;
 &apos;CT194EF&apos; &apos;CT195JS&apos; &apos;CT195PS&apos; &apos;CT195PW&apos; &apos;CT195TF&apos; &apos;CT196PD&apos; &apos;CT201EU&apos;
 &apos;CT201RN&apos; &apos;CT202EB&apos; &apos;CT202ET&apos; &apos;CT203QD&apos; &apos;CT209TX&apos; &apos;CT20ED&apos; &apos;CT20PG&apos;
 &apos;CT214PP&apos; &apos;CT215HQ&apos; &apos;CT215JX&apos; &apos;CT216DT&apos; &apos;CT216PW&apos; &apos;CT216RA&apos; &apos;CT27DP&apos;
 &apos;CT28AW&apos; &apos;CT28GH&apos; &apos;CT29DZ&apos; &apos;CT31AB&apos; &apos;CT31BB&apos; &apos;CT31BS&apos; &apos;CT32BD&apos; &apos;CT32BG&apos;
 &apos;CT33EN&apos; &apos;CT34HZ&apos; &apos;CT45AJ&apos; &apos;CT45AN&apos; &apos;CT45HN&apos; &apos;CT45LL&apos; &apos;CT46DF&apos; &apos;CT46EX&apos;
 &apos;CT46YB&apos; &apos;CT47DT&apos; &apos;CT47ER&apos; &apos;CT47PE&apos; &apos;CT51AF&apos; &apos;CT51BB&apos; &apos;CT51EZ&apos; &apos;CT51JJ&apos;
 &apos;CT51RD&apos; &apos;CT52BD&apos; &apos;CT52NX&apos; &apos;CT53JB&apos; &apos;CT54TZ&apos; &apos;CT65WD&apos; &apos;CT66JW&apos; &apos;CT66PT&apos;
 &apos;CT66SE&apos; &apos;CT67AY&apos; &apos;CT67EU&apos; &apos;CT67LT&apos; &apos;CT67QF&apos; &apos;CT68AR&apos; &apos;CT68BE&apos; &apos;CT68BQ&apos;
 &apos;CT68DG&apos; &apos;CT68JH&apos; &apos;CT68NG&apos; &apos;CT68TB&apos; &apos;CT70AG&apos; &apos;CT70BN&apos; &apos;CT79DS&apos; &apos;CT79LH&apos;
 &apos;CT79WU&apos; &apos;CT79XG&apos; &apos;CT88HL&apos; &apos;CT88JB&apos; &apos;CT88NX&apos; &apos;CT88SJ&apos; &apos;CT91EH&apos; &apos;CT91HH&apos;
 &apos;CT91PN&apos; &apos;CT91SE&apos; &apos;CT92AE&apos; &apos;CT92BY&apos; &apos;CT92DZ&apos; &apos;CT92LP&apos; &apos;CT92SH&apos; &apos;CT92TD&apos;
 &apos;CT93SP&apos; &apos;CT94AQ&apos; &apos;CT99FN&apos; &apos;DA100AQ&apos; &apos;DA100ND&apos; &apos;DA101AG&apos; &apos;DA110BJ&apos;
 &apos;DA110QB&apos; &apos;DA110RY&apos; &apos;DA117JD&apos; &apos;DA117JE&apos; &apos;DA117QG&apos; &apos;DA118DZ&apos; &apos;DA118NJ&apos;
 &apos;DA119FF&apos; &apos;DA119LQ&apos; &apos;DA119NB&apos; &apos;DA11DJ&apos; &apos;DA11NP&apos; &apos;DA11UN&apos; &apos;DA122BA&apos;
 &apos;DA122JQ&apos; &apos;DA122LA&apos; &apos;DA122NB&apos; &apos;DA122SX&apos; &apos;DA124JA&apos; &apos;DA124NZ&apos; &apos;DA125JG&apos;
 &apos;DA125TB&apos; &apos;DA129SF&apos; &apos;DA12RE&apos; &apos;DA12RS&apos; &apos;DA130AY&apos; &apos;DA130DB&apos; &apos;DA130EA&apos;
 &apos;DA130EQ&apos; &apos;DA130JJ&apos; &apos;DA130ND&apos; &apos;DA130TX&apos; &apos;DA130UF&apos; &apos;DA13EL&apos; &apos;DA13EW&apos;
 &apos;DA15LP&apos; &apos;DA15LY&apos; &apos;DA15QZ&apos; &apos;DA15WF&apos; &apos;DA19NJ&apos; &apos;DA26DW&apos; &apos;DA26EP&apos; &apos;DA27DT&apos;
 &apos;DA27NQ&apos; &apos;DA27RH&apos; &apos;DA28BT&apos; &apos;DA37HF&apos; &apos;DA37LL&apos; &apos;DA38QA&apos; &apos;DA39DW&apos; &apos;DA40HU&apos;
 &apos;DA52HY&apos; &apos;DA99FD&apos; &apos;ME101HU&apos; &apos;ME101SZ&apos; &apos;ME101YT&apos; &apos;ME102GU&apos; &apos;ME102JR&apos;
 &apos;ME102JS&apos; &apos;ME102NW&apos; &apos;ME102SX&apos; &apos;ME103RD&apos; &apos;ME103TN&apos; &apos;ME104DB&apos; &apos;ME104QR&apos;
 &apos;ME104YH&apos; &apos;ME105BN&apos; &apos;ME109FP&apos; &apos;ME115EL&apos; &apos;ME122AJ&apos; &apos;ME122HD&apos; &apos;ME122HT&apos;
 &apos;ME123FF&apos; &apos;ME123RF&apos; &apos;ME130AA&apos; &apos;ME130BN&apos; &apos;ME130JP&apos; &apos;ME130PD&apos; &apos;ME130PG&apos;
 &apos;ME130TN&apos; &apos;ME137PB&apos; &apos;ME137RQ&apos; &apos;ME138DJ&apos; &apos;ME139EJ&apos; &apos;ME139HJ&apos; &apos;ME139QJ&apos;
 &apos;ME139TR&apos; &apos;ME141RL&apos; &apos;ME141UX&apos; &apos;ME142DX&apos; &apos;ME142JF&apos; &apos;ME142UQ&apos; &apos;ME143JF&apos;
 &apos;ME143LH&apos; &apos;ME143LQ&apos; &apos;ME144BD&apos; &apos;ME144QR&apos; &apos;ME145NX&apos; &apos;ME149SJ&apos; &apos;ME149YD&apos;
 &apos;ME150DX&apos; &apos;ME150LE&apos; &apos;ME150LS&apos; &apos;ME156TG&apos; &apos;ME156TW&apos; &apos;ME156UJ&apos; &apos;ME157JE&apos;
 &apos;ME157QA&apos; &apos;ME157UE&apos; &apos;ME158AN&apos; &apos;ME158DF&apos; &apos;ME158HJ&apos; &apos;ME158NB&apos; &apos;ME158UA&apos;
 &apos;ME159DP&apos; &apos;ME159PE&apos; &apos;ME159SF&apos; &apos;ME159XX&apos; &apos;ME159ZG&apos; &apos;ME160FL&apos; &apos;ME160PJ&apos;
 &apos;ME160PX&apos; &apos;ME160UG&apos; &apos;ME168GB&apos; &apos;ME168SQ&apos; &apos;ME168SY&apos; &apos;ME168UG&apos; &apos;ME169AQ&apos;
 &apos;ME169EZ&apos; &apos;ME171PP&apos; &apos;ME172AE&apos; &apos;ME172DE&apos; &apos;ME172LL&apos; &apos;ME172QD&apos; &apos;ME173AX&apos;
 &apos;ME173EN&apos; &apos;ME173PA&apos; &apos;ME174ED&apos; &apos;ME174HD&apos; &apos;ME174UR&apos; &apos;ME186BH&apos; &apos;ME194NG&apos;
 &apos;ME196NB&apos; &apos;ME196SN&apos; &apos;ME206NH&apos; &apos;ME207HZ&apos; &apos;ME207JU&apos; &apos;ME207LA&apos; &apos;ME207NA&apos;
 &apos;ME207QA&apos; &apos;ME37DD&apos; &apos;ME37DE&apos; &apos;ME37HZ&apos; &apos;ME37NA&apos; &apos;ME59BZ&apos; &apos;ME65QF&apos; &apos;ME69HN&apos;
 &apos;ME97NF&apos; &apos;ME97SX&apos; &apos;ME98BA&apos; &apos;ME98FN&apos; &apos;ME99DR&apos; &apos;TN103EL&apos; &apos;TN103LN&apos;
 &apos;TN104HL&apos; &apos;TN104NS&apos; &apos;TN118ET&apos; &apos;TN118NN&apos; &apos;TN118QU&apos; &apos;TN119HH&apos; &apos;TN119PH&apos;
 &apos;TN119ZW&apos; &apos;TN125AD&apos; &apos;TN126DY&apos; &apos;TN127LR&apos; &apos;TN128LE&apos; &apos;TN128LJ&apos; &apos;TN129HF&apos;
 &apos;TN129SX&apos; &apos;TN129TD&apos; &apos;TN12LR&apos; &apos;TN131DP&apos; &apos;TN131DS&apos; &apos;TN131EL&apos; &apos;TN131EU&apos;
 &apos;TN132JL&apos; &apos;TN132PW&apos; &apos;TN133AQ&apos; &apos;TN133DN&apos; &apos;TN133EE&apos; &apos;TN133QW&apos; &apos;TN139QG&apos;
 &apos;TN145AN&apos; &apos;TN145RL&apos; &apos;TN146HR&apos; &apos;TN146LH&apos; &apos;TN147DU&apos; &apos;TN147DX&apos; &apos;TN150QG&apos;
 &apos;TN156DE&apos; &apos;TN156EE&apos; &apos;TN156HW&apos; &apos;TN156JQ&apos; &apos;TN156PX&apos; &apos;TN156RP&apos; &apos;TN157LX&apos;
 &apos;TN157RH&apos; &apos;TN158AR&apos; &apos;TN158NL&apos; &apos;TN158PR&apos; &apos;TN161BG&apos; &apos;TN161QN&apos; &apos;TN161RW&apos;
 &apos;TN161TU&apos; &apos;TN171HH&apos; &apos;TN172JA&apos; &apos;TN172RU&apos; &apos;TN173BA&apos; &apos;TN173BX&apos; &apos;TN174AQ&apos;
 &apos;TN184BF&apos; &apos;TN184NX&apos; &apos;TN184XP&apos; &apos;TN185AS&apos; &apos;TN185NL&apos; &apos;TN185QA&apos; &apos;TN231AT&apos;
 &apos;TN231PP&apos; &apos;TN231RE&apos; &apos;TN233EW&apos; &apos;TN233FX&apos; &apos;TN233SZ&apos; &apos;TN235AD&apos; &apos;TN235DU&apos;
 &apos;TN235DW&apos; &apos;TN235EH&apos; &apos;TN235TF&apos; &apos;TN236JT&apos; &apos;TN239QX&apos; &apos;TN23DF&apos; &apos;TN23EG&apos;
 &apos;TN23GB&apos; &apos;TN23JJ&apos; &apos;TN23LT&apos; &apos;TN240SY&apos; &apos;TN248LE&apos; &apos;TN248NY&apos; &apos;TN248TN&apos;
 &apos;TN249AE&apos; &apos;TN249BY&apos; &apos;TN249EH&apos; &apos;TN249EJ&apos; &apos;TN249HS&apos; &apos;TN249JF&apos; &apos;TN249QB&apos;
 &apos;TN249RP&apos; &apos;TN249RQ&apos; &apos;TN24NT&apos; &apos;TN254EB&apos; &apos;TN254EN&apos; &apos;TN255AU&apos; &apos;TN255DG&apos;
 &apos;TN255DL&apos; &apos;TN255HB&apos; &apos;TN256DJ&apos; &apos;TN256NR&apos; &apos;TN256PH&apos; &apos;TN257HD&apos; &apos;TN257JL&apos;
 &apos;TN25BU&apos; &apos;TN25PB&apos; &apos;TN25PZ&apos; &apos;TN261EQ&apos; &apos;TN261EX&apos; &apos;TN261LZ&apos; &apos;TN263DG&apos;
 &apos;TN270JE&apos; &apos;TN270LD&apos; &apos;TN270SY&apos; &apos;TN278BJ&apos; &apos;TN278DE&apos; &apos;TN278EW&apos; &apos;TN279AS&apos;
 &apos;TN279QG&apos; &apos;TN288AF&apos; &apos;TN288DL&apos; &apos;TN290BU&apos; &apos;TN290XW&apos; &apos;TN299JN&apos; &apos;TN306HJ&apos;
 &apos;TN306SN&apos; &apos;TN307AA&apos; &apos;TN307EB&apos; &apos;TN30HW&apos; &apos;TN30TJ&apos; &apos;TN38EQ&apos; &apos;TN38JL&apos;
 &apos;TN39AQ&apos; &apos;TN39TD&apos; &apos;TN40DS&apos; &apos;TN48DJ&apos; &apos;TN48DR&apos; &apos;TN48EF&apos; &apos;TN48EN&apos; &apos;TN48GH&apos;
 &apos;TN48PY&apos; &apos;TN49AN&apos; &apos;TN49NQ&apos; &apos;TN49PJ&apos; &apos;TN49QB&apos; &apos;TN85EU&apos; &apos;TN85HF&apos; &apos;TN85PW&apos;
 &apos;TN85YT&apos; &apos;TN86LN&apos; &apos;TN87NF&apos; &apos;TN91BL&apos; &apos;TN91RP&apos; &apos;TN92TJ&apos;]
[&apos;TN184NX&apos; &apos;CT170TW&apos; &apos;TN249HS&apos; &apos;TN255DL&apos; &apos;CT161RW&apos; &apos;TN290BU&apos; &apos;DA130DB&apos;
 &apos;DA1 2RS&apos; &apos;DA118NJ&apos; &apos;DA110BJ&apos; &apos;ME173PA&apos; &apos;TN118NN&apos; &apos;CT155JU&apos; &apos;TN1 2LR&apos;
 &apos;ME103RD&apos; &apos;TN306SN&apos; &apos;ME168SQ&apos; &apos;TN161TU&apos; &apos;DA5 2HY&apos; &apos;CT2 8GH&apos; &apos;ME174UR&apos;
 &apos;CT2 7DP&apos; &apos;ME160PJ&apos; &apos;DA117JE&apos; &apos;TN173BA&apos; &apos;CT146HZ&apos; &apos;CT102EF&apos; &apos;TN255HB&apos;
 &apos;TN128LJ&apos; &apos;ME160FL&apos; &apos;CT8 8NX&apos; &apos;ME159ZG&apos; &apos;TN4 9NQ&apos; &apos;CT7 9DS&apos; &apos;CT162AX&apos;
 &apos;ME156UJ&apos; &apos;CT161JZ&apos; &apos;CT110PR&apos; &apos;ME159SF&apos; &apos;CT6 8BQ&apos; &apos;ME139QJ&apos; &apos;CT155DJ&apos;
 &apos;TN249RP&apos; &apos;CT5 2BD&apos; &apos;TN233EW&apos; &apos;ME172QD&apos; &apos;CT146NY&apos; &apos;TN118QU&apos; &apos;ME3 7HZ&apos;
 &apos;TN261LZ&apos; &apos;TN171HH&apos; &apos;TN119PH&apos; &apos;TN145RL&apos; &apos;TN145AN&apos; &apos;TN249JF&apos; &apos;CT203QD&apos;
 &apos;TN127LR&apos; &apos;TN129SX&apos; &apos;ME130PG&apos; &apos;TN257JL&apos; &apos;DA130EQ&apos; &apos;ME158DF&apos; &apos;TN173BX&apos;
 &apos;ME160PX&apos; &apos;ME172LL&apos; &apos;ME122AJ&apos; &apos;TN290XW&apos; &apos;ME157JE&apos; &apos;DA3 7LL&apos; &apos;CT216DT&apos;
 &apos;ME102NW&apos; &apos;TN139QG&apos; &apos;CT156HD&apos; &apos;TN158AR&apos; &apos;DA1 5WF&apos; &apos;CT149BY&apos; &apos;DA129SF&apos;
 &apos;CT4 7DT&apos; &apos;TN156DE&apos; &apos;ME196SN&apos; &apos;TN261EQ&apos; &apos;DA2 8BT&apos; &apos;CT130WU&apos; &apos;CT9 4AQ&apos;
 &apos;DA124NZ&apos; &apos;CT156AG&apos; &apos;CT8 8SJ&apos; &apos;TN278DE&apos; &apos;CT6 8TB&apos; &apos;BR8 8AQ&apos; &apos;CT5 2NX&apos;
 &apos;ME169EZ&apos; &apos;DA130JJ&apos; &apos;TN4 9PJ&apos; &apos;CT161AN&apos; &apos;TN278EW&apos; &apos;ME206NH&apos; &apos;ME150DX&apos;
 &apos;TN133EE&apos; &apos;TN256NR&apos; &apos;ME139EJ&apos; &apos;CT118AY&apos; &apos;CT3 1AB&apos; &apos;TN249AE&apos; &apos;CT170HX&apos;
 &apos;CT149DW&apos; &apos;TN288AF&apos; &apos;CT170UD&apos; &apos;ME149SJ&apos; &apos;CT9 2SH&apos; &apos;CT187JU&apos; &apos;CT7 9XG&apos;
 &apos;TN131DP&apos; &apos;CT6 6JW&apos; &apos;TN249EH&apos; &apos;TN157LX&apos; &apos;TN3 8JL&apos; &apos;CT124BW&apos; &apos;TN128LE&apos;
 &apos;TN8 6LN&apos; &apos;TN248NY&apos; &apos;ME174HD&apos; &apos;TN270LD&apos; &apos;CT7 9WU&apos; &apos;ME101SZ&apos; &apos;TN235AD&apos;
 &apos;TN4 8DJ&apos; &apos;ME3 7DE&apos; &apos;ME102GU&apos; &apos;DA124JA&apos; &apos;ME9 8FN&apos; &apos;ME207JU&apos; &apos;CT4 5LL&apos;
 &apos;ME158UA&apos; &apos;ME141RL&apos; &apos;TN307AA&apos; &apos;TN257HD&apos; &apos;DA9 9FD&apos; &apos;CT5 4TZ&apos; &apos;TN240SY&apos;
 &apos;ME169AQ&apos; &apos;CT9 9FN&apos; &apos;CT6 5WD&apos; &apos;ME159DP&apos; &apos;CT5 1RD&apos; &apos;CT157JA&apos; &apos;DA2 7DT&apos;
 &apos;TN2 3DF&apos; &apos;ME157UE&apos; &apos;ME105BN&apos; &apos;CT194EF&apos; &apos;ME142UQ&apos; &apos;TN131EU&apos; &apos;CT3 1BB&apos;
 &apos;ME158AN&apos; &apos;TN278BJ&apos; &apos;CT6 8BE&apos; &apos;ME141UX&apos; &apos;ME150LE&apos; &apos;TN2 3GB&apos; &apos;CT9 3SP&apos;
 &apos;TN133QW&apos; &apos;TN156JQ&apos; &apos;ME130TN&apos; &apos;ME115EL&apos; &apos;CT147QL&apos; &apos;TN104NS&apos; &apos;CT147FL&apos;
 &apos;DA122NB&apos; &apos;TN157RH&apos; &apos;CT3 2BD&apos; &apos;TN235DW&apos; &apos;TN2 5BU&apos; &apos;ME156TG&apos; &apos;ME144BD&apos;
 &apos;TN8 5HF&apos; &apos;TN231AT&apos; &apos;CT119JS&apos; &apos;CT2 0ED&apos; &apos;CT3 3EN&apos; &apos;ME104QR&apos; &apos;ME149YD&apos;
 &apos;ME130BN&apos; &apos;CT101PE&apos; &apos;CT163DS&apos; &apos;TN129TD&apos; &apos;TN126DY&apos; &apos;ME142DX&apos; &apos;DA3 7HF&apos;
 &apos;ME103TN&apos; &apos;ME157QA&apos; &apos;TN184BF&apos; &apos;CT4 5AJ&apos; &apos;ME101YT&apos; &apos;TN2 4NT&apos; &apos;CT162FF&apos;
 &apos;TN103EL&apos; &apos;CT147JL&apos; &apos;DA101AG&apos; &apos;TN3 0HW&apos; &apos;TN4 9QB&apos; &apos;TN3 9AQ&apos; &apos;CT126EQ&apos;
 &apos;CT9 2LP&apos; &apos;DA1 5LY&apos; &apos;TN147DU&apos; &apos;DA1 3EW&apos; &apos;DA110QB&apos; &apos;ME160UG&apos; &apos;DA1 3EL&apos;
 &apos;ME143LQ&apos; &apos;DA100AQ&apos; &apos;TN119HH&apos; &apos;ME150LS&apos; &apos;CT6 7QF&apos; &apos;DA119LQ&apos; &apos;CT148ER&apos;
 &apos;TN119ZW&apos; &apos;CT5 1AF&apos; &apos;CT6 6SE&apos; &apos;DA4 0HU&apos; &apos;CT126TB&apos; &apos;ME144QR&apos; &apos;CT215HQ&apos;
 &apos;ME173AX&apos; &apos;TN8 5EU&apos; &apos;CT5 1JJ&apos; &apos;ME104DB&apos; &apos;CT8 8HL&apos; &apos;TN4 8EN&apos; &apos;TN235TF&apos;
 &apos;ME122HT&apos; &apos;TN279QG&apos; &apos;DA1 1NP&apos; &apos;DA130TX&apos; &apos;DA2 6DW&apos; &apos;DA117JD&apos; &apos;ME137RQ&apos;
 &apos;ME9 9DR&apos; &apos;CT140NG&apos; &apos;CT2 0PG&apos; &apos;CT188JP&apos; &apos;CT119NG&apos; &apos;TN235DU&apos; &apos;TN185QA&apos;
 &apos;CT163HA&apos; &apos;DA1 1DJ&apos; &apos;CT147HL&apos; &apos;TN156HW&apos; &apos;DA130UF&apos; &apos;TN263DG&apos; &apos;CT170SF&apos;
 &apos;ME101HU&apos; &apos;TN156EE&apos; &apos;TN2 5PZ&apos; &apos;TN261EX&apos; &apos;CT9 1SE&apos; &apos;TN9 1BL&apos; &apos;CT4 7PE&apos;
 &apos;CT9 1PN&apos; &apos;CT1 2FU&apos; &apos;TN4 9AN&apos; &apos;TN129HF&apos; &apos;ME9 7NF&apos; &apos;TN174AQ&apos; &apos;TN249EJ&apos;
 &apos;TN9 1RP&apos; &apos;DA2 7RH&apos; &apos;CT110PH&apos; &apos;CT6 7LT&apos; &apos;CT101LQ&apos; &apos;CT9 2DZ&apos; &apos;TN4 8GH&apos;
 &apos;CT1 2AQ&apos; &apos;CT110LX&apos; &apos;CT6 7AY&apos; &apos;ME168SY&apos; &apos;CT6 8DG&apos; &apos;CT126AJ&apos; &apos;TN161BG&apos;
 &apos;ME174ED&apos; &apos;CT1 2BF&apos; &apos;CT6 8JH&apos; &apos;TN256PH&apos; &apos;CT117PD&apos; &apos;TN146HR&apos; &apos;CT4 6YB&apos;
 &apos;TN255AU&apos; &apos;DA130ND&apos; &apos;CT5 1EZ&apos; &apos;ME145NX&apos; &apos;DA122LA&apos; &apos;CT3 4HZ&apos; &apos;TN248TN&apos;
 &apos;CT2 9DZ&apos; &apos;DA110RY&apos; &apos;CT147FD&apos; &apos;TN254EN&apos; &apos;DA122JQ&apos; &apos;DA117QG&apos; &apos;TN131EL&apos;
 &apos;ME143LH&apos; &apos;CT126AH&apos; &apos;CT130LX&apos; &apos;TN104HL&apos; &apos;CT179RZ&apos; &apos;TN3 8EQ&apos; &apos;CT1 1XG&apos;
 &apos;ME123FF&apos; &apos;DA3 8QA&apos; &apos;ME139TR&apos; &apos;DA1 2RE&apos; &apos;DA1 9NJ&apos; &apos;CT9 1HH&apos; &apos;TN306HJ&apos;
 &apos;CT139BQ&apos; &apos;ME156TW&apos; &apos;ME159PE&apos; &apos;TN2 3EG&apos; &apos;TN4 0DS&apos; &apos;CT209TX&apos; &apos;ME139HJ&apos;
 &apos;ME207QA&apos; &apos;TN239QX&apos; &apos;ME171PP&apos; &apos;CT155LF&apos; &apos;CT149BA&apos; &apos;DA122SX&apos; &apos;TN8 5PW&apos;
 &apos;CT162QZ&apos; &apos;TN233FX&apos; &apos;TN2 5PB&apos; &apos;ME194NG&apos; &apos;ME137PB&apos; &apos;TN254EB&apos; &apos;ME122HD&apos;
 &apos;ME6 9HN&apos; &apos;ME143JF&apos; &apos;TN233SZ&apos; &apos;ME172AE&apos; &apos;TN299JN&apos; &apos;TN2 3LT&apos; &apos;CT162ZZ&apos;
 &apos;DA130AY&apos; &apos;TN4 8PY&apos; &apos;CT4 6DF&apos; &apos;DA1 1UN&apos; &apos;CT202EB&apos; &apos;TN231PP&apos; &apos;TN184XP&apos;
 &apos;TN158NL&apos; &apos;TN133DN&apos; &apos;CT154HB&apos; &apos;TN161RW&apos; &apos;TN172RU&apos; &apos;CT130BN&apos; &apos;ME158NB&apos;
 &apos;CT7 0BN&apos; &apos;ME102SX&apos; &apos;CT7 9LH&apos; &apos;TN2 3JJ&apos; &apos;TN249BY&apos; &apos;TN132PW&apos; &apos;CT155ND&apos;
 &apos;CT140BD&apos; &apos;TN147DX&apos; &apos;TN249QB&apos; &apos;BR8 8NT&apos; &apos;DA3 9DW&apos; &apos;CT101SL&apos; &apos;ME168UG&apos;
 &apos;ME5 9BZ&apos; &apos;CT1 2HP&apos; &apos;ME123RF&apos; &apos;TN235EH&apos; &apos;TN4 8EF&apos; &apos;ME3 7DD&apos; &apos;ME9 8BA&apos;
 &apos;CT155LG&apos; &apos;ME168GB&apos; &apos;DA1 5LP&apos; &apos;TN185AS&apos; &apos;CT162PW&apos; &apos;CT216RA&apos; &apos;TN156RP&apos;
 &apos;CT9 2BY&apos; &apos;TN236JT&apos; &apos;CT195PS&apos; &apos;TN288DL&apos; &apos;BR8 7LA&apos; &apos;TN270JE&apos; &apos;ME9 7SX&apos;
 &apos;CT3 2BG&apos; &apos;CT7 0AG&apos; &apos;TN307EB&apos; &apos;CT6 6PT&apos; &apos;TN279AS&apos; &apos;TN131DS&apos; &apos;ME207HZ&apos;
 &apos;TN249RQ&apos; &apos;DA130EA&apos; &apos;DA118DZ&apos; &apos;CT9 1EH&apos; &apos;CT118JD&apos; &apos;CT1 3RP&apos; &apos;ME158HJ&apos;
 &apos;CT6 8AR&apos; &apos;ME6 5QF&apos; &apos;TN248LE&apos; &apos;ME138DJ&apos; &apos;CT188HL&apos; &apos;CT146EU&apos; &apos;CT9 2AE&apos;
 &apos;ME130PD&apos; &apos;CT170HE&apos; &apos;CT125EQ&apos; &apos;CT201EU&apos; &apos;CT4 7ER&apos; &apos;ME3 7NA&apos; &apos;CT149LB&apos;
 &apos;TN103LN&apos; &apos;CT163JU&apos; &apos;ME173EN&apos; &apos;TN3 0TJ&apos; &apos;TN270SY&apos; &apos;DA2 6EP&apos; &apos;CT2 8AW&apos;
 &apos;TN146LH&apos; &apos;ME142JF&apos; &apos;CT4 5HN&apos; &apos;TN132JL&apos; &apos;CT4 5AN&apos; &apos;TN8 7NF&apos; &apos;TN231RE&apos;
 &apos;TN161QN&apos; &apos;TN256DJ&apos; &apos;TN185NL&apos; &apos;CT1 1HL&apos; &apos;CT196PD&apos; &apos;TN255DG&apos; &apos;ME130JP&apos;
 &apos;CT1 1HX&apos; &apos;TN172JA&apos; &apos;CT179EZ&apos; &apos;TN8 5YT&apos; &apos;CT9 2TD&apos; &apos;ME207LA&apos; &apos;DA2 7NQ&apos;
 &apos;CT154BZ&apos; &apos;TN156PX&apos; &apos;CT1 3UQ&apos; &apos;ME196NB&apos; &apos;CT195JS&apos; &apos;ME109FP&apos; &apos;CT201RN&apos;
 &apos;CT214PP&apos; &apos;CT202ET&apos; &apos;TN133AQ&apos; &apos;CT6 7EU&apos; &apos;ME130AA&apos; &apos;CT188DN&apos; &apos;TN9 2TJ&apos;
 &apos;ME207NA&apos; &apos;DA100ND&apos; &apos;CT216PW&apos; &apos;ME186BH&apos; &apos;ME102JR&apos; &apos;TN3 9TD&apos; &apos;DA1 5QZ&apos;
 &apos;DA119NB&apos; &apos;CT215JX&apos; &apos;CT8 8JB&apos; &apos;DA125JG&apos; &apos;TN4 8DR&apos; &apos;TN118ET&apos; &apos;CT195TF&apos;
 &apos;CT4 6EX&apos; &apos;DA125TB&apos; &apos;CT195PW&apos; &apos;CT5 1BB&apos; &apos;ME102JS&apos; &apos;TN158PR&apos; &apos;ME104YH&apos;
 &apos;DA122BA&apos; &apos;TN150QG&apos; &apos;CT3 1BS&apos; &apos;CT124AH&apos; &apos;CT154AT&apos; &apos;CT5 3JB&apos; &apos;CT6 8NG&apos;
 &apos;ME159XX&apos; &apos;TN125AD&apos; &apos;ME172DE&apos; &apos;CT140EZ&apos; &apos;DA119FF&apos;]
</system-out></testcase></testsuite></testsuites>