<?xml version="1.0" encoding="utf-8"?><testsuites><testsuite errors="0" failures="0" hostname="lilin" name="pytest" skipped="0" tests="8" time="3.277" timestamp="2019-10-24T16:02:07.540668"><testcase classname="test" file="test.py" line="35" name="test_get_easting_northing_from_lat_long" points="0" time="0.067"><properties>
[...]
</properties></testcase><testcase classname="test" file="test.py" line="89" name="test_tool" points="100" time="0.000"><properties><property name="tool initialization" value="(2.294250577000639, [True])"/></properties></testcase><testcase classname="test" file="test.py" line="94" name="test_get_lat_long" points="0" time="0.062"><properties><property name="single_postcode_lookup" value="(0.0032947700001386693, [False])"/><property name="multiple_postcode_lookup" value="(0.005225545999564929, [False, False])"/></properties></testcase><testcase classname="test" file="test.py" line="125" name="test_get_easting_northing_flood_probability" points="0" time="0.003"><properties>
[...]
</properties></testcase><testcase classname="test" file="test.py" line="157" name="test_get_sorted_flood_probability" points="0" time="0.061"><properties>
[...]
</properties></testcase><testcase classname="test" file="test.py" line="185" name="test_get_flood_cost" points="500" time="0.066"><properties>
[...]
</properties></testcase><testcase classname="test" file="test.py" line="215" name="test_get_annual_flood_risk" points="0" time="0.061"><properties>
[...]
</properties></testcase><testcase classname="test" file="test.py" line="245" name="test_get_sorted_annual_flood_risk" points="0" time="0.179"><properties>
[...]
</properties><system-out>           Latitude  Longitude       Easting      Northing  Total Value
Postcode                                                               
DA124EG   51.427841   0.394876  1.471571e+06  2.076727e+06   1703201.94
DA3 8DA   51.381926   0.302669  1.340158e+06  1.712153e+06         0.00
TN120EW   51.153503   0.551323  2.734249e+06  6.712493e+05   5084295.34
DA117NT   51.416147   0.364003  1.425325e+06  1.976372e+06  24062579.81
CT147DU   51.216147   1.400888  4.563895e+06  3.980104e+06         0.00
...             ...        ...           ...           ...          ...
BR8 7NQ   51.404883   0.193607  1.011602e+06  1.777870e+06         0.00
CT201SY   51.084303   1.183532  5.327520e+06  2.561518e+06         0.00
CT3 3GP   51.231129   1.198505  4.227585e+06  3.073388e+06         0.00
ME105JF   51.353477   0.716180  2.500387e+06  2.136061e+06   9399760.34
TN9 1TJ   51.193426   0.273634  1.582346e+06  5.130987e+05         0.00

[990 rows x 5 columns]
           Latitude  Longitude       Easting      Northing  Total Value
Postcode                                                               
DA124EG   51.427841   0.394876  1.471571e+06  2.076727e+06   1703201.94
DA3 8DA   51.381926   0.302669  1.340158e+06  1.712153e+06         0.00
TN120EW   51.153503   0.551323  2.734249e+06  6.712493e+05   5084295.34
DA117NT   51.416147   0.364003  1.425325e+06  1.976372e+06  24062579.81
CT147DU   51.216147   1.400888  4.563895e+06  3.980104e+06         0.00
...             ...        ...           ...           ...          ...
BR8 7NQ   51.404883   0.193607  1.011602e+06  1.777870e+06         0.00
CT201SY   51.084303   1.183532  5.327520e+06  2.561518e+06         0.00
CT3 3GP   51.231129   1.198505  4.227585e+06  3.073388e+06         0.00
ME105JF   51.353477   0.716180  2.500387e+06  2.136061e+06   9399760.34
TN9 1TJ   51.193426   0.273634  1.582346e+06  5.130987e+05         0.00

[990 rows x 5 columns]
           Latitude  Longitude       Easting      Northing  Total Value
Postcode                                                               
DA124EG   51.427841   0.394876  1.471571e+06  2.076727e+06   1703201.94
DA3 8DA   51.381926   0.302669  1.340158e+06  1.712153e+06         0.00
TN120EW   51.153503   0.551323  2.734249e+06  6.712493e+05   5084295.34
DA117NT   51.416147   0.364003  1.425325e+06  1.976372e+06  24062579.81
CT147DU   51.216147   1.400888  4.563895e+06  3.980104e+06         0.00
...             ...        ...           ...           ...          ...
BR8 7NQ   51.404883   0.193607  1.011602e+06  1.777870e+06         0.00
CT201SY   51.084303   1.183532  5.327520e+06  2.561518e+06         0.00
CT3 3GP   51.231129   1.198505  4.227585e+06  3.073388e+06         0.00
ME105JF   51.353477   0.716180  2.500387e+06  2.136061e+06   9399760.34
TN9 1TJ   51.193426   0.273634  1.582346e+06  5.130987e+05         0.00

[990 rows x 5 columns]
           Latitude  Longitude       Easting      Northing  Total Value
Postcode                                                               
DA124EG   51.427841   0.394876  1.471571e+06  2.076727e+06   1703201.94
DA3 8DA   51.381926   0.302669  1.340158e+06  1.712153e+06         0.00
TN120EW   51.153503   0.551323  2.734249e+06  6.712493e+05   5084295.34
DA117NT   51.416147   0.364003  1.425325e+06  1.976372e+06  24062579.81
CT147DU   51.216147   1.400888  4.563895e+06  3.980104e+06         0.00
...             ...        ...           ...           ...          ...
BR8 7NQ   51.404883   0.193607  1.011602e+06  1.777870e+06         0.00
CT201SY   51.084303   1.183532  5.327520e+06  2.561518e+06         0.00
CT3 3GP   51.231129   1.198505  4.227585e+06  3.073388e+06         0.00
ME105JF   51.353477   0.716180  2.500387e+06  2.136061e+06   9399760.34
TN9 1TJ   51.193426   0.273634  1.582346e+06  5.130987e+05         0.00

[990 rows x 5 columns]
           Latitude  Longitude       Easting      Northing  Total Value
Postcode                                                               
DA124EG   51.427841   0.394876  1.471571e+06  2.076727e+06   1703201.94
DA3 8DA   51.381926   0.302669  1.340158e+06  1.712153e+06         0.00
TN120EW   51.153503   0.551323  2.734249e+06  6.712493e+05   5084295.34
DA117NT   51.416147   0.364003  1.425325e+06  1.976372e+06  24062579.81
CT147DU   51.216147   1.400888  4.563895e+06  3.980104e+06         0.00
...             ...        ...           ...           ...          ...
BR8 7NQ   51.404883   0.193607  1.011602e+06  1.777870e+06         0.00
CT201SY   51.084303   1.183532  5.327520e+06  2.561518e+06         0.00
CT3 3GP   51.231129   1.198505  4.227585e+06  3.073388e+06         0.00
ME105JF   51.353477   0.716180  2.500387e+06  2.136061e+06   9399760.34
TN9 1TJ   51.193426   0.273634  1.582346e+06  5.130987e+05         0.00

[990 rows x 5 columns]
           Latitude  Longitude       Easting      Northing  Total Value
Postcode                                                               
DA124EG   51.427841   0.394876  1.471571e+06  2.076727e+06   1703201.94
DA3 8DA   51.381926   0.302669  1.340158e+06  1.712153e+06         0.00
TN120EW   51.153503   0.551323  2.734249e+06  6.712493e+05   5084295.34
DA117NT   51.416147   0.364003  1.425325e+06  1.976372e+06  24062579.81
CT147DU   51.216147   1.400888  4.563895e+06  3.980104e+06         0.00
...             ...        ...           ...           ...          ...
BR8 7NQ   51.404883   0.193607  1.011602e+06  1.777870e+06         0.00
CT201SY   51.084303   1.183532  5.327520e+06  2.561518e+06         0.00
CT3 3GP   51.231129   1.198505  4.227585e+06  3.073388e+06         0.00
ME105JF   51.353477   0.716180  2.500387e+06  2.136061e+06   9399760.34
TN9 1TJ   51.193426   0.273634  1.582346e+06  5.130987e+05         0.00

[990 rows x 5 columns]
</system-out></testcase></testsuite></testsuites>