<?xml version="1.0" encoding="utf-8"?><testsuites><testsuite errors="0" failures="0" hostname="lilin" name="pytest" skipped="0" tests="8" time="85.991" timestamp="2019-10-24T22:04:41.341603"><testcase classname="test" file="test.py" line="35" name="test_get_easting_northing_from_lat_long" points="0" time="0.077"><properties>
[...]
</properties></testcase><testcase classname="test" file="test.py" line="89" name="test_tool" points="100" time="0.000"><properties><property name="tool initialization" value="(2.295082280998031, [True])"/></properties></testcase><testcase classname="test" file="test.py" line="94" name="test_get_lat_long" points="480" time="0.078"><properties>
[...]
</properties></testcase><testcase classname="test" file="test.py" line="125" name="test_get_easting_northing_flood_probability" points="2000" time="29.071"><properties>
[...]
</properties><system-out>        0       1     2
0  298169  519487  Zero
0
0
        0       1     2
0  298169  519487  Zero
0
0
        0       1     2
0  298169  519487  Zero
0
0
        0       1     2
0  298169  519487  Zero
0
0
        0       1     2
0  298169  519487  Zero
0
0
        0       1     2
0  298169  519487  Zero
0
0
                 0              1     2
0    552301.070146  155350.979462  Zero
1    559266.049375  175258.992253  Zero
2    551162.080610  172141.061736  Zero
3    552605.059605  155323.074971  Zero
4    620803.029204  136724.981303  Zero
..             ...            ...   ...
495  635400.081236  170960.045232  Zero
496  548926.059834  162600.049798  Zero
497  637574.089833  151565.055985  Zero
498  614822.040857  158317.079883  Zero
499  551113.020366  138803.011019  Zero

[500 rows x 3 columns]
0
0
0
0
0
0
0
0
0
2
4
0
0
0
0
0
0
2
0
0
0
0
0
0
0
2
0
0
0
0
0
0
2
0
0
0
4
0
0
0
0
4
0
0
0
0
0
0
0
3
0
0
3
0
0
0
0
4
0
0
0
0
0
0
0
0
0
0
0
0
0
0
0
0
0
0
0
4
0
4
0
0
0
0
0
0
0
0
0
0
0
0
0
0
0
0
0
0
0
0
0
4
0
0
0
0
0
0
0
0
0
0
4
0
0
1
0
0
0
0
0
0
0
0
0
0
0
2
0
0
0
0
1
0
0
0
0
0
3
0
0
0
0
0
0
0
0
0
0
0
0
0
0
0
0
0
0
0
0
0
0
0
0
0
0
0
0
0
0
0
0
0
0
0
0
0
0
0
4
0
0
0
0
0
0
0
0
0
0
0
0
0
0
0
0
0
0
0
0
0
0
0
0
0
0
0
4
0
0
0
0
0
0
0
0
0
0
0
0
0
0
0
0
0
0
0
0
0
4
0
0
1
0
0
0
0
0
0
4
0
0
3
0
0
0
0
0
0
0
0
0
4
0
0
0
0
0
0
0
0
0
0
0
0
2
3
0
0
0
0
0
4
0
0
0
0
0
0
2
0
0
0
0
0
0
0
0
0
0
0
0
0
0
0
0
0
0
0
0
0
0
0
0
0
0
0
0
0
0
3
0
0
0
0
0
0
0
0
0
0
0
0
0
4
0
0
0
0
4
0
0
0
0
0
0
0
0
0
0
4
0
4
0
0
0
0
0
0
0
4
0
0
0
0
0
0
0
0
0
0
0
4
0
0
0
0
0
0
0
0
0
0
0
0
0
0
0
0
0
0
3
0
1
4
0
4
0
4
0
0
0
0
0
0
0
0
0
0
0
0
0
0
0
0
0
0
0
0
0
0
0
0
0
0
0
0
0
0
0
0
0
0
0
0
0
2
0
0
0
0
4
0
0
0
0
0
0
0
0
0
0
0
0
0
0
0
0
0
0
0
1
0
2
0
0
0
0
0
0
0
0
0
4
0
0
0
0
0
0
0
0
0
0
0
0
0
0
0
0
0
0
0
0
4
0
0
0
0
0
0
4
4
0
0
0
0
2
0
0
3
0
                 0              1     2
0    552301.070146  155350.979462  Zero
1    559266.049375  175258.992253  Zero
2    551162.080610  172141.061736  Zero
3    552605.059605  155323.074971  Zero
4    620803.029204  136724.981303  Zero
..             ...            ...   ...
495  635400.081236  170960.045232  Zero
496  548926.059834  162600.049798  Zero
497  637574.089833  151565.055985  Zero
498  614822.040857  158317.079883  Zero
499  551113.020366  138803.011019  Zero

[500 rows x 3 columns]
0
0
0
0
0
0
0
0
0
2
4
0
0
0
0
0
0
2
0
0
0
0
0
0
0
2
0
0
0
0
0
0
2
0
0
0
4
0
0
0
0
4
0
0
0
0
0
0
0
3
0
0
3
0
0
0
0
4
0
0
0
0
0
0
0
0
0
0
0
0
0
0
0
0
0
0
0
4
0
4
0
0
0
0
0
0
0
0
0
0
0
0
0
0
0
0
0
0
0
0
0
4
0
0
0
0
0
0
0
0
0
0
4
0
0
1
0
0
0
0
0
0
0
0
0
0
0
2
0
0
0
0
1
0
0
0
0
0
3
0
0
0
0
0
0
0
0
0
0
0
0
0
0
0
0
0
0
0
0
0
0
0
0
0
0
0
0
0
0
0
0
0
0
0
0
0
0
0
4
0
0
0
0
0
0
0
0
0
0
0
0
0
0
0
0
0
0
0
0
0
0
0
0
0
0
0
4
0
0
0
0
0
0
0
0
0
0
0
0
0
0
0
0
0
0
0
0
0
4
0
0
1
0
0
0
0
0
0
4
0
0
3
0
0
0
0
0
0
0
0
0
4
0
0
0
0
0
0
0
0
0
0
0
0
2
3
0
0
0
0
0
4
0
0
0
0
0
0
2
0
0
0
0
0
0
0
0
0
0
0
0
0
0
0
0
0
0
0
0
0
0
0
0
0
0
0
0
0
0
3
0
0
0
0
0
0
0
0
0
0
0
0
0
4
0
0
0
0
4
0
0
0
0
0
0
0
0
0
0
4
0
4
0
0
0
0
0
0
0
4
0
0
0
0
0
0
0
0
0
0
0
4
0
0
0
0
0
0
0
0
0
0
0
0
0
0
0
0
0
0
3
0
1
4
0
4
0
4
0
0
0
0
0
0
0
0
0
0
0
0
0
0
0
0
0
0
0
0
0
0
0
0
0
0
0
0
0
0
0
0
0
0
0
0
0
2
0
0
0
0
4
0
0
0
0
0
0
0
0
0
0
0
0
0
0
0
0
0
0
0
1
0
2
0
0
0
0
0
0
0
0
0
4
0
0
0
0
0
0
0
0
0
0
0
0
0
0
0
0
0
0
0
0
4
0
0
0
0
0
0
4
4
0
0
0
0
2
0
0
3
0
                 0              1     2
0    552301.070146  155350.979462  Zero
1    559266.049375  175258.992253  Zero
2    551162.080610  172141.061736  Zero
3    552605.059605  155323.074971  Zero
4    620803.029204  136724.981303  Zero
..             ...            ...   ...
495  635400.081236  170960.045232  Zero
496  548926.059834  162600.049798  Zero
497  637574.089833  151565.055985  Zero
498  614822.040857  158317.079883  Zero
499  551113.020366  138803.011019  Zero

[500 rows x 3 columns]
0
0
0
0
0
0
0
0
0
2
4
0
0
0
0
0
0
2
0
0
0
0
0
0
0
2
0
0
0
0
0
0
2
0
0
0
4
0
0
0
0
4
0
0
0
0
0
0
0
3
0
0
3
0
0
0
0
4
0
0
0
0
0
0
0
0
0
0
0
0
0
0
0
0
0
0
0
4
0
4
0
0
0
0
0
0
0
0
0
0
0
0
0
0
0
0
0
0
0
0
0
4
0
0
0
0
0
0
0
0
0
0
4
0
0
1
0
0
0
0
0
0
0
0
0
0
0
2
0
0
0
0
1
0
0
0
0
0
3
0
0
0
0
0
0
0
0
0
0
0
0
0
0
0
0
0
0
0
0
0
0
0
0
0
0
0
0
0
0
0
0
0
0
0
0
0
0
0
4
0
0
0
0
0
0
0
0
0
0
0
0
0
0
0
0
0
0
0
0
0
0
0
0
0
0
0
4
0
0
0
0
0
0
0
0
0
0
0
0
0
0
0
0
0
0
0
0
0
4
0
0
1
0
0
0
0
0
0
4
0
0
3
0
0
0
0
0
0
0
0
0
4
0
0
0
0
0
0
0
0
0
0
0
0
2
3
0
0
0
0
0
4
0
0
0
0
0
0
2
0
0
0
0
0
0
0
0
0
0
0
0
0
0
0
0
0
0
0
0
0
0
0
0
0
0
0
0
0
0
3
0
0
0
0
0
0
0
0
0
0
0
0
0
4
0
0
0
0
4
0
0
0
0
0
0
0
0
0
0
4
0
4
0
0
0
0
0
0
0
4
0
0
0
0
0
0
0
0
0
0
0
4
0
0
0
0
0
0
0
0
0
0
0
0
0
0
0
0
0
0
3
0
1
4
0
4
0
4
0
0
0
0
0
0
0
0
0
0
0
0
0
0
0
0
0
0
0
0
0
0
0
0
0
0
0
0
0
0
0
0
0
0
0
0
0
2
0
0
0
0
4
0
0
0
0
0
0
0
0
0
0
0
0
0
0
0
0
0
0
0
1
0
2
0
0
0
0
0
0
0
0
0
4
0
0
0
0
0
0
0
0
0
0
0
0
0
0
0
0
0
0
0
0
4
0
0
0
0
0
0
4
4
0
0
0
0
2
0
0
3
0
                 0              1     2
0    552301.070146  155350.979462  Zero
1    559266.049375  175258.992253  Zero
2    551162.080610  172141.061736  Zero
3    552605.059605  155323.074971  Zero
4    620803.029204  136724.981303  Zero
..             ...            ...   ...
495  635400.081236  170960.045232  Zero
496  548926.059834  162600.049798  Zero
497  637574.089833  151565.055985  Zero
498  614822.040857  158317.079883  Zero
499  551113.020366  138803.011019  Zero

[500 rows x 3 columns]
0
0
0
0
0
0
0
0
0
2
4
0
0
0
0
0
0
2
0
0
0
0
0
0
0
2
0
0
0
0
0
0
2
0
0
0
4
0
0
0
0
4
0
0
0
0
0
0
0
3
0
0
3
0
0
0
0
4
0
0
0
0
0
0
0
0
0
0
0
0
0
0
0
0
0
0
0
4
0
4
0
0
0
0
0
0
0
0
0
0
0
0
0
0
0
0
0
0
0
0
0
4
0
0
0
0
0
0
0
0
0
0
4
0
0
1
0
0
0
0
0
0
0
0
0
0
0
2
0
0
0
0
1
0
0
0
0
0
3
0
0
0
0
0
0
0
0
0
0
0
0
0
0
0
0
0
0
0
0
0
0
0
0
0
0
0
0
0
0
0
0
0
0
0
0
0
0
0
4
0
0
0
0
0
0
0
0
0
0
0
0
0
0
0
0
0
0
0
0
0
0
0
0
0
0
0
4
0
0
0
0
0
0
0
0
0
0
0
0
0
0
0
0
0
0
0
0
0
4
0
0
1
0
0
0
0
0
0
4
0
0
3
0
0
0
0
0
0
0
0
0
4
0
0
0
0
0
0
0
0
0
0
0
0
2
3
0
0
0
0
0
4
0
0
0
0
0
0
2
0
0
0
0
0
0
0
0
0
0
0
0
0
0
0
0
0
0
0
0
0
0
0
0
0
0
0
0
0
0
3
0
0
0
0
0
0
0
0
0
0
0
0
0
4
0
0
0
0
4
0
0
0
0
0
0
0
0
0
0
4
0
4
0
0
0
0
0
0
0
4
0
0
0
0
0
0
0
0
0
0
0
4
0
0
0
0
0
0
0
0
0
0
0
0
0
0
0
0
0
0
3
0
1
4
0
4
0
4
0
0
0
0
0
0
0
0
0
0
0
0
0
0
0
0
0
0
0
0
0
0
0
0
0
0
0
0
0
0
0
0
0
0
0
0
0
2
0
0
0
0
4
0
0
0
0
0
0
0
0
0
0
0
0
0
0
0
0
0
0
0
1
0
2
0
0
0
0
0
0
0
0
0
4
0
0
0
0
0
0
0
0
0
0
0
0
0
0
0
0
0
0
0
0
4
0
0
0
0
0
0
4
4
0
0
0
0
2
0
0
3
0
                 0              1     2
0    552301.070146  155350.979462  Zero
1    559266.049375  175258.992253  Zero
2    551162.080610  172141.061736  Zero
3    552605.059605  155323.074971  Zero
4    620803.029204  136724.981303  Zero
..             ...            ...   ...
495  635400.081236  170960.045232  Zero
496  548926.059834  162600.049798  Zero
497  637574.089833  151565.055985  Zero
498  614822.040857  158317.079883  Zero
499  551113.020366  138803.011019  Zero

[500 rows x 3 columns]
0
0
0
0
0
0
0
0
0
2
4
0
0
0
0
0
0
2
0
0
0
0
0
0
0
2
0
0
0
0
0
0
2
0
0
0
4
0
0
0
0
4
0
0
0
0
0
0
0
3
0
0
3
0
0
0
0
4
0
0
0
0
0
0
0
0
0
0
0
0
0
0
0
0
0
0
0
4
0
4
0
0
0
0
0
0
0
0
0
0
0
0
0
0
0
0
0
0
0
0
0
4
0
0
0
0
0
0
0
0
0
0
4
0
0
1
0
0
0
0
0
0
0
0
0
0
0
2
0
0
0
0
1
0
0
0
0
0
3
0
0
0
0
0
0
0
0
0
0
0
0
0
0
0
0
0
0
0
0
0
0
0
0
0
0
0
0
0
0
0
0
0
0
0
0
0
0
0
4
0
0
0
0
0
0
0
0
0
0
0
0
0
0
0
0
0
0
0
0
0
0
0
0
0
0
0
4
0
0
0
0
0
0
0
0
0
0
0
0
0
0
0
0
0
0
0
0
0
4
0
0
1
0
0
0
0
0
0
4
0
0
3
0
0
0
0
0
0
0
0
0
4
0
0
0
0
0
0
0
0
0
0
0
0
2
3
0
0
0
0
0
4
0
0
0
0
0
0
2
0
0
0
0
0
0
0
0
0
0
0
0
0
0
0
0
0
0
0
0
0
0
0
0
0
0
0
0
0
0
3
0
0
0
0
0
0
0
0
0
0
0
0
0
4
0
0
0
0
4
0
0
0
0
0
0
0
0
0
0
4
0
4
0
0
0
0
0
0
0
4
0
0
0
0
0
0
0
0
0
0
0
4
0
0
0
0
0
0
0
0
0
0
0
0
0
0
0
0
0
0
3
0
1
4
0
4
0
4
0
0
0
0
0
0
0
0
0
0
0
0
0
0
0
0
0
0
0
0
0
0
0
0
0
0
0
0
0
0
0
0
0
0
0
0
0
2
0
0
0
0
4
0
0
0
0
0
0
0
0
0
0
0
0
0
0
0
0
0
0
0
1
0
2
0
0
0
0
0
0
0
0
0
4
0
0
0
0
0
0
0
0
0
0
0
0
0
0
0
0
0
0
0
0
4
0
0
0
0
0
0
4
4
0
0
0
0
2
0
0
3
0
                 0              1     2
0    552301.070146  155350.979462  Zero
1    559266.049375  175258.992253  Zero
2    551162.080610  172141.061736  Zero
3    552605.059605  155323.074971  Zero
4    620803.029204  136724.981303  Zero
..             ...            ...   ...
495  635400.081236  170960.045232  Zero
496  548926.059834  162600.049798  Zero
497  637574.089833  151565.055985  Zero
498  614822.040857  158317.079883  Zero
499  551113.020366  138803.011019  Zero

[500 rows x 3 columns]
0
0
0
0
0
0
0
0
0
2
4
0
0
0
0
0
0
2
0
0
0
0
0
0
0
2
0
0
0
0
0
0
2
0
0
0
4
0
0
0
0
4
0
0
0
0
0
0
0
3
0
0
3
0
0
0
0
4
0
0
0
0
0
0
0
0
0
0
0
0
0
0
0
0
0
0
0
4
0
4
0
0
0
0
0
0
0
0
0
0
0
0
0
0
0
0
0
0
0
0
0
4
0
0
0
0
0
0
0
0
0
0
4
0
0
1
0
0
0
0
0
0
0
0
0
0
0
2
0
0
0
0
1
0
0
0
0
0
3
0
0
0
0
0
0
0
0
0
0
0
0
0
0
0
0
0
0
0
0
0
0
0
0
0
0
0
0
0
0
0
0
0
0
0
0
0
0
0
4
0
0
0
0
0
0
0
0
0
0
0
0
0
0
0
0
0
0
0
0
0
0
0
0
0
0
0
4
0
0
0
0
0
0
0
0
0
0
0
0
0
0
0
0
0
0
0
0
0
4
0
0
1
0
0
0
0
0
0
4
0
0
3
0
0
0
0
0
0
0
0
0
4
0
0
0
0
0
0
0
0
0
0
0
0
2
3
0
0
0
0
0
4
0
0
0
0
0
0
2
0
0
0
0
0
0
0
0
0
0
0
0
0
0
0
0
0
0
0
0
0
0
0
0
0
0
0
0
0
0
3
0
0
0
0
0
0
0
0
0
0
0
0
0
4
0
0
0
0
4
0
0
0
0
0
0
0
0
0
0
4
0
4
0
0
0
0
0
0
0
4
0
0
0
0
0
0
0
0
0
0
0
4
0
0
0
0
0
0
0
0
0
0
0
0
0
0
0
0
0
0
3
0
1
4
0
4
0
4
0
0
0
0
0
0
0
0
0
0
0
0
0
0
0
0
0
0
0
0
0
0
0
0
0
0
0
0
0
0
0
0
0
0
0
0
0
2
0
0
0
0
4
0
0
0
0
0
0
0
0
0
0
0
0
0
0
0
0
0
0
0
1
0
2
0
0
0
0
0
0
0
0
0
4
0
0
0
0
0
0
0
0
0
0
0
0
0
0
0
0
0
0
0
0
4
0
0
0
0
0
0
4
4
0
0
0
0
2
0
0
3
0
</system-out></testcase><testcase classname="test" file="test.py" line="155" name="test_get_sorted_flood_probability" points="1" time="26.923"><properties>
[...]
</properties><system-out>                0             1     2
0    2.863461e+06 -1.242965e+05  Zero
1    5.041453e+06  3.262844e+06  Zero
2    3.876381e+06  1.661490e+06  Zero
3    4.017338e+06  1.874577e+06  Zero
4    5.257805e+06  3.430320e+06  Zero
..            ...           ...   ...
490  2.498398e+06  1.177389e+06  Zero
491  1.971038e+06  7.691359e+05  Zero
492  2.918927e+06  1.516269e+06  Zero
493  4.478639e+06  3.841605e+06  Zero
494  1.339784e+06  2.126222e+06  Zero

[495 rows x 3 columns]
0
0
0
0
0
0
0
0
0
0
0
0
0
0
0
0
0
0
0
0
0
0
0
0
0
0
0
0
0
0
0
0
0
0
0
0
0
0
0
0
0
0
0
0
0
0
0
0
0
0
0
0
0
0
0
0
0
0
0
0
0
0
0
0
0
0
0
0
0
0
0
0
0
0
0
0
0
0
0
0
0
0
0
0
0
0
0
0
0
0
0
0
0
0
0
0
0
0
0
0
0
0
0
0
0
0
0
0
0
0
0
0
0
0
0
0
0
0
0
0
0
0
0
0
0
0
0
0
0
0
0
0
0
0
0
0
0
0
0
0
0
0
0
0
0
0
0
0
0
0
0
0
0
0
0
0
0
0
0
0
0
0
0
0
0
0
0
0
0
0
0
0
0
0
0
0
0
0
0
0
0
0
0
0
0
0
0
0
0
0
0
0
0
0
0
0
0
0
0
0
0
0
0
0
0
0
0
0
0
0
0
0
0
0
0
0
0
0
0
0
0
0
0
0
0
0
0
0
0
0
0
0
0
0
0
0
0
0
0
0
0
0
0
0
0
0
0
0
0
0
0
0
0
0
0
0
0
0
0
0
0
0
0
0
0
0
0
0
0
0
0
0
0
0
0
0
0
0
0
0
0
0
0
0
0
0
0
0
0
0
0
0
0
0
0
0
0
0
0
0
0
0
0
0
0
0
0
0
0
0
0
0
0
0
0
0
0
0
0
0
0
0
0
0
0
0
0
0
0
0
0
0
0
0
0
0
0
0
0
0
0
0
0
0
0
0
0
0
0
0
0
0
0
0
0
0
0
0
0
0
0
0
0
0
0
0
0
0
0
0
0
0
0
0
0
0
0
0
0
0
0
0
0
0
0
0
0
0
0
0
0
0
0
0
0
0
0
0
0
0
0
0
0
0
0
0
0
0
0
0
0
0
0
0
0
0
0
0
0
0
0
0
0
0
0
0
0
0
0
0
0
0
0
0
0
0
0
0
0
0
0
0
0
0
0
0
0
0
0
0
0
0
0
0
0
0
0
0
0
0
0
0
0
0
0
0
0
0
0
0
0
0
0
0
0
0
0
0
0
0
0
0
0
0
0
0
0
0
0
0
0
0
0
0
0
0
[&apos;Zero&apos; &apos;Zero&apos; &apos;Zero&apos; &apos;Zero&apos; &apos;Zero&apos; &apos;Zero&apos; &apos;Zero&apos; &apos;Zero&apos; &apos;Zero&apos; &apos;Zero&apos;
 &apos;Zero&apos; &apos;Zero&apos; &apos;Zero&apos; &apos;Zero&apos; &apos;Zero&apos; &apos;Zero&apos; &apos;Zero&apos; &apos;Zero&apos; &apos;Zero&apos; &apos;Zero&apos;
 &apos;Zero&apos; &apos;Zero&apos; &apos;Zero&apos; &apos;Zero&apos; &apos;Zero&apos; &apos;Zero&apos; &apos;Zero&apos; &apos;Zero&apos; &apos;Zero&apos; &apos;Zero&apos;
 &apos;Zero&apos; &apos;Zero&apos; &apos;Zero&apos; &apos;Zero&apos; &apos;Zero&apos; &apos;Zero&apos; &apos;Zero&apos; &apos;Zero&apos; &apos;Zero&apos; &apos;Zero&apos;
 &apos;Zero&apos; &apos;Zero&apos; &apos;Zero&apos; &apos;Zero&apos; &apos;Zero&apos; &apos;Zero&apos; &apos;Zero&apos; &apos;Zero&apos; &apos;Zero&apos; &apos;Zero&apos;
 &apos;Zero&apos; &apos;Zero&apos; &apos;Zero&apos; &apos;Zero&apos; &apos;Zero&apos; &apos;Zero&apos; &apos;Zero&apos; &apos;Zero&apos; &apos;Zero&apos; &apos;Zero&apos;
 &apos;Zero&apos; &apos;Zero&apos; &apos;Zero&apos; &apos;Zero&apos; &apos;Zero&apos; &apos;Zero&apos; &apos;Zero&apos; &apos;Zero&apos; &apos;Zero&apos; &apos;Zero&apos;
 &apos;Zero&apos; &apos;Zero&apos; &apos;Zero&apos; &apos;Zero&apos; &apos;Zero&apos; &apos;Zero&apos; &apos;Zero&apos; &apos;Zero&apos; &apos;Zero&apos; &apos;Zero&apos;
 &apos;Zero&apos; &apos;Zero&apos; &apos;Zero&apos; &apos;Zero&apos; &apos;Zero&apos; &apos;Zero&apos; &apos;Zero&apos; &apos;Zero&apos; &apos;Zero&apos; &apos;Zero&apos;
 &apos;Zero&apos; &apos;Zero&apos; &apos;Zero&apos; &apos;Zero&apos; &apos;Zero&apos; &apos;Zero&apos; &apos;Zero&apos; &apos;Zero&apos; &apos;Zero&apos; &apos;Zero&apos;
 &apos;Zero&apos; &apos;Zero&apos; &apos;Zero&apos; &apos;Zero&apos; &apos;Zero&apos; &apos;Zero&apos; &apos;Zero&apos; &apos;Zero&apos; &apos;Zero&apos; &apos;Zero&apos;
 &apos;Zero&apos; &apos;Zero&apos; &apos;Zero&apos; &apos;Zero&apos; &apos;Zero&apos; &apos;Zero&apos; &apos;Zero&apos; &apos;Zero&apos; &apos;Zero&apos; &apos;Zero&apos;
 &apos;Zero&apos; &apos;Zero&apos; &apos;Zero&apos; &apos;Zero&apos; &apos;Zero&apos; &apos;Zero&apos; &apos;Zero&apos; &apos;Zero&apos; &apos;Zero&apos; &apos;Zero&apos;
 &apos;Zero&apos; &apos;Zero&apos; &apos;Zero&apos; &apos;Zero&apos; &apos;Zero&apos; &apos;Zero&apos; &apos;Zero&apos; &apos;Zero&apos; &apos;Zero&apos; &apos;Zero&apos;
 &apos;Zero&apos; &apos;Zero&apos; &apos;Zero&apos; &apos;Zero&apos; &apos;Zero&apos; &apos;Zero&apos; &apos;Zero&apos; &apos;Zero&apos; &apos;Zero&apos; &apos;Zero&apos;
 &apos;Zero&apos; &apos;Zero&apos; &apos;Zero&apos; &apos;Zero&apos; &apos;Zero&apos; &apos;Zero&apos; &apos;Zero&apos; &apos;Zero&apos; &apos;Zero&apos; &apos;Zero&apos;
 &apos;Zero&apos; &apos;Zero&apos; &apos;Zero&apos; &apos;Zero&apos; &apos;Zero&apos; &apos;Zero&apos; &apos;Zero&apos; &apos;Zero&apos; &apos;Zero&apos; &apos;Zero&apos;
 &apos;Zero&apos; &apos;Zero&apos; &apos;Zero&apos; &apos;Zero&apos; &apos;Zero&apos; &apos;Zero&apos; &apos;Zero&apos; &apos;Zero&apos; &apos;Zero&apos; &apos;Zero&apos;
 &apos;Zero&apos; &apos;Zero&apos; &apos;Zero&apos; &apos;Zero&apos; &apos;Zero&apos; &apos;Zero&apos; &apos;Zero&apos; &apos;Zero&apos; &apos;Zero&apos; &apos;Zero&apos;
 &apos;Zero&apos; &apos;Zero&apos; &apos;Zero&apos; &apos;Zero&apos; &apos;Zero&apos; &apos;Zero&apos; &apos;Zero&apos; &apos;Zero&apos; &apos;Zero&apos; &apos;Zero&apos;
 &apos;Zero&apos; &apos;Zero&apos; &apos;Zero&apos; &apos;Zero&apos; &apos;Zero&apos; &apos;Zero&apos; &apos;Zero&apos; &apos;Zero&apos; &apos;Zero&apos; &apos;Zero&apos;
 &apos;Zero&apos; &apos;Zero&apos; &apos;Zero&apos; &apos;Zero&apos; &apos;Zero&apos; &apos;Zero&apos; &apos;Zero&apos; &apos;Zero&apos; &apos;Zero&apos; &apos;Zero&apos;
 &apos;Zero&apos; &apos;Zero&apos; &apos;Zero&apos; &apos;Zero&apos; &apos;Zero&apos; &apos;Zero&apos; &apos;Zero&apos; &apos;Zero&apos; &apos;Zero&apos; &apos;Zero&apos;
 &apos;Zero&apos; &apos;Zero&apos; &apos;Zero&apos; &apos;Zero&apos; &apos;Zero&apos; &apos;Zero&apos; &apos;Zero&apos; &apos;Zero&apos; &apos;Zero&apos; &apos;Zero&apos;
 &apos;Zero&apos; &apos;Zero&apos; &apos;Zero&apos; &apos;Zero&apos; &apos;Zero&apos; &apos;Zero&apos; &apos;Zero&apos; &apos;Zero&apos; &apos;Zero&apos; &apos;Zero&apos;
 &apos;Zero&apos; &apos;Zero&apos; &apos;Zero&apos; &apos;Zero&apos; &apos;Zero&apos; &apos;Zero&apos; &apos;Zero&apos; &apos;Zero&apos; &apos;Zero&apos; &apos;Zero&apos;
 &apos;Zero&apos; &apos;Zero&apos; &apos;Zero&apos; &apos;Zero&apos; &apos;Zero&apos; &apos;Zero&apos; &apos;Zero&apos; &apos;Zero&apos; &apos;Zero&apos; &apos;Zero&apos;
 &apos;Zero&apos; &apos;Zero&apos; &apos;Zero&apos; &apos;Zero&apos; &apos;Zero&apos; &apos;Zero&apos; &apos;Zero&apos; &apos;Zero&apos; &apos;Zero&apos; &apos;Zero&apos;
 &apos;Zero&apos; &apos;Zero&apos; &apos;Zero&apos; &apos;Zero&apos; &apos;Zero&apos; &apos;Zero&apos; &apos;Zero&apos; &apos;Zero&apos; &apos;Zero&apos; &apos;Zero&apos;
 &apos;Zero&apos; &apos;Zero&apos; &apos;Zero&apos; &apos;Zero&apos; &apos;Zero&apos; &apos;Zero&apos; &apos;Zero&apos; &apos;Zero&apos; &apos;Zero&apos; &apos;Zero&apos;
 &apos;Zero&apos; &apos;Zero&apos; &apos;Zero&apos; &apos;Zero&apos; &apos;Zero&apos; &apos;Zero&apos; &apos;Zero&apos; &apos;Zero&apos; &apos;Zero&apos; &apos;Zero&apos;
 &apos;Zero&apos; &apos;Zero&apos; &apos;Zero&apos; &apos;Zero&apos; &apos;Zero&apos; &apos;Zero&apos; &apos;Zero&apos; &apos;Zero&apos; &apos;Zero&apos; &apos;Zero&apos;
 &apos;Zero&apos; &apos;Zero&apos; &apos;Zero&apos; &apos;Zero&apos; &apos;Zero&apos; &apos;Zero&apos; &apos;Zero&apos; &apos;Zero&apos; &apos;Zero&apos; &apos;Zero&apos;
 &apos;Zero&apos; &apos;Zero&apos; &apos;Zero&apos; &apos;Zero&apos; &apos;Zero&apos; &apos;Zero&apos; &apos;Zero&apos; &apos;Zero&apos; &apos;Zero&apos; &apos;Zero&apos;
 &apos;Zero&apos; &apos;Zero&apos; &apos;Zero&apos; &apos;Zero&apos; &apos;Zero&apos; &apos;Zero&apos; &apos;Zero&apos; &apos;Zero&apos; &apos;Zero&apos; &apos;Zero&apos;
 &apos;Zero&apos; &apos;Zero&apos; &apos;Zero&apos; &apos;Zero&apos; &apos;Zero&apos; &apos;Zero&apos; &apos;Zero&apos; &apos;Zero&apos; &apos;Zero&apos; &apos;Zero&apos;
 &apos;Zero&apos; &apos;Zero&apos; &apos;Zero&apos; &apos;Zero&apos; &apos;Zero&apos; &apos;Zero&apos; &apos;Zero&apos; &apos;Zero&apos; &apos;Zero&apos; &apos;Zero&apos;
 &apos;Zero&apos; &apos;Zero&apos; &apos;Zero&apos; &apos;Zero&apos; &apos;Zero&apos; &apos;Zero&apos; &apos;Zero&apos; &apos;Zero&apos; &apos;Zero&apos; &apos;Zero&apos;
 &apos;Zero&apos; &apos;Zero&apos; &apos;Zero&apos; &apos;Zero&apos; &apos;Zero&apos; &apos;Zero&apos; &apos;Zero&apos; &apos;Zero&apos; &apos;Zero&apos; &apos;Zero&apos;
 &apos;Zero&apos; &apos;Zero&apos; &apos;Zero&apos; &apos;Zero&apos; &apos;Zero&apos; &apos;Zero&apos; &apos;Zero&apos; &apos;Zero&apos; &apos;Zero&apos; &apos;Zero&apos;
 &apos;Zero&apos; &apos;Zero&apos; &apos;Zero&apos; &apos;Zero&apos; &apos;Zero&apos; &apos;Zero&apos; &apos;Zero&apos; &apos;Zero&apos; &apos;Zero&apos; &apos;Zero&apos;
 &apos;Zero&apos; &apos;Zero&apos; &apos;Zero&apos; &apos;Zero&apos; &apos;Zero&apos; &apos;Zero&apos; &apos;Zero&apos; &apos;Zero&apos; &apos;Zero&apos; &apos;Zero&apos;
 &apos;Zero&apos; &apos;Zero&apos; &apos;Zero&apos; &apos;Zero&apos; &apos;Zero&apos; &apos;Zero&apos; &apos;Zero&apos; &apos;Zero&apos; &apos;Zero&apos; &apos;Zero&apos;
 &apos;Zero&apos; &apos;Zero&apos; &apos;Zero&apos; &apos;Zero&apos; &apos;Zero&apos; &apos;Zero&apos; &apos;Zero&apos; &apos;Zero&apos; &apos;Zero&apos; &apos;Zero&apos;
 &apos;Zero&apos; &apos;Zero&apos; &apos;Zero&apos; &apos;Zero&apos; &apos;Zero&apos; &apos;Zero&apos; &apos;Zero&apos; &apos;Zero&apos; &apos;Zero&apos; &apos;Zero&apos;
 &apos;Zero&apos; &apos;Zero&apos; &apos;Zero&apos; &apos;Zero&apos; &apos;Zero&apos; &apos;Zero&apos; &apos;Zero&apos; &apos;Zero&apos; &apos;Zero&apos; &apos;Zero&apos;
 &apos;Zero&apos; &apos;Zero&apos; &apos;Zero&apos; &apos;Zero&apos; &apos;Zero&apos; &apos;Zero&apos; &apos;Zero&apos; &apos;Zero&apos; &apos;Zero&apos; &apos;Zero&apos;
 &apos;Zero&apos; &apos;Zero&apos; &apos;Zero&apos; &apos;Zero&apos; &apos;Zero&apos; &apos;Zero&apos; &apos;Zero&apos; &apos;Zero&apos; &apos;Zero&apos; &apos;Zero&apos;
 &apos;Zero&apos; &apos;Zero&apos; &apos;Zero&apos; &apos;Zero&apos; &apos;Zero&apos; &apos;Zero&apos; &apos;Zero&apos; &apos;Zero&apos; &apos;Zero&apos; &apos;Zero&apos;
 &apos;Zero&apos; &apos;Zero&apos; &apos;Zero&apos; &apos;Zero&apos; &apos;Zero&apos;]
                0             1     2
0    2.863461e+06 -1.242965e+05  Zero
1    5.041453e+06  3.262844e+06  Zero
2    3.876381e+06  1.661490e+06  Zero
3    4.017338e+06  1.874577e+06  Zero
4    5.257805e+06  3.430320e+06  Zero
..            ...           ...   ...
490  2.498398e+06  1.177389e+06  Zero
491  1.971038e+06  7.691359e+05  Zero
492  2.918927e+06  1.516269e+06  Zero
493  4.478639e+06  3.841605e+06  Zero
494  1.339784e+06  2.126222e+06  Zero

[495 rows x 3 columns]
0
0
0
0
0
0
0
0
0
0
0
0
0
0
0
0
0
0
0
0
0
0
0
0
0
0
0
0
0
0
0
0
0
0
0
0
0
0
0
0
0
0
0
0
0
0
0
0
0
0
0
0
0
0
0
0
0
0
0
0
0
0
0
0
0
0
0
0
0
0
0
0
0
0
0
0
0
0
0
0
0
0
0
0
0
0
0
0
0
0
0
0
0
0
0
0
0
0
0
0
0
0
0
0
0
0
0
0
0
0
0
0
0
0
0
0
0
0
0
0
0
0
0
0
0
0
0
0
0
0
0
0
0
0
0
0
0
0
0
0
0
0
0
0
0
0
0
0
0
0
0
0
0
0
0
0
0
0
0
0
0
0
0
0
0
0
0
0
0
0
0
0
0
0
0
0
0
0
0
0
0
0
0
0
0
0
0
0
0
0
0
0
0
0
0
0
0
0
0
0
0
0
0
0
0
0
0
0
0
0
0
0
0
0
0
0
0
0
0
0
0
0
0
0
0
0
0
0
0
0
0
0
0
0
0
0
0
0
0
0
0
0
0
0
0
0
0
0
0
0
0
0
0
0
0
0
0
0
0
0
0
0
0
0
0
0
0
0
0
0
0
0
0
0
0
0
0
0
0
0
0
0
0
0
0
0
0
0
0
0
0
0
0
0
0
0
0
0
0
0
0
0
0
0
0
0
0
0
0
0
0
0
0
0
0
0
0
0
0
0
0
0
0
0
0
0
0
0
0
0
0
0
0
0
0
0
0
0
0
0
0
0
0
0
0
0
0
0
0
0
0
0
0
0
0
0
0
0
0
0
0
0
0
0
0
0
0
0
0
0
0
0
0
0
0
0
0
0
0
0
0
0
0
0
0
0
0
0
0
0
0
0
0
0
0
0
0
0
0
0
0
0
0
0
0
0
0
0
0
0
0
0
0
0
0
0
0
0
0
0
0
0
0
0
0
0
0
0
0
0
0
0
0
0
0
0
0
0
0
0
0
0
0
0
0
0
0
0
0
0
0
0
0
0
0
0
0
0
0
0
0
0
0
0
0
0
0
0
0
0
0
0
0
0
0
0
0
0
0
0
0
0
0
0
0
0
0
0
0
0
0
0
0
0
0
0
[&apos;Zero&apos; &apos;Zero&apos; &apos;Zero&apos; &apos;Zero&apos; &apos;Zero&apos; &apos;Zero&apos; &apos;Zero&apos; &apos;Zero&apos; &apos;Zero&apos; &apos;Zero&apos;
 &apos;Zero&apos; &apos;Zero&apos; &apos;Zero&apos; &apos;Zero&apos; &apos;Zero&apos; &apos;Zero&apos; &apos;Zero&apos; &apos;Zero&apos; &apos;Zero&apos; &apos;Zero&apos;
 &apos;Zero&apos; &apos;Zero&apos; &apos;Zero&apos; &apos;Zero&apos; &apos;Zero&apos; &apos;Zero&apos; &apos;Zero&apos; &apos;Zero&apos; &apos;Zero&apos; &apos;Zero&apos;
 &apos;Zero&apos; &apos;Zero&apos; &apos;Zero&apos; &apos;Zero&apos; &apos;Zero&apos; &apos;Zero&apos; &apos;Zero&apos; &apos;Zero&apos; &apos;Zero&apos; &apos;Zero&apos;
 &apos;Zero&apos; &apos;Zero&apos; &apos;Zero&apos; &apos;Zero&apos; &apos;Zero&apos; &apos;Zero&apos; &apos;Zero&apos; &apos;Zero&apos; &apos;Zero&apos; &apos;Zero&apos;
 &apos;Zero&apos; &apos;Zero&apos; &apos;Zero&apos; &apos;Zero&apos; &apos;Zero&apos; &apos;Zero&apos; &apos;Zero&apos; &apos;Zero&apos; &apos;Zero&apos; &apos;Zero&apos;
 &apos;Zero&apos; &apos;Zero&apos; &apos;Zero&apos; &apos;Zero&apos; &apos;Zero&apos; &apos;Zero&apos; &apos;Zero&apos; &apos;Zero&apos; &apos;Zero&apos; &apos;Zero&apos;
 &apos;Zero&apos; &apos;Zero&apos; &apos;Zero&apos; &apos;Zero&apos; &apos;Zero&apos; &apos;Zero&apos; &apos;Zero&apos; &apos;Zero&apos; &apos;Zero&apos; &apos;Zero&apos;
 &apos;Zero&apos; &apos;Zero&apos; &apos;Zero&apos; &apos;Zero&apos; &apos;Zero&apos; &apos;Zero&apos; &apos;Zero&apos; &apos;Zero&apos; &apos;Zero&apos; &apos;Zero&apos;
 &apos;Zero&apos; &apos;Zero&apos; &apos;Zero&apos; &apos;Zero&apos; &apos;Zero&apos; &apos;Zero&apos; &apos;Zero&apos; &apos;Zero&apos; &apos;Zero&apos; &apos;Zero&apos;
 &apos;Zero&apos; &apos;Zero&apos; &apos;Zero&apos; &apos;Zero&apos; &apos;Zero&apos; &apos;Zero&apos; &apos;Zero&apos; &apos;Zero&apos; &apos;Zero&apos; &apos;Zero&apos;
 &apos;Zero&apos; &apos;Zero&apos; &apos;Zero&apos; &apos;Zero&apos; &apos;Zero&apos; &apos;Zero&apos; &apos;Zero&apos; &apos;Zero&apos; &apos;Zero&apos; &apos;Zero&apos;
 &apos;Zero&apos; &apos;Zero&apos; &apos;Zero&apos; &apos;Zero&apos; &apos;Zero&apos; &apos;Zero&apos; &apos;Zero&apos; &apos;Zero&apos; &apos;Zero&apos; &apos;Zero&apos;
 &apos;Zero&apos; &apos;Zero&apos; &apos;Zero&apos; &apos;Zero&apos; &apos;Zero&apos; &apos;Zero&apos; &apos;Zero&apos; &apos;Zero&apos; &apos;Zero&apos; &apos;Zero&apos;
 &apos;Zero&apos; &apos;Zero&apos; &apos;Zero&apos; &apos;Zero&apos; &apos;Zero&apos; &apos;Zero&apos; &apos;Zero&apos; &apos;Zero&apos; &apos;Zero&apos; &apos;Zero&apos;
 &apos;Zero&apos; &apos;Zero&apos; &apos;Zero&apos; &apos;Zero&apos; &apos;Zero&apos; &apos;Zero&apos; &apos;Zero&apos; &apos;Zero&apos; &apos;Zero&apos; &apos;Zero&apos;
 &apos;Zero&apos; &apos;Zero&apos; &apos;Zero&apos; &apos;Zero&apos; &apos;Zero&apos; &apos;Zero&apos; &apos;Zero&apos; &apos;Zero&apos; &apos;Zero&apos; &apos;Zero&apos;
 &apos;Zero&apos; &apos;Zero&apos; &apos;Zero&apos; &apos;Zero&apos; &apos;Zero&apos; &apos;Zero&apos; &apos;Zero&apos; &apos;Zero&apos; &apos;Zero&apos; &apos;Zero&apos;
 &apos;Zero&apos; &apos;Zero&apos; &apos;Zero&apos; &apos;Zero&apos; &apos;Zero&apos; &apos;Zero&apos; &apos;Zero&apos; &apos;Zero&apos; &apos;Zero&apos; &apos;Zero&apos;
 &apos;Zero&apos; &apos;Zero&apos; &apos;Zero&apos; &apos;Zero&apos; &apos;Zero&apos; &apos;Zero&apos; &apos;Zero&apos; &apos;Zero&apos; &apos;Zero&apos; &apos;Zero&apos;
 &apos;Zero&apos; &apos;Zero&apos; &apos;Zero&apos; &apos;Zero&apos; &apos;Zero&apos; &apos;Zero&apos; &apos;Zero&apos; &apos;Zero&apos; &apos;Zero&apos; &apos;Zero&apos;
 &apos;Zero&apos; &apos;Zero&apos; &apos;Zero&apos; &apos;Zero&apos; &apos;Zero&apos; &apos;Zero&apos; &apos;Zero&apos; &apos;Zero&apos; &apos;Zero&apos; &apos;Zero&apos;
 &apos;Zero&apos; &apos;Zero&apos; &apos;Zero&apos; &apos;Zero&apos; &apos;Zero&apos; &apos;Zero&apos; &apos;Zero&apos; &apos;Zero&apos; &apos;Zero&apos; &apos;Zero&apos;
 &apos;Zero&apos; &apos;Zero&apos; &apos;Zero&apos; &apos;Zero&apos; &apos;Zero&apos; &apos;Zero&apos; &apos;Zero&apos; &apos;Zero&apos; &apos;Zero&apos; &apos;Zero&apos;
 &apos;Zero&apos; &apos;Zero&apos; &apos;Zero&apos; &apos;Zero&apos; &apos;Zero&apos; &apos;Zero&apos; &apos;Zero&apos; &apos;Zero&apos; &apos;Zero&apos; &apos;Zero&apos;
 &apos;Zero&apos; &apos;Zero&apos; &apos;Zero&apos; &apos;Zero&apos; &apos;Zero&apos; &apos;Zero&apos; &apos;Zero&apos; &apos;Zero&apos; &apos;Zero&apos; &apos;Zero&apos;
 &apos;Zero&apos; &apos;Zero&apos; &apos;Zero&apos; &apos;Zero&apos; &apos;Zero&apos; &apos;Zero&apos; &apos;Zero&apos; &apos;Zero&apos; &apos;Zero&apos; &apos;Zero&apos;
 &apos;Zero&apos; &apos;Zero&apos; &apos;Zero&apos; &apos;Zero&apos; &apos;Zero&apos; &apos;Zero&apos; &apos;Zero&apos; &apos;Zero&apos; &apos;Zero&apos; &apos;Zero&apos;
 &apos;Zero&apos; &apos;Zero&apos; &apos;Zero&apos; &apos;Zero&apos; &apos;Zero&apos; &apos;Zero&apos; &apos;Zero&apos; &apos;Zero&apos; &apos;Zero&apos; &apos;Zero&apos;
 &apos;Zero&apos; &apos;Zero&apos; &apos;Zero&apos; &apos;Zero&apos; &apos;Zero&apos; &apos;Zero&apos; &apos;Zero&apos; &apos;Zero&apos; &apos;Zero&apos; &apos;Zero&apos;
 &apos;Zero&apos; &apos;Zero&apos; &apos;Zero&apos; &apos;Zero&apos; &apos;Zero&apos; &apos;Zero&apos; &apos;Zero&apos; &apos;Zero&apos; &apos;Zero&apos; &apos;Zero&apos;
 &apos;Zero&apos; &apos;Zero&apos; &apos;Zero&apos; &apos;Zero&apos; &apos;Zero&apos; &apos;Zero&apos; &apos;Zero&apos; &apos;Zero&apos; &apos;Zero&apos; &apos;Zero&apos;
 &apos;Zero&apos; &apos;Zero&apos; &apos;Zero&apos; &apos;Zero&apos; &apos;Zero&apos; &apos;Zero&apos; &apos;Zero&apos; &apos;Zero&apos; &apos;Zero&apos; &apos;Zero&apos;
 &apos;Zero&apos; &apos;Zero&apos; &apos;Zero&apos; &apos;Zero&apos; &apos;Zero&apos; &apos;Zero&apos; &apos;Zero&apos; &apos;Zero&apos; &apos;Zero&apos; &apos;Zero&apos;
 &apos;Zero&apos; &apos;Zero&apos; &apos;Zero&apos; &apos;Zero&apos; &apos;Zero&apos; &apos;Zero&apos; &apos;Zero&apos; &apos;Zero&apos; &apos;Zero&apos; &apos;Zero&apos;
 &apos;Zero&apos; &apos;Zero&apos; &apos;Zero&apos; &apos;Zero&apos; &apos;Zero&apos; &apos;Zero&apos; &apos;Zero&apos; &apos;Zero&apos; &apos;Zero&apos; &apos;Zero&apos;
 &apos;Zero&apos; &apos;Zero&apos; &apos;Zero&apos; &apos;Zero&apos; &apos;Zero&apos; &apos;Zero&apos; &apos;Zero&apos; &apos;Zero&apos; &apos;Zero&apos; &apos;Zero&apos;
 &apos;Zero&apos; &apos;Zero&apos; &apos;Zero&apos; &apos;Zero&apos; &apos;Zero&apos; &apos;Zero&apos; &apos;Zero&apos; &apos;Zero&apos; &apos;Zero&apos; &apos;Zero&apos;
 &apos;Zero&apos; &apos;Zero&apos; &apos;Zero&apos; &apos;Zero&apos; &apos;Zero&apos; &apos;Zero&apos; &apos;Zero&apos; &apos;Zero&apos; &apos;Zero&apos; &apos;Zero&apos;
 &apos;Zero&apos; &apos;Zero&apos; &apos;Zero&apos; &apos;Zero&apos; &apos;Zero&apos; &apos;Zero&apos; &apos;Zero&apos; &apos;Zero&apos; &apos;Zero&apos; &apos;Zero&apos;
 &apos;Zero&apos; &apos;Zero&apos; &apos;Zero&apos; &apos;Zero&apos; &apos;Zero&apos; &apos;Zero&apos; &apos;Zero&apos; &apos;Zero&apos; &apos;Zero&apos; &apos;Zero&apos;
 &apos;Zero&apos; &apos;Zero&apos; &apos;Zero&apos; &apos;Zero&apos; &apos;Zero&apos; &apos;Zero&apos; &apos;Zero&apos; &apos;Zero&apos; &apos;Zero&apos; &apos;Zero&apos;
 &apos;Zero&apos; &apos;Zero&apos; &apos;Zero&apos; &apos;Zero&apos; &apos;Zero&apos; &apos;Zero&apos; &apos;Zero&apos; &apos;Zero&apos; &apos;Zero&apos; &apos;Zero&apos;
 &apos;Zero&apos; &apos;Zero&apos; &apos;Zero&apos; &apos;Zero&apos; &apos;Zero&apos; &apos;Zero&apos; &apos;Zero&apos; &apos;Zero&apos; &apos;Zero&apos; &apos;Zero&apos;
 &apos;Zero&apos; &apos;Zero&apos; &apos;Zero&apos; &apos;Zero&apos; &apos;Zero&apos; &apos;Zero&apos; &apos;Zero&apos; &apos;Zero&apos; &apos;Zero&apos; &apos;Zero&apos;
 &apos;Zero&apos; &apos;Zero&apos; &apos;Zero&apos; &apos;Zero&apos; &apos;Zero&apos; &apos;Zero&apos; &apos;Zero&apos; &apos;Zero&apos; &apos;Zero&apos; &apos;Zero&apos;
 &apos;Zero&apos; &apos;Zero&apos; &apos;Zero&apos; &apos;Zero&apos; &apos;Zero&apos; &apos;Zero&apos; &apos;Zero&apos; &apos;Zero&apos; &apos;Zero&apos; &apos;Zero&apos;
 &apos;Zero&apos; &apos;Zero&apos; &apos;Zero&apos; &apos;Zero&apos; &apos;Zero&apos; &apos;Zero&apos; &apos;Zero&apos; &apos;Zero&apos; &apos;Zero&apos; &apos;Zero&apos;
 &apos;Zero&apos; &apos;Zero&apos; &apos;Zero&apos; &apos;Zero&apos; &apos;Zero&apos; &apos;Zero&apos; &apos;Zero&apos; &apos;Zero&apos; &apos;Zero&apos; &apos;Zero&apos;
 &apos;Zero&apos; &apos;Zero&apos; &apos;Zero&apos; &apos;Zero&apos; &apos;Zero&apos;]
                0             1     2
0    2.863461e+06 -1.242965e+05  Zero
1    5.041453e+06  3.262844e+06  Zero
2    3.876381e+06  1.661490e+06  Zero
3    4.017338e+06  1.874577e+06  Zero
4    5.257805e+06  3.430320e+06  Zero
..            ...           ...   ...
490  2.498398e+06  1.177389e+06  Zero
491  1.971038e+06  7.691359e+05  Zero
492  2.918927e+06  1.516269e+06  Zero
493  4.478639e+06  3.841605e+06  Zero
494  1.339784e+06  2.126222e+06  Zero

[495 rows x 3 columns]
0
0
0
0
0
0
0
0
0
0
0
0
0
0
0
0
0
0
0
0
0
0
0
0
0
0
0
0
0
0
0
0
0
0
0
0
0
0
0
0
0
0
0
0
0
0
0
0
0
0
0
0
0
0
0
0
0
0
0
0
0
0
0
0
0
0
0
0
0
0
0
0
0
0
0
0
0
0
0
0
0
0
0
0
0
0
0
0
0
0
0
0
0
0
0
0
0
0
0
0
0
0
0
0
0
0
0
0
0
0
0
0
0
0
0
0
0
0
0
0
0
0
0
0
0
0
0
0
0
0
0
0
0
0
0
0
0
0
0
0
0
0
0
0
0
0
0
0
0
0
0
0
0
0
0
0
0
0
0
0
0
0
0
0
0
0
0
0
0
0
0
0
0
0
0
0
0
0
0
0
0
0
0
0
0
0
0
0
0
0
0
0
0
0
0
0
0
0
0
0
0
0
0
0
0
0
0
0
0
0
0
0
0
0
0
0
0
0
0
0
0
0
0
0
0
0
0
0
0
0
0
0
0
0
0
0
0
0
0
0
0
0
0
0
0
0
0
0
0
0
0
0
0
0
0
0
0
0
0
0
0
0
0
0
0
0
0
0
0
0
0
0
0
0
0
0
0
0
0
0
0
0
0
0
0
0
0
0
0
0
0
0
0
0
0
0
0
0
0
0
0
0
0
0
0
0
0
0
0
0
0
0
0
0
0
0
0
0
0
0
0
0
0
0
0
0
0
0
0
0
0
0
0
0
0
0
0
0
0
0
0
0
0
0
0
0
0
0
0
0
0
0
0
0
0
0
0
0
0
0
0
0
0
0
0
0
0
0
0
0
0
0
0
0
0
0
0
0
0
0
0
0
0
0
0
0
0
0
0
0
0
0
0
0
0
0
0
0
0
0
0
0
0
0
0
0
0
0
0
0
0
0
0
0
0
0
0
0
0
0
0
0
0
0
0
0
0
0
0
0
0
0
0
0
0
0
0
0
0
0
0
0
0
0
0
0
0
0
0
0
0
0
0
0
0
0
0
0
0
0
0
0
0
0
0
0
0
0
0
0
0
0
0
0
0
0
0
0
0
0
0
0
0
0
0
0
0
0
0
0
0
0
0
0
0
0
[&apos;Zero&apos; &apos;Zero&apos; &apos;Zero&apos; &apos;Zero&apos; &apos;Zero&apos; &apos;Zero&apos; &apos;Zero&apos; &apos;Zero&apos; &apos;Zero&apos; &apos;Zero&apos;
 &apos;Zero&apos; &apos;Zero&apos; &apos;Zero&apos; &apos;Zero&apos; &apos;Zero&apos; &apos;Zero&apos; &apos;Zero&apos; &apos;Zero&apos; &apos;Zero&apos; &apos;Zero&apos;
 &apos;Zero&apos; &apos;Zero&apos; &apos;Zero&apos; &apos;Zero&apos; &apos;Zero&apos; &apos;Zero&apos; &apos;Zero&apos; &apos;Zero&apos; &apos;Zero&apos; &apos;Zero&apos;
 &apos;Zero&apos; &apos;Zero&apos; &apos;Zero&apos; &apos;Zero&apos; &apos;Zero&apos; &apos;Zero&apos; &apos;Zero&apos; &apos;Zero&apos; &apos;Zero&apos; &apos;Zero&apos;
 &apos;Zero&apos; &apos;Zero&apos; &apos;Zero&apos; &apos;Zero&apos; &apos;Zero&apos; &apos;Zero&apos; &apos;Zero&apos; &apos;Zero&apos; &apos;Zero&apos; &apos;Zero&apos;
 &apos;Zero&apos; &apos;Zero&apos; &apos;Zero&apos; &apos;Zero&apos; &apos;Zero&apos; &apos;Zero&apos; &apos;Zero&apos; &apos;Zero&apos; &apos;Zero&apos; &apos;Zero&apos;
 &apos;Zero&apos; &apos;Zero&apos; &apos;Zero&apos; &apos;Zero&apos; &apos;Zero&apos; &apos;Zero&apos; &apos;Zero&apos; &apos;Zero&apos; &apos;Zero&apos; &apos;Zero&apos;
 &apos;Zero&apos; &apos;Zero&apos; &apos;Zero&apos; &apos;Zero&apos; &apos;Zero&apos; &apos;Zero&apos; &apos;Zero&apos; &apos;Zero&apos; &apos;Zero&apos; &apos;Zero&apos;
 &apos;Zero&apos; &apos;Zero&apos; &apos;Zero&apos; &apos;Zero&apos; &apos;Zero&apos; &apos;Zero&apos; &apos;Zero&apos; &apos;Zero&apos; &apos;Zero&apos; &apos;Zero&apos;
 &apos;Zero&apos; &apos;Zero&apos; &apos;Zero&apos; &apos;Zero&apos; &apos;Zero&apos; &apos;Zero&apos; &apos;Zero&apos; &apos;Zero&apos; &apos;Zero&apos; &apos;Zero&apos;
 &apos;Zero&apos; &apos;Zero&apos; &apos;Zero&apos; &apos;Zero&apos; &apos;Zero&apos; &apos;Zero&apos; &apos;Zero&apos; &apos;Zero&apos; &apos;Zero&apos; &apos;Zero&apos;
 &apos;Zero&apos; &apos;Zero&apos; &apos;Zero&apos; &apos;Zero&apos; &apos;Zero&apos; &apos;Zero&apos; &apos;Zero&apos; &apos;Zero&apos; &apos;Zero&apos; &apos;Zero&apos;
 &apos;Zero&apos; &apos;Zero&apos; &apos;Zero&apos; &apos;Zero&apos; &apos;Zero&apos; &apos;Zero&apos; &apos;Zero&apos; &apos;Zero&apos; &apos;Zero&apos; &apos;Zero&apos;
 &apos;Zero&apos; &apos;Zero&apos; &apos;Zero&apos; &apos;Zero&apos; &apos;Zero&apos; &apos;Zero&apos; &apos;Zero&apos; &apos;Zero&apos; &apos;Zero&apos; &apos;Zero&apos;
 &apos;Zero&apos; &apos;Zero&apos; &apos;Zero&apos; &apos;Zero&apos; &apos;Zero&apos; &apos;Zero&apos; &apos;Zero&apos; &apos;Zero&apos; &apos;Zero&apos; &apos;Zero&apos;
 &apos;Zero&apos; &apos;Zero&apos; &apos;Zero&apos; &apos;Zero&apos; &apos;Zero&apos; &apos;Zero&apos; &apos;Zero&apos; &apos;Zero&apos; &apos;Zero&apos; &apos;Zero&apos;
 &apos;Zero&apos; &apos;Zero&apos; &apos;Zero&apos; &apos;Zero&apos; &apos;Zero&apos; &apos;Zero&apos; &apos;Zero&apos; &apos;Zero&apos; &apos;Zero&apos; &apos;Zero&apos;
 &apos;Zero&apos; &apos;Zero&apos; &apos;Zero&apos; &apos;Zero&apos; &apos;Zero&apos; &apos;Zero&apos; &apos;Zero&apos; &apos;Zero&apos; &apos;Zero&apos; &apos;Zero&apos;
 &apos;Zero&apos; &apos;Zero&apos; &apos;Zero&apos; &apos;Zero&apos; &apos;Zero&apos; &apos;Zero&apos; &apos;Zero&apos; &apos;Zero&apos; &apos;Zero&apos; &apos;Zero&apos;
 &apos;Zero&apos; &apos;Zero&apos; &apos;Zero&apos; &apos;Zero&apos; &apos;Zero&apos; &apos;Zero&apos; &apos;Zero&apos; &apos;Zero&apos; &apos;Zero&apos; &apos;Zero&apos;
 &apos;Zero&apos; &apos;Zero&apos; &apos;Zero&apos; &apos;Zero&apos; &apos;Zero&apos; &apos;Zero&apos; &apos;Zero&apos; &apos;Zero&apos; &apos;Zero&apos; &apos;Zero&apos;
 &apos;Zero&apos; &apos;Zero&apos; &apos;Zero&apos; &apos;Zero&apos; &apos;Zero&apos; &apos;Zero&apos; &apos;Zero&apos; &apos;Zero&apos; &apos;Zero&apos; &apos;Zero&apos;
 &apos;Zero&apos; &apos;Zero&apos; &apos;Zero&apos; &apos;Zero&apos; &apos;Zero&apos; &apos;Zero&apos; &apos;Zero&apos; &apos;Zero&apos; &apos;Zero&apos; &apos;Zero&apos;
 &apos;Zero&apos; &apos;Zero&apos; &apos;Zero&apos; &apos;Zero&apos; &apos;Zero&apos; &apos;Zero&apos; &apos;Zero&apos; &apos;Zero&apos; &apos;Zero&apos; &apos;Zero&apos;
 &apos;Zero&apos; &apos;Zero&apos; &apos;Zero&apos; &apos;Zero&apos; &apos;Zero&apos; &apos;Zero&apos; &apos;Zero&apos; &apos;Zero&apos; &apos;Zero&apos; &apos;Zero&apos;
 &apos;Zero&apos; &apos;Zero&apos; &apos;Zero&apos; &apos;Zero&apos; &apos;Zero&apos; &apos;Zero&apos; &apos;Zero&apos; &apos;Zero&apos; &apos;Zero&apos; &apos;Zero&apos;
 &apos;Zero&apos; &apos;Zero&apos; &apos;Zero&apos; &apos;Zero&apos; &apos;Zero&apos; &apos;Zero&apos; &apos;Zero&apos; &apos;Zero&apos; &apos;Zero&apos; &apos;Zero&apos;
 &apos;Zero&apos; &apos;Zero&apos; &apos;Zero&apos; &apos;Zero&apos; &apos;Zero&apos; &apos;Zero&apos; &apos;Zero&apos; &apos;Zero&apos; &apos;Zero&apos; &apos;Zero&apos;
 &apos;Zero&apos; &apos;Zero&apos; &apos;Zero&apos; &apos;Zero&apos; &apos;Zero&apos; &apos;Zero&apos; &apos;Zero&apos; &apos;Zero&apos; &apos;Zero&apos; &apos;Zero&apos;
 &apos;Zero&apos; &apos;Zero&apos; &apos;Zero&apos; &apos;Zero&apos; &apos;Zero&apos; &apos;Zero&apos; &apos;Zero&apos; &apos;Zero&apos; &apos;Zero&apos; &apos;Zero&apos;
 &apos;Zero&apos; &apos;Zero&apos; &apos;Zero&apos; &apos;Zero&apos; &apos;Zero&apos; &apos;Zero&apos; &apos;Zero&apos; &apos;Zero&apos; &apos;Zero&apos; &apos;Zero&apos;
 &apos;Zero&apos; &apos;Zero&apos; &apos;Zero&apos; &apos;Zero&apos; &apos;Zero&apos; &apos;Zero&apos; &apos;Zero&apos; &apos;Zero&apos; &apos;Zero&apos; &apos;Zero&apos;
 &apos;Zero&apos; &apos;Zero&apos; &apos;Zero&apos; &apos;Zero&apos; &apos;Zero&apos; &apos;Zero&apos; &apos;Zero&apos; &apos;Zero&apos; &apos;Zero&apos; &apos;Zero&apos;
 &apos;Zero&apos; &apos;Zero&apos; &apos;Zero&apos; &apos;Zero&apos; &apos;Zero&apos; &apos;Zero&apos; &apos;Zero&apos; &apos;Zero&apos; &apos;Zero&apos; &apos;Zero&apos;
 &apos;Zero&apos; &apos;Zero&apos; &apos;Zero&apos; &apos;Zero&apos; &apos;Zero&apos; &apos;Zero&apos; &apos;Zero&apos; &apos;Zero&apos; &apos;Zero&apos; &apos;Zero&apos;
 &apos;Zero&apos; &apos;Zero&apos; &apos;Zero&apos; &apos;Zero&apos; &apos;Zero&apos; &apos;Zero&apos; &apos;Zero&apos; &apos;Zero&apos; &apos;Zero&apos; &apos;Zero&apos;
 &apos;Zero&apos; &apos;Zero&apos; &apos;Zero&apos; &apos;Zero&apos; &apos;Zero&apos; &apos;Zero&apos; &apos;Zero&apos; &apos;Zero&apos; &apos;Zero&apos; &apos;Zero&apos;
 &apos;Zero&apos; &apos;Zero&apos; &apos;Zero&apos; &apos;Zero&apos; &apos;Zero&apos; &apos;Zero&apos; &apos;Zero&apos; &apos;Zero&apos; &apos;Zero&apos; &apos;Zero&apos;
 &apos;Zero&apos; &apos;Zero&apos; &apos;Zero&apos; &apos;Zero&apos; &apos;Zero&apos; &apos;Zero&apos; &apos;Zero&apos; &apos;Zero&apos; &apos;Zero&apos; &apos;Zero&apos;
 &apos;Zero&apos; &apos;Zero&apos; &apos;Zero&apos; &apos;Zero&apos; &apos;Zero&apos; &apos;Zero&apos; &apos;Zero&apos; &apos;Zero&apos; &apos;Zero&apos; &apos;Zero&apos;
 &apos;Zero&apos; &apos;Zero&apos; &apos;Zero&apos; &apos;Zero&apos; &apos;Zero&apos; &apos;Zero&apos; &apos;Zero&apos; &apos;Zero&apos; &apos;Zero&apos; &apos;Zero&apos;
 &apos;Zero&apos; &apos;Zero&apos; &apos;Zero&apos; &apos;Zero&apos; &apos;Zero&apos; &apos;Zero&apos; &apos;Zero&apos; &apos;Zero&apos; &apos;Zero&apos; &apos;Zero&apos;
 &apos;Zero&apos; &apos;Zero&apos; &apos;Zero&apos; &apos;Zero&apos; &apos;Zero&apos; &apos;Zero&apos; &apos;Zero&apos; &apos;Zero&apos; &apos;Zero&apos; &apos;Zero&apos;
 &apos;Zero&apos; &apos;Zero&apos; &apos;Zero&apos; &apos;Zero&apos; &apos;Zero&apos; &apos;Zero&apos; &apos;Zero&apos; &apos;Zero&apos; &apos;Zero&apos; &apos;Zero&apos;
 &apos;Zero&apos; &apos;Zero&apos; &apos;Zero&apos; &apos;Zero&apos; &apos;Zero&apos; &apos;Zero&apos; &apos;Zero&apos; &apos;Zero&apos; &apos;Zero&apos; &apos;Zero&apos;
 &apos;Zero&apos; &apos;Zero&apos; &apos;Zero&apos; &apos;Zero&apos; &apos;Zero&apos; &apos;Zero&apos; &apos;Zero&apos; &apos;Zero&apos; &apos;Zero&apos; &apos;Zero&apos;
 &apos;Zero&apos; &apos;Zero&apos; &apos;Zero&apos; &apos;Zero&apos; &apos;Zero&apos; &apos;Zero&apos; &apos;Zero&apos; &apos;Zero&apos; &apos;Zero&apos; &apos;Zero&apos;
 &apos;Zero&apos; &apos;Zero&apos; &apos;Zero&apos; &apos;Zero&apos; &apos;Zero&apos; &apos;Zero&apos; &apos;Zero&apos; &apos;Zero&apos; &apos;Zero&apos; &apos;Zero&apos;
 &apos;Zero&apos; &apos;Zero&apos; &apos;Zero&apos; &apos;Zero&apos; &apos;Zero&apos; &apos;Zero&apos; &apos;Zero&apos; &apos;Zero&apos; &apos;Zero&apos; &apos;Zero&apos;
 &apos;Zero&apos; &apos;Zero&apos; &apos;Zero&apos; &apos;Zero&apos; &apos;Zero&apos;]
                0             1     2
0    2.863461e+06 -1.242965e+05  Zero
1    5.041453e+06  3.262844e+06  Zero
2    3.876381e+06  1.661490e+06  Zero
3    4.017338e+06  1.874577e+06  Zero
4    5.257805e+06  3.430320e+06  Zero
..            ...           ...   ...
490  2.498398e+06  1.177389e+06  Zero
491  1.971038e+06  7.691359e+05  Zero
492  2.918927e+06  1.516269e+06  Zero
493  4.478639e+06  3.841605e+06  Zero
494  1.339784e+06  2.126222e+06  Zero

[495 rows x 3 columns]
0
0
0
0
0
0
0
0
0
0
0
0
0
0
0
0
0
0
0
0
0
0
0
0
0
0
0
0
0
0
0
0
0
0
0
0
0
0
0
0
0
0
0
0
0
0
0
0
0
0
0
0
0
0
0
0
0
0
0
0
0
0
0
0
0
0
0
0
0
0
0
0
0
0
0
0
0
0
0
0
0
0
0
0
0
0
0
0
0
0
0
0
0
0
0
0
0
0
0
0
0
0
0
0
0
0
0
0
0
0
0
0
0
0
0
0
0
0
0
0
0
0
0
0
0
0
0
0
0
0
0
0
0
0
0
0
0
0
0
0
0
0
0
0
0
0
0
0
0
0
0
0
0
0
0
0
0
0
0
0
0
0
0
0
0
0
0
0
0
0
0
0
0
0
0
0
0
0
0
0
0
0
0
0
0
0
0
0
0
0
0
0
0
0
0
0
0
0
0
0
0
0
0
0
0
0
0
0
0
0
0
0
0
0
0
0
0
0
0
0
0
0
0
0
0
0
0
0
0
0
0
0
0
0
0
0
0
0
0
0
0
0
0
0
0
0
0
0
0
0
0
0
0
0
0
0
0
0
0
0
0
0
0
0
0
0
0
0
0
0
0
0
0
0
0
0
0
0
0
0
0
0
0
0
0
0
0
0
0
0
0
0
0
0
0
0
0
0
0
0
0
0
0
0
0
0
0
0
0
0
0
0
0
0
0
0
0
0
0
0
0
0
0
0
0
0
0
0
0
0
0
0
0
0
0
0
0
0
0
0
0
0
0
0
0
0
0
0
0
0
0
0
0
0
0
0
0
0
0
0
0
0
0
0
0
0
0
0
0
0
0
0
0
0
0
0
0
0
0
0
0
0
0
0
0
0
0
0
0
0
0
0
0
0
0
0
0
0
0
0
0
0
0
0
0
0
0
0
0
0
0
0
0
0
0
0
0
0
0
0
0
0
0
0
0
0
0
0
0
0
0
0
0
0
0
0
0
0
0
0
0
0
0
0
0
0
0
0
0
0
0
0
0
0
0
0
0
0
0
0
0
0
0
0
0
0
0
0
0
0
0
0
0
0
0
0
0
0
0
0
0
0
0
0
0
0
0
0
0
0
0
0
0
0
0
0
[&apos;Zero&apos; &apos;Zero&apos; &apos;Zero&apos; &apos;Zero&apos; &apos;Zero&apos; &apos;Zero&apos; &apos;Zero&apos; &apos;Zero&apos; &apos;Zero&apos; &apos;Zero&apos;
 &apos;Zero&apos; &apos;Zero&apos; &apos;Zero&apos; &apos;Zero&apos; &apos;Zero&apos; &apos;Zero&apos; &apos;Zero&apos; &apos;Zero&apos; &apos;Zero&apos; &apos;Zero&apos;
 &apos;Zero&apos; &apos;Zero&apos; &apos;Zero&apos; &apos;Zero&apos; &apos;Zero&apos; &apos;Zero&apos; &apos;Zero&apos; &apos;Zero&apos; &apos;Zero&apos; &apos;Zero&apos;
 &apos;Zero&apos; &apos;Zero&apos; &apos;Zero&apos; &apos;Zero&apos; &apos;Zero&apos; &apos;Zero&apos; &apos;Zero&apos; &apos;Zero&apos; &apos;Zero&apos; &apos;Zero&apos;
 &apos;Zero&apos; &apos;Zero&apos; &apos;Zero&apos; &apos;Zero&apos; &apos;Zero&apos; &apos;Zero&apos; &apos;Zero&apos; &apos;Zero&apos; &apos;Zero&apos; &apos;Zero&apos;
 &apos;Zero&apos; &apos;Zero&apos; &apos;Zero&apos; &apos;Zero&apos; &apos;Zero&apos; &apos;Zero&apos; &apos;Zero&apos; &apos;Zero&apos; &apos;Zero&apos; &apos;Zero&apos;
 &apos;Zero&apos; &apos;Zero&apos; &apos;Zero&apos; &apos;Zero&apos; &apos;Zero&apos; &apos;Zero&apos; &apos;Zero&apos; &apos;Zero&apos; &apos;Zero&apos; &apos;Zero&apos;
 &apos;Zero&apos; &apos;Zero&apos; &apos;Zero&apos; &apos;Zero&apos; &apos;Zero&apos; &apos;Zero&apos; &apos;Zero&apos; &apos;Zero&apos; &apos;Zero&apos; &apos;Zero&apos;
 &apos;Zero&apos; &apos;Zero&apos; &apos;Zero&apos; &apos;Zero&apos; &apos;Zero&apos; &apos;Zero&apos; &apos;Zero&apos; &apos;Zero&apos; &apos;Zero&apos; &apos;Zero&apos;
 &apos;Zero&apos; &apos;Zero&apos; &apos;Zero&apos; &apos;Zero&apos; &apos;Zero&apos; &apos;Zero&apos; &apos;Zero&apos; &apos;Zero&apos; &apos;Zero&apos; &apos;Zero&apos;
 &apos;Zero&apos; &apos;Zero&apos; &apos;Zero&apos; &apos;Zero&apos; &apos;Zero&apos; &apos;Zero&apos; &apos;Zero&apos; &apos;Zero&apos; &apos;Zero&apos; &apos;Zero&apos;
 &apos;Zero&apos; &apos;Zero&apos; &apos;Zero&apos; &apos;Zero&apos; &apos;Zero&apos; &apos;Zero&apos; &apos;Zero&apos; &apos;Zero&apos; &apos;Zero&apos; &apos;Zero&apos;
 &apos;Zero&apos; &apos;Zero&apos; &apos;Zero&apos; &apos;Zero&apos; &apos;Zero&apos; &apos;Zero&apos; &apos;Zero&apos; &apos;Zero&apos; &apos;Zero&apos; &apos;Zero&apos;
 &apos;Zero&apos; &apos;Zero&apos; &apos;Zero&apos; &apos;Zero&apos; &apos;Zero&apos; &apos;Zero&apos; &apos;Zero&apos; &apos;Zero&apos; &apos;Zero&apos; &apos;Zero&apos;
 &apos;Zero&apos; &apos;Zero&apos; &apos;Zero&apos; &apos;Zero&apos; &apos;Zero&apos; &apos;Zero&apos; &apos;Zero&apos; &apos;Zero&apos; &apos;Zero&apos; &apos;Zero&apos;
 &apos;Zero&apos; &apos;Zero&apos; &apos;Zero&apos; &apos;Zero&apos; &apos;Zero&apos; &apos;Zero&apos; &apos;Zero&apos; &apos;Zero&apos; &apos;Zero&apos; &apos;Zero&apos;
 &apos;Zero&apos; &apos;Zero&apos; &apos;Zero&apos; &apos;Zero&apos; &apos;Zero&apos; &apos;Zero&apos; &apos;Zero&apos; &apos;Zero&apos; &apos;Zero&apos; &apos;Zero&apos;
 &apos;Zero&apos; &apos;Zero&apos; &apos;Zero&apos; &apos;Zero&apos; &apos;Zero&apos; &apos;Zero&apos; &apos;Zero&apos; &apos;Zero&apos; &apos;Zero&apos; &apos;Zero&apos;
 &apos;Zero&apos; &apos;Zero&apos; &apos;Zero&apos; &apos;Zero&apos; &apos;Zero&apos; &apos;Zero&apos; &apos;Zero&apos; &apos;Zero&apos; &apos;Zero&apos; &apos;Zero&apos;
 &apos;Zero&apos; &apos;Zero&apos; &apos;Zero&apos; &apos;Zero&apos; &apos;Zero&apos; &apos;Zero&apos; &apos;Zero&apos; &apos;Zero&apos; &apos;Zero&apos; &apos;Zero&apos;
 &apos;Zero&apos; &apos;Zero&apos; &apos;Zero&apos; &apos;Zero&apos; &apos;Zero&apos; &apos;Zero&apos; &apos;Zero&apos; &apos;Zero&apos; &apos;Zero&apos; &apos;Zero&apos;
 &apos;Zero&apos; &apos;Zero&apos; &apos;Zero&apos; &apos;Zero&apos; &apos;Zero&apos; &apos;Zero&apos; &apos;Zero&apos; &apos;Zero&apos; &apos;Zero&apos; &apos;Zero&apos;
 &apos;Zero&apos; &apos;Zero&apos; &apos;Zero&apos; &apos;Zero&apos; &apos;Zero&apos; &apos;Zero&apos; &apos;Zero&apos; &apos;Zero&apos; &apos;Zero&apos; &apos;Zero&apos;
 &apos;Zero&apos; &apos;Zero&apos; &apos;Zero&apos; &apos;Zero&apos; &apos;Zero&apos; &apos;Zero&apos; &apos;Zero&apos; &apos;Zero&apos; &apos;Zero&apos; &apos;Zero&apos;
 &apos;Zero&apos; &apos;Zero&apos; &apos;Zero&apos; &apos;Zero&apos; &apos;Zero&apos; &apos;Zero&apos; &apos;Zero&apos; &apos;Zero&apos; &apos;Zero&apos; &apos;Zero&apos;
 &apos;Zero&apos; &apos;Zero&apos; &apos;Zero&apos; &apos;Zero&apos; &apos;Zero&apos; &apos;Zero&apos; &apos;Zero&apos; &apos;Zero&apos; &apos;Zero&apos; &apos;Zero&apos;
 &apos;Zero&apos; &apos;Zero&apos; &apos;Zero&apos; &apos;Zero&apos; &apos;Zero&apos; &apos;Zero&apos; &apos;Zero&apos; &apos;Zero&apos; &apos;Zero&apos; &apos;Zero&apos;
 &apos;Zero&apos; &apos;Zero&apos; &apos;Zero&apos; &apos;Zero&apos; &apos;Zero&apos; &apos;Zero&apos; &apos;Zero&apos; &apos;Zero&apos; &apos;Zero&apos; &apos;Zero&apos;
 &apos;Zero&apos; &apos;Zero&apos; &apos;Zero&apos; &apos;Zero&apos; &apos;Zero&apos; &apos;Zero&apos; &apos;Zero&apos; &apos;Zero&apos; &apos;Zero&apos; &apos;Zero&apos;
 &apos;Zero&apos; &apos;Zero&apos; &apos;Zero&apos; &apos;Zero&apos; &apos;Zero&apos; &apos;Zero&apos; &apos;Zero&apos; &apos;Zero&apos; &apos;Zero&apos; &apos;Zero&apos;
 &apos;Zero&apos; &apos;Zero&apos; &apos;Zero&apos; &apos;Zero&apos; &apos;Zero&apos; &apos;Zero&apos; &apos;Zero&apos; &apos;Zero&apos; &apos;Zero&apos; &apos;Zero&apos;
 &apos;Zero&apos; &apos;Zero&apos; &apos;Zero&apos; &apos;Zero&apos; &apos;Zero&apos; &apos;Zero&apos; &apos;Zero&apos; &apos;Zero&apos; &apos;Zero&apos; &apos;Zero&apos;
 &apos;Zero&apos; &apos;Zero&apos; &apos;Zero&apos; &apos;Zero&apos; &apos;Zero&apos; &apos;Zero&apos; &apos;Zero&apos; &apos;Zero&apos; &apos;Zero&apos; &apos;Zero&apos;
 &apos;Zero&apos; &apos;Zero&apos; &apos;Zero&apos; &apos;Zero&apos; &apos;Zero&apos; &apos;Zero&apos; &apos;Zero&apos; &apos;Zero&apos; &apos;Zero&apos; &apos;Zero&apos;
 &apos;Zero&apos; &apos;Zero&apos; &apos;Zero&apos; &apos;Zero&apos; &apos;Zero&apos; &apos;Zero&apos; &apos;Zero&apos; &apos;Zero&apos; &apos;Zero&apos; &apos;Zero&apos;
 &apos;Zero&apos; &apos;Zero&apos; &apos;Zero&apos; &apos;Zero&apos; &apos;Zero&apos; &apos;Zero&apos; &apos;Zero&apos; &apos;Zero&apos; &apos;Zero&apos; &apos;Zero&apos;
 &apos;Zero&apos; &apos;Zero&apos; &apos;Zero&apos; &apos;Zero&apos; &apos;Zero&apos; &apos;Zero&apos; &apos;Zero&apos; &apos;Zero&apos; &apos;Zero&apos; &apos;Zero&apos;
 &apos;Zero&apos; &apos;Zero&apos; &apos;Zero&apos; &apos;Zero&apos; &apos;Zero&apos; &apos;Zero&apos; &apos;Zero&apos; &apos;Zero&apos; &apos;Zero&apos; &apos;Zero&apos;
 &apos;Zero&apos; &apos;Zero&apos; &apos;Zero&apos; &apos;Zero&apos; &apos;Zero&apos; &apos;Zero&apos; &apos;Zero&apos; &apos;Zero&apos; &apos;Zero&apos; &apos;Zero&apos;
 &apos;Zero&apos; &apos;Zero&apos; &apos;Zero&apos; &apos;Zero&apos; &apos;Zero&apos; &apos;Zero&apos; &apos;Zero&apos; &apos;Zero&apos; &apos;Zero&apos; &apos;Zero&apos;
 &apos;Zero&apos; &apos;Zero&apos; &apos;Zero&apos; &apos;Zero&apos; &apos;Zero&apos; &apos;Zero&apos; &apos;Zero&apos; &apos;Zero&apos; &apos;Zero&apos; &apos;Zero&apos;
 &apos;Zero&apos; &apos;Zero&apos; &apos;Zero&apos; &apos;Zero&apos; &apos;Zero&apos; &apos;Zero&apos; &apos;Zero&apos; &apos;Zero&apos; &apos;Zero&apos; &apos;Zero&apos;
 &apos;Zero&apos; &apos;Zero&apos; &apos;Zero&apos; &apos;Zero&apos; &apos;Zero&apos; &apos;Zero&apos; &apos;Zero&apos; &apos;Zero&apos; &apos;Zero&apos; &apos;Zero&apos;
 &apos;Zero&apos; &apos;Zero&apos; &apos;Zero&apos; &apos;Zero&apos; &apos;Zero&apos; &apos;Zero&apos; &apos;Zero&apos; &apos;Zero&apos; &apos;Zero&apos; &apos;Zero&apos;
 &apos;Zero&apos; &apos;Zero&apos; &apos;Zero&apos; &apos;Zero&apos; &apos;Zero&apos; &apos;Zero&apos; &apos;Zero&apos; &apos;Zero&apos; &apos;Zero&apos; &apos;Zero&apos;
 &apos;Zero&apos; &apos;Zero&apos; &apos;Zero&apos; &apos;Zero&apos; &apos;Zero&apos; &apos;Zero&apos; &apos;Zero&apos; &apos;Zero&apos; &apos;Zero&apos; &apos;Zero&apos;
 &apos;Zero&apos; &apos;Zero&apos; &apos;Zero&apos; &apos;Zero&apos; &apos;Zero&apos; &apos;Zero&apos; &apos;Zero&apos; &apos;Zero&apos; &apos;Zero&apos; &apos;Zero&apos;
 &apos;Zero&apos; &apos;Zero&apos; &apos;Zero&apos; &apos;Zero&apos; &apos;Zero&apos; &apos;Zero&apos; &apos;Zero&apos; &apos;Zero&apos; &apos;Zero&apos; &apos;Zero&apos;
 &apos;Zero&apos; &apos;Zero&apos; &apos;Zero&apos; &apos;Zero&apos; &apos;Zero&apos; &apos;Zero&apos; &apos;Zero&apos; &apos;Zero&apos; &apos;Zero&apos; &apos;Zero&apos;
 &apos;Zero&apos; &apos;Zero&apos; &apos;Zero&apos; &apos;Zero&apos; &apos;Zero&apos;]
                0             1     2
0    2.863461e+06 -1.242965e+05  Zero
1    5.041453e+06  3.262844e+06  Zero
2    3.876381e+06  1.661490e+06  Zero
3    4.017338e+06  1.874577e+06  Zero
4    5.257805e+06  3.430320e+06  Zero
..            ...           ...   ...
490  2.498398e+06  1.177389e+06  Zero
491  1.971038e+06  7.691359e+05  Zero
492  2.918927e+06  1.516269e+06  Zero
493  4.478639e+06  3.841605e+06  Zero
494  1.339784e+06  2.126222e+06  Zero

[495 rows x 3 columns]
0
0
0
0
0
0
0
0
0
0
0
0
0
0
0
0
0
0
0
0
0
0
0
0
0
0
0
0
0
0
0
0
0
0
0
0
0
0
0
0
0
0
0
0
0
0
0
0
0
0
0
0
0
0
0
0
0
0
0
0
0
0
0
0
0
0
0
0
0
0
0
0
0
0
0
0
0
0
0
0
0
0
0
0
0
0
0
0
0
0
0
0
0
0
0
0
0
0
0
0
0
0
0
0
0
0
0
0
0
0
0
0
0
0
0
0
0
0
0
0
0
0
0
0
0
0
0
0
0
0
0
0
0
0
0
0
0
0
0
0
0
0
0
0
0
0
0
0
0
0
0
0
0
0
0
0
0
0
0
0
0
0
0
0
0
0
0
0
0
0
0
0
0
0
0
0
0
0
0
0
0
0
0
0
0
0
0
0
0
0
0
0
0
0
0
0
0
0
0
0
0
0
0
0
0
0
0
0
0
0
0
0
0
0
0
0
0
0
0
0
0
0
0
0
0
0
0
0
0
0
0
0
0
0
0
0
0
0
0
0
0
0
0
0
0
0
0
0
0
0
0
0
0
0
0
0
0
0
0
0
0
0
0
0
0
0
0
0
0
0
0
0
0
0
0
0
0
0
0
0
0
0
0
0
0
0
0
0
0
0
0
0
0
0
0
0
0
0
0
0
0
0
0
0
0
0
0
0
0
0
0
0
0
0
0
0
0
0
0
0
0
0
0
0
0
0
0
0
0
0
0
0
0
0
0
0
0
0
0
0
0
0
0
0
0
0
0
0
0
0
0
0
0
0
0
0
0
0
0
0
0
0
0
0
0
0
0
0
0
0
0
0
0
0
0
0
0
0
0
0
0
0
0
0
0
0
0
0
0
0
0
0
0
0
0
0
0
0
0
0
0
0
0
0
0
0
0
0
0
0
0
0
0
0
0
0
0
0
0
0
0
0
0
0
0
0
0
0
0
0
0
0
0
0
0
0
0
0
0
0
0
0
0
0
0
0
0
0
0
0
0
0
0
0
0
0
0
0
0
0
0
0
0
0
0
0
0
0
0
0
0
0
0
0
0
0
0
0
0
0
0
0
0
0
0
0
0
0
0
0
0
0
0
0
0
0
[&apos;Zero&apos; &apos;Zero&apos; &apos;Zero&apos; &apos;Zero&apos; &apos;Zero&apos; &apos;Zero&apos; &apos;Zero&apos; &apos;Zero&apos; &apos;Zero&apos; &apos;Zero&apos;
 &apos;Zero&apos; &apos;Zero&apos; &apos;Zero&apos; &apos;Zero&apos; &apos;Zero&apos; &apos;Zero&apos; &apos;Zero&apos; &apos;Zero&apos; &apos;Zero&apos; &apos;Zero&apos;
 &apos;Zero&apos; &apos;Zero&apos; &apos;Zero&apos; &apos;Zero&apos; &apos;Zero&apos; &apos;Zero&apos; &apos;Zero&apos; &apos;Zero&apos; &apos;Zero&apos; &apos;Zero&apos;
 &apos;Zero&apos; &apos;Zero&apos; &apos;Zero&apos; &apos;Zero&apos; &apos;Zero&apos; &apos;Zero&apos; &apos;Zero&apos; &apos;Zero&apos; &apos;Zero&apos; &apos;Zero&apos;
 &apos;Zero&apos; &apos;Zero&apos; &apos;Zero&apos; &apos;Zero&apos; &apos;Zero&apos; &apos;Zero&apos; &apos;Zero&apos; &apos;Zero&apos; &apos;Zero&apos; &apos;Zero&apos;
 &apos;Zero&apos; &apos;Zero&apos; &apos;Zero&apos; &apos;Zero&apos; &apos;Zero&apos; &apos;Zero&apos; &apos;Zero&apos; &apos;Zero&apos; &apos;Zero&apos; &apos;Zero&apos;
 &apos;Zero&apos; &apos;Zero&apos; &apos;Zero&apos; &apos;Zero&apos; &apos;Zero&apos; &apos;Zero&apos; &apos;Zero&apos; &apos;Zero&apos; &apos;Zero&apos; &apos;Zero&apos;
 &apos;Zero&apos; &apos;Zero&apos; &apos;Zero&apos; &apos;Zero&apos; &apos;Zero&apos; &apos;Zero&apos; &apos;Zero&apos; &apos;Zero&apos; &apos;Zero&apos; &apos;Zero&apos;
 &apos;Zero&apos; &apos;Zero&apos; &apos;Zero&apos; &apos;Zero&apos; &apos;Zero&apos; &apos;Zero&apos; &apos;Zero&apos; &apos;Zero&apos; &apos;Zero&apos; &apos;Zero&apos;
 &apos;Zero&apos; &apos;Zero&apos; &apos;Zero&apos; &apos;Zero&apos; &apos;Zero&apos; &apos;Zero&apos; &apos;Zero&apos; &apos;Zero&apos; &apos;Zero&apos; &apos;Zero&apos;
 &apos;Zero&apos; &apos;Zero&apos; &apos;Zero&apos; &apos;Zero&apos; &apos;Zero&apos; &apos;Zero&apos; &apos;Zero&apos; &apos;Zero&apos; &apos;Zero&apos; &apos;Zero&apos;
 &apos;Zero&apos; &apos;Zero&apos; &apos;Zero&apos; &apos;Zero&apos; &apos;Zero&apos; &apos;Zero&apos; &apos;Zero&apos; &apos;Zero&apos; &apos;Zero&apos; &apos;Zero&apos;
 &apos;Zero&apos; &apos;Zero&apos; &apos;Zero&apos; &apos;Zero&apos; &apos;Zero&apos; &apos;Zero&apos; &apos;Zero&apos; &apos;Zero&apos; &apos;Zero&apos; &apos;Zero&apos;
 &apos;Zero&apos; &apos;Zero&apos; &apos;Zero&apos; &apos;Zero&apos; &apos;Zero&apos; &apos;Zero&apos; &apos;Zero&apos; &apos;Zero&apos; &apos;Zero&apos; &apos;Zero&apos;
 &apos;Zero&apos; &apos;Zero&apos; &apos;Zero&apos; &apos;Zero&apos; &apos;Zero&apos; &apos;Zero&apos; &apos;Zero&apos; &apos;Zero&apos; &apos;Zero&apos; &apos;Zero&apos;
 &apos;Zero&apos; &apos;Zero&apos; &apos;Zero&apos; &apos;Zero&apos; &apos;Zero&apos; &apos;Zero&apos; &apos;Zero&apos; &apos;Zero&apos; &apos;Zero&apos; &apos;Zero&apos;
 &apos;Zero&apos; &apos;Zero&apos; &apos;Zero&apos; &apos;Zero&apos; &apos;Zero&apos; &apos;Zero&apos; &apos;Zero&apos; &apos;Zero&apos; &apos;Zero&apos; &apos;Zero&apos;
 &apos;Zero&apos; &apos;Zero&apos; &apos;Zero&apos; &apos;Zero&apos; &apos;Zero&apos; &apos;Zero&apos; &apos;Zero&apos; &apos;Zero&apos; &apos;Zero&apos; &apos;Zero&apos;
 &apos;Zero&apos; &apos;Zero&apos; &apos;Zero&apos; &apos;Zero&apos; &apos;Zero&apos; &apos;Zero&apos; &apos;Zero&apos; &apos;Zero&apos; &apos;Zero&apos; &apos;Zero&apos;
 &apos;Zero&apos; &apos;Zero&apos; &apos;Zero&apos; &apos;Zero&apos; &apos;Zero&apos; &apos;Zero&apos; &apos;Zero&apos; &apos;Zero&apos; &apos;Zero&apos; &apos;Zero&apos;
 &apos;Zero&apos; &apos;Zero&apos; &apos;Zero&apos; &apos;Zero&apos; &apos;Zero&apos; &apos;Zero&apos; &apos;Zero&apos; &apos;Zero&apos; &apos;Zero&apos; &apos;Zero&apos;
 &apos;Zero&apos; &apos;Zero&apos; &apos;Zero&apos; &apos;Zero&apos; &apos;Zero&apos; &apos;Zero&apos; &apos;Zero&apos; &apos;Zero&apos; &apos;Zero&apos; &apos;Zero&apos;
 &apos;Zero&apos; &apos;Zero&apos; &apos;Zero&apos; &apos;Zero&apos; &apos;Zero&apos; &apos;Zero&apos; &apos;Zero&apos; &apos;Zero&apos; &apos;Zero&apos; &apos;Zero&apos;
 &apos;Zero&apos; &apos;Zero&apos; &apos;Zero&apos; &apos;Zero&apos; &apos;Zero&apos; &apos;Zero&apos; &apos;Zero&apos; &apos;Zero&apos; &apos;Zero&apos; &apos;Zero&apos;
 &apos;Zero&apos; &apos;Zero&apos; &apos;Zero&apos; &apos;Zero&apos; &apos;Zero&apos; &apos;Zero&apos; &apos;Zero&apos; &apos;Zero&apos; &apos;Zero&apos; &apos;Zero&apos;
 &apos;Zero&apos; &apos;Zero&apos; &apos;Zero&apos; &apos;Zero&apos; &apos;Zero&apos; &apos;Zero&apos; &apos;Zero&apos; &apos;Zero&apos; &apos;Zero&apos; &apos;Zero&apos;
 &apos;Zero&apos; &apos;Zero&apos; &apos;Zero&apos; &apos;Zero&apos; &apos;Zero&apos; &apos;Zero&apos; &apos;Zero&apos; &apos;Zero&apos; &apos;Zero&apos; &apos;Zero&apos;
 &apos;Zero&apos; &apos;Zero&apos; &apos;Zero&apos; &apos;Zero&apos; &apos;Zero&apos; &apos;Zero&apos; &apos;Zero&apos; &apos;Zero&apos; &apos;Zero&apos; &apos;Zero&apos;
 &apos;Zero&apos; &apos;Zero&apos; &apos;Zero&apos; &apos;Zero&apos; &apos;Zero&apos; &apos;Zero&apos; &apos;Zero&apos; &apos;Zero&apos; &apos;Zero&apos; &apos;Zero&apos;
 &apos;Zero&apos; &apos;Zero&apos; &apos;Zero&apos; &apos;Zero&apos; &apos;Zero&apos; &apos;Zero&apos; &apos;Zero&apos; &apos;Zero&apos; &apos;Zero&apos; &apos;Zero&apos;
 &apos;Zero&apos; &apos;Zero&apos; &apos;Zero&apos; &apos;Zero&apos; &apos;Zero&apos; &apos;Zero&apos; &apos;Zero&apos; &apos;Zero&apos; &apos;Zero&apos; &apos;Zero&apos;
 &apos;Zero&apos; &apos;Zero&apos; &apos;Zero&apos; &apos;Zero&apos; &apos;Zero&apos; &apos;Zero&apos; &apos;Zero&apos; &apos;Zero&apos; &apos;Zero&apos; &apos;Zero&apos;
 &apos;Zero&apos; &apos;Zero&apos; &apos;Zero&apos; &apos;Zero&apos; &apos;Zero&apos; &apos;Zero&apos; &apos;Zero&apos; &apos;Zero&apos; &apos;Zero&apos; &apos;Zero&apos;
 &apos;Zero&apos; &apos;Zero&apos; &apos;Zero&apos; &apos;Zero&apos; &apos;Zero&apos; &apos;Zero&apos; &apos;Zero&apos; &apos;Zero&apos; &apos;Zero&apos; &apos;Zero&apos;
 &apos;Zero&apos; &apos;Zero&apos; &apos;Zero&apos; &apos;Zero&apos; &apos;Zero&apos; &apos;Zero&apos; &apos;Zero&apos; &apos;Zero&apos; &apos;Zero&apos; &apos;Zero&apos;
 &apos;Zero&apos; &apos;Zero&apos; &apos;Zero&apos; &apos;Zero&apos; &apos;Zero&apos; &apos;Zero&apos; &apos;Zero&apos; &apos;Zero&apos; &apos;Zero&apos; &apos;Zero&apos;
 &apos;Zero&apos; &apos;Zero&apos; &apos;Zero&apos; &apos;Zero&apos; &apos;Zero&apos; &apos;Zero&apos; &apos;Zero&apos; &apos;Zero&apos; &apos;Zero&apos; &apos;Zero&apos;
 &apos;Zero&apos; &apos;Zero&apos; &apos;Zero&apos; &apos;Zero&apos; &apos;Zero&apos; &apos;Zero&apos; &apos;Zero&apos; &apos;Zero&apos; &apos;Zero&apos; &apos;Zero&apos;
 &apos;Zero&apos; &apos;Zero&apos; &apos;Zero&apos; &apos;Zero&apos; &apos;Zero&apos; &apos;Zero&apos; &apos;Zero&apos; &apos;Zero&apos; &apos;Zero&apos; &apos;Zero&apos;
 &apos;Zero&apos; &apos;Zero&apos; &apos;Zero&apos; &apos;Zero&apos; &apos;Zero&apos; &apos;Zero&apos; &apos;Zero&apos; &apos;Zero&apos; &apos;Zero&apos; &apos;Zero&apos;
 &apos;Zero&apos; &apos;Zero&apos; &apos;Zero&apos; &apos;Zero&apos; &apos;Zero&apos; &apos;Zero&apos; &apos;Zero&apos; &apos;Zero&apos; &apos;Zero&apos; &apos;Zero&apos;
 &apos;Zero&apos; &apos;Zero&apos; &apos;Zero&apos; &apos;Zero&apos; &apos;Zero&apos; &apos;Zero&apos; &apos;Zero&apos; &apos;Zero&apos; &apos;Zero&apos; &apos;Zero&apos;
 &apos;Zero&apos; &apos;Zero&apos; &apos;Zero&apos; &apos;Zero&apos; &apos;Zero&apos; &apos;Zero&apos; &apos;Zero&apos; &apos;Zero&apos; &apos;Zero&apos; &apos;Zero&apos;
 &apos;Zero&apos; &apos;Zero&apos; &apos;Zero&apos; &apos;Zero&apos; &apos;Zero&apos; &apos;Zero&apos; &apos;Zero&apos; &apos;Zero&apos; &apos;Zero&apos; &apos;Zero&apos;
 &apos;Zero&apos; &apos;Zero&apos; &apos;Zero&apos; &apos;Zero&apos; &apos;Zero&apos; &apos;Zero&apos; &apos;Zero&apos; &apos;Zero&apos; &apos;Zero&apos; &apos;Zero&apos;
 &apos;Zero&apos; &apos;Zero&apos; &apos;Zero&apos; &apos;Zero&apos; &apos;Zero&apos; &apos;Zero&apos; &apos;Zero&apos; &apos;Zero&apos; &apos;Zero&apos; &apos;Zero&apos;
 &apos;Zero&apos; &apos;Zero&apos; &apos;Zero&apos; &apos;Zero&apos; &apos;Zero&apos; &apos;Zero&apos; &apos;Zero&apos; &apos;Zero&apos; &apos;Zero&apos; &apos;Zero&apos;
 &apos;Zero&apos; &apos;Zero&apos; &apos;Zero&apos; &apos;Zero&apos; &apos;Zero&apos; &apos;Zero&apos; &apos;Zero&apos; &apos;Zero&apos; &apos;Zero&apos; &apos;Zero&apos;
 &apos;Zero&apos; &apos;Zero&apos; &apos;Zero&apos; &apos;Zero&apos; &apos;Zero&apos; &apos;Zero&apos; &apos;Zero&apos; &apos;Zero&apos; &apos;Zero&apos; &apos;Zero&apos;
 &apos;Zero&apos; &apos;Zero&apos; &apos;Zero&apos; &apos;Zero&apos; &apos;Zero&apos;]
                0             1     2
0    2.863461e+06 -1.242965e+05  Zero
1    5.041453e+06  3.262844e+06  Zero
2    3.876381e+06  1.661490e+06  Zero
3    4.017338e+06  1.874577e+06  Zero
4    5.257805e+06  3.430320e+06  Zero
..            ...           ...   ...
490  2.498398e+06  1.177389e+06  Zero
491  1.971038e+06  7.691359e+05  Zero
492  2.918927e+06  1.516269e+06  Zero
493  4.478639e+06  3.841605e+06  Zero
494  1.339784e+06  2.126222e+06  Zero

[495 rows x 3 columns]
0
0
0
0
0
0
0
0
0
0
0
0
0
0
0
0
0
0
0
0
0
0
0
0
0
0
0
0
0
0
0
0
0
0
0
0
0
0
0
0
0
0
0
0
0
0
0
0
0
0
0
0
0
0
0
0
0
0
0
0
0
0
0
0
0
0
0
0
0
0
0
0
0
0
0
0
0
0
0
0
0
0
0
0
0
0
0
0
0
0
0
0
0
0
0
0
0
0
0
0
0
0
0
0
0
0
0
0
0
0
0
0
0
0
0
0
0
0
0
0
0
0
0
0
0
0
0
0
0
0
0
0
0
0
0
0
0
0
0
0
0
0
0
0
0
0
0
0
0
0
0
0
0
0
0
0
0
0
0
0
0
0
0
0
0
0
0
0
0
0
0
0
0
0
0
0
0
0
0
0
0
0
0
0
0
0
0
0
0
0
0
0
0
0
0
0
0
0
0
0
0
0
0
0
0
0
0
0
0
0
0
0
0
0
0
0
0
0
0
0
0
0
0
0
0
0
0
0
0
0
0
0
0
0
0
0
0
0
0
0
0
0
0
0
0
0
0
0
0
0
0
0
0
0
0
0
0
0
0
0
0
0
0
0
0
0
0
0
0
0
0
0
0
0
0
0
0
0
0
0
0
0
0
0
0
0
0
0
0
0
0
0
0
0
0
0
0
0
0
0
0
0
0
0
0
0
0
0
0
0
0
0
0
0
0
0
0
0
0
0
0
0
0
0
0
0
0
0
0
0
0
0
0
0
0
0
0
0
0
0
0
0
0
0
0
0
0
0
0
0
0
0
0
0
0
0
0
0
0
0
0
0
0
0
0
0
0
0
0
0
0
0
0
0
0
0
0
0
0
0
0
0
0
0
0
0
0
0
0
0
0
0
0
0
0
0
0
0
0
0
0
0
0
0
0
0
0
0
0
0
0
0
0
0
0
0
0
0
0
0
0
0
0
0
0
0
0
0
0
0
0
0
0
0
0
0
0
0
0
0
0
0
0
0
0
0
0
0
0
0
0
0
0
0
0
0
0
0
0
0
0
0
0
0
0
0
0
0
0
0
0
0
0
0
0
0
0
0
0
0
0
0
0
0
0
0
0
0
0
0
0
0
0
0
0
0
[&apos;Zero&apos; &apos;Zero&apos; &apos;Zero&apos; &apos;Zero&apos; &apos;Zero&apos; &apos;Zero&apos; &apos;Zero&apos; &apos;Zero&apos; &apos;Zero&apos; &apos;Zero&apos;
 &apos;Zero&apos; &apos;Zero&apos; &apos;Zero&apos; &apos;Zero&apos; &apos;Zero&apos; &apos;Zero&apos; &apos;Zero&apos; &apos;Zero&apos; &apos;Zero&apos; &apos;Zero&apos;
 &apos;Zero&apos; &apos;Zero&apos; &apos;Zero&apos; &apos;Zero&apos; &apos;Zero&apos; &apos;Zero&apos; &apos;Zero&apos; &apos;Zero&apos; &apos;Zero&apos; &apos;Zero&apos;
 &apos;Zero&apos; &apos;Zero&apos; &apos;Zero&apos; &apos;Zero&apos; &apos;Zero&apos; &apos;Zero&apos; &apos;Zero&apos; &apos;Zero&apos; &apos;Zero&apos; &apos;Zero&apos;
 &apos;Zero&apos; &apos;Zero&apos; &apos;Zero&apos; &apos;Zero&apos; &apos;Zero&apos; &apos;Zero&apos; &apos;Zero&apos; &apos;Zero&apos; &apos;Zero&apos; &apos;Zero&apos;
 &apos;Zero&apos; &apos;Zero&apos; &apos;Zero&apos; &apos;Zero&apos; &apos;Zero&apos; &apos;Zero&apos; &apos;Zero&apos; &apos;Zero&apos; &apos;Zero&apos; &apos;Zero&apos;
 &apos;Zero&apos; &apos;Zero&apos; &apos;Zero&apos; &apos;Zero&apos; &apos;Zero&apos; &apos;Zero&apos; &apos;Zero&apos; &apos;Zero&apos; &apos;Zero&apos; &apos;Zero&apos;
 &apos;Zero&apos; &apos;Zero&apos; &apos;Zero&apos; &apos;Zero&apos; &apos;Zero&apos; &apos;Zero&apos; &apos;Zero&apos; &apos;Zero&apos; &apos;Zero&apos; &apos;Zero&apos;
 &apos;Zero&apos; &apos;Zero&apos; &apos;Zero&apos; &apos;Zero&apos; &apos;Zero&apos; &apos;Zero&apos; &apos;Zero&apos; &apos;Zero&apos; &apos;Zero&apos; &apos;Zero&apos;
 &apos;Zero&apos; &apos;Zero&apos; &apos;Zero&apos; &apos;Zero&apos; &apos;Zero&apos; &apos;Zero&apos; &apos;Zero&apos; &apos;Zero&apos; &apos;Zero&apos; &apos;Zero&apos;
 &apos;Zero&apos; &apos;Zero&apos; &apos;Zero&apos; &apos;Zero&apos; &apos;Zero&apos; &apos;Zero&apos; &apos;Zero&apos; &apos;Zero&apos; &apos;Zero&apos; &apos;Zero&apos;
 &apos;Zero&apos; &apos;Zero&apos; &apos;Zero&apos; &apos;Zero&apos; &apos;Zero&apos; &apos;Zero&apos; &apos;Zero&apos; &apos;Zero&apos; &apos;Zero&apos; &apos;Zero&apos;
 &apos;Zero&apos; &apos;Zero&apos; &apos;Zero&apos; &apos;Zero&apos; &apos;Zero&apos; &apos;Zero&apos; &apos;Zero&apos; &apos;Zero&apos; &apos;Zero&apos; &apos;Zero&apos;
 &apos;Zero&apos; &apos;Zero&apos; &apos;Zero&apos; &apos;Zero&apos; &apos;Zero&apos; &apos;Zero&apos; &apos;Zero&apos; &apos;Zero&apos; &apos;Zero&apos; &apos;Zero&apos;
 &apos;Zero&apos; &apos;Zero&apos; &apos;Zero&apos; &apos;Zero&apos; &apos;Zero&apos; &apos;Zero&apos; &apos;Zero&apos; &apos;Zero&apos; &apos;Zero&apos; &apos;Zero&apos;
 &apos;Zero&apos; &apos;Zero&apos; &apos;Zero&apos; &apos;Zero&apos; &apos;Zero&apos; &apos;Zero&apos; &apos;Zero&apos; &apos;Zero&apos; &apos;Zero&apos; &apos;Zero&apos;
 &apos;Zero&apos; &apos;Zero&apos; &apos;Zero&apos; &apos;Zero&apos; &apos;Zero&apos; &apos;Zero&apos; &apos;Zero&apos; &apos;Zero&apos; &apos;Zero&apos; &apos;Zero&apos;
 &apos;Zero&apos; &apos;Zero&apos; &apos;Zero&apos; &apos;Zero&apos; &apos;Zero&apos; &apos;Zero&apos; &apos;Zero&apos; &apos;Zero&apos; &apos;Zero&apos; &apos;Zero&apos;
 &apos;Zero&apos; &apos;Zero&apos; &apos;Zero&apos; &apos;Zero&apos; &apos;Zero&apos; &apos;Zero&apos; &apos;Zero&apos; &apos;Zero&apos; &apos;Zero&apos; &apos;Zero&apos;
 &apos;Zero&apos; &apos;Zero&apos; &apos;Zero&apos; &apos;Zero&apos; &apos;Zero&apos; &apos;Zero&apos; &apos;Zero&apos; &apos;Zero&apos; &apos;Zero&apos; &apos;Zero&apos;
 &apos;Zero&apos; &apos;Zero&apos; &apos;Zero&apos; &apos;Zero&apos; &apos;Zero&apos; &apos;Zero&apos; &apos;Zero&apos; &apos;Zero&apos; &apos;Zero&apos; &apos;Zero&apos;
 &apos;Zero&apos; &apos;Zero&apos; &apos;Zero&apos; &apos;Zero&apos; &apos;Zero&apos; &apos;Zero&apos; &apos;Zero&apos; &apos;Zero&apos; &apos;Zero&apos; &apos;Zero&apos;
 &apos;Zero&apos; &apos;Zero&apos; &apos;Zero&apos; &apos;Zero&apos; &apos;Zero&apos; &apos;Zero&apos; &apos;Zero&apos; &apos;Zero&apos; &apos;Zero&apos; &apos;Zero&apos;
 &apos;Zero&apos; &apos;Zero&apos; &apos;Zero&apos; &apos;Zero&apos; &apos;Zero&apos; &apos;Zero&apos; &apos;Zero&apos; &apos;Zero&apos; &apos;Zero&apos; &apos;Zero&apos;
 &apos;Zero&apos; &apos;Zero&apos; &apos;Zero&apos; &apos;Zero&apos; &apos;Zero&apos; &apos;Zero&apos; &apos;Zero&apos; &apos;Zero&apos; &apos;Zero&apos; &apos;Zero&apos;
 &apos;Zero&apos; &apos;Zero&apos; &apos;Zero&apos; &apos;Zero&apos; &apos;Zero&apos; &apos;Zero&apos; &apos;Zero&apos; &apos;Zero&apos; &apos;Zero&apos; &apos;Zero&apos;
 &apos;Zero&apos; &apos;Zero&apos; &apos;Zero&apos; &apos;Zero&apos; &apos;Zero&apos; &apos;Zero&apos; &apos;Zero&apos; &apos;Zero&apos; &apos;Zero&apos; &apos;Zero&apos;
 &apos;Zero&apos; &apos;Zero&apos; &apos;Zero&apos; &apos;Zero&apos; &apos;Zero&apos; &apos;Zero&apos; &apos;Zero&apos; &apos;Zero&apos; &apos;Zero&apos; &apos;Zero&apos;
 &apos;Zero&apos; &apos;Zero&apos; &apos;Zero&apos; &apos;Zero&apos; &apos;Zero&apos; &apos;Zero&apos; &apos;Zero&apos; &apos;Zero&apos; &apos;Zero&apos; &apos;Zero&apos;
 &apos;Zero&apos; &apos;Zero&apos; &apos;Zero&apos; &apos;Zero&apos; &apos;Zero&apos; &apos;Zero&apos; &apos;Zero&apos; &apos;Zero&apos; &apos;Zero&apos; &apos;Zero&apos;
 &apos;Zero&apos; &apos;Zero&apos; &apos;Zero&apos; &apos;Zero&apos; &apos;Zero&apos; &apos;Zero&apos; &apos;Zero&apos; &apos;Zero&apos; &apos;Zero&apos; &apos;Zero&apos;
 &apos;Zero&apos; &apos;Zero&apos; &apos;Zero&apos; &apos;Zero&apos; &apos;Zero&apos; &apos;Zero&apos; &apos;Zero&apos; &apos;Zero&apos; &apos;Zero&apos; &apos;Zero&apos;
 &apos;Zero&apos; &apos;Zero&apos; &apos;Zero&apos; &apos;Zero&apos; &apos;Zero&apos; &apos;Zero&apos; &apos;Zero&apos; &apos;Zero&apos; &apos;Zero&apos; &apos;Zero&apos;
 &apos;Zero&apos; &apos;Zero&apos; &apos;Zero&apos; &apos;Zero&apos; &apos;Zero&apos; &apos;Zero&apos; &apos;Zero&apos; &apos;Zero&apos; &apos;Zero&apos; &apos;Zero&apos;
 &apos;Zero&apos; &apos;Zero&apos; &apos;Zero&apos; &apos;Zero&apos; &apos;Zero&apos; &apos;Zero&apos; &apos;Zero&apos; &apos;Zero&apos; &apos;Zero&apos; &apos;Zero&apos;
 &apos;Zero&apos; &apos;Zero&apos; &apos;Zero&apos; &apos;Zero&apos; &apos;Zero&apos; &apos;Zero&apos; &apos;Zero&apos; &apos;Zero&apos; &apos;Zero&apos; &apos;Zero&apos;
 &apos;Zero&apos; &apos;Zero&apos; &apos;Zero&apos; &apos;Zero&apos; &apos;Zero&apos; &apos;Zero&apos; &apos;Zero&apos; &apos;Zero&apos; &apos;Zero&apos; &apos;Zero&apos;
 &apos;Zero&apos; &apos;Zero&apos; &apos;Zero&apos; &apos;Zero&apos; &apos;Zero&apos; &apos;Zero&apos; &apos;Zero&apos; &apos;Zero&apos; &apos;Zero&apos; &apos;Zero&apos;
 &apos;Zero&apos; &apos;Zero&apos; &apos;Zero&apos; &apos;Zero&apos; &apos;Zero&apos; &apos;Zero&apos; &apos;Zero&apos; &apos;Zero&apos; &apos;Zero&apos; &apos;Zero&apos;
 &apos;Zero&apos; &apos;Zero&apos; &apos;Zero&apos; &apos;Zero&apos; &apos;Zero&apos; &apos;Zero&apos; &apos;Zero&apos; &apos;Zero&apos; &apos;Zero&apos; &apos;Zero&apos;
 &apos;Zero&apos; &apos;Zero&apos; &apos;Zero&apos; &apos;Zero&apos; &apos;Zero&apos; &apos;Zero&apos; &apos;Zero&apos; &apos;Zero&apos; &apos;Zero&apos; &apos;Zero&apos;
 &apos;Zero&apos; &apos;Zero&apos; &apos;Zero&apos; &apos;Zero&apos; &apos;Zero&apos; &apos;Zero&apos; &apos;Zero&apos; &apos;Zero&apos; &apos;Zero&apos; &apos;Zero&apos;
 &apos;Zero&apos; &apos;Zero&apos; &apos;Zero&apos; &apos;Zero&apos; &apos;Zero&apos; &apos;Zero&apos; &apos;Zero&apos; &apos;Zero&apos; &apos;Zero&apos; &apos;Zero&apos;
 &apos;Zero&apos; &apos;Zero&apos; &apos;Zero&apos; &apos;Zero&apos; &apos;Zero&apos; &apos;Zero&apos; &apos;Zero&apos; &apos;Zero&apos; &apos;Zero&apos; &apos;Zero&apos;
 &apos;Zero&apos; &apos;Zero&apos; &apos;Zero&apos; &apos;Zero&apos; &apos;Zero&apos; &apos;Zero&apos; &apos;Zero&apos; &apos;Zero&apos; &apos;Zero&apos; &apos;Zero&apos;
 &apos;Zero&apos; &apos;Zero&apos; &apos;Zero&apos; &apos;Zero&apos; &apos;Zero&apos; &apos;Zero&apos; &apos;Zero&apos; &apos;Zero&apos; &apos;Zero&apos; &apos;Zero&apos;
 &apos;Zero&apos; &apos;Zero&apos; &apos;Zero&apos; &apos;Zero&apos; &apos;Zero&apos; &apos;Zero&apos; &apos;Zero&apos; &apos;Zero&apos; &apos;Zero&apos; &apos;Zero&apos;
 &apos;Zero&apos; &apos;Zero&apos; &apos;Zero&apos; &apos;Zero&apos; &apos;Zero&apos; &apos;Zero&apos; &apos;Zero&apos; &apos;Zero&apos; &apos;Zero&apos; &apos;Zero&apos;
 &apos;Zero&apos; &apos;Zero&apos; &apos;Zero&apos; &apos;Zero&apos; &apos;Zero&apos; &apos;Zero&apos; &apos;Zero&apos; &apos;Zero&apos; &apos;Zero&apos; &apos;Zero&apos;
 &apos;Zero&apos; &apos;Zero&apos; &apos;Zero&apos; &apos;Zero&apos; &apos;Zero&apos;]
</system-out></testcase><testcase classname="test" file="test.py" line="183" name="test_get_flood_cost" points="498" time="0.059"><properties>
[...]
</properties></testcase><testcase classname="test" file="test.py" line="213" name="test_get_annual_flood_risk" points="500" time="0.079"><properties>
[...]
</properties></testcase><testcase classname="test" file="test.py" line="243" name="test_get_sorted_annual_flood_risk" points="0" time="26.943"><properties>
[...]
</properties><system-out>Postcode
TN184NX    51.039880
CT170TW    51.145279
TN249HS    51.168991
TN255DL    51.173893
CT161RW    51.127700
             ...    
ME159XX    51.235919
TN125AD    51.213209
ME172DE    51.243888
CT140EZ    51.224367
DA119FF    51.442533
Name: Latitude, Length: 495, dtype: float64
                0             1     2
0    2.863461e+06 -1.242965e+05  Zero
1    5.041453e+06  3.262844e+06  Zero
2    3.876381e+06  1.661490e+06  Zero
3    4.017338e+06  1.874577e+06  Zero
4    5.257805e+06  3.430320e+06  Zero
..            ...           ...   ...
490  2.498398e+06  1.177389e+06  Zero
491  1.971038e+06  7.691359e+05  Zero
492  2.918927e+06  1.516269e+06  Zero
493  4.478639e+06  3.841605e+06  Zero
494  1.339784e+06  2.126222e+06  Zero

[495 rows x 3 columns]
0
0
0
0
0
0
0
0
0
0
0
0
0
0
0
0
0
0
0
0
0
0
0
0
0
0
0
0
0
0
0
0
0
0
0
0
0
0
0
0
0
0
0
0
0
0
0
0
0
0
0
0
0
0
0
0
0
0
0
0
0
0
0
0
0
0
0
0
0
0
0
0
0
0
0
0
0
0
0
0
0
0
0
0
0
0
0
0
0
0
0
0
0
0
0
0
0
0
0
0
0
0
0
0
0
0
0
0
0
0
0
0
0
0
0
0
0
0
0
0
0
0
0
0
0
0
0
0
0
0
0
0
0
0
0
0
0
0
0
0
0
0
0
0
0
0
0
0
0
0
0
0
0
0
0
0
0
0
0
0
0
0
0
0
0
0
0
0
0
0
0
0
0
0
0
0
0
0
0
0
0
0
0
0
0
0
0
0
0
0
0
0
0
0
0
0
0
0
0
0
0
0
0
0
0
0
0
0
0
0
0
0
0
0
0
0
0
0
0
0
0
0
0
0
0
0
0
0
0
0
0
0
0
0
0
0
0
0
0
0
0
0
0
0
0
0
0
0
0
0
0
0
0
0
0
0
0
0
0
0
0
0
0
0
0
0
0
0
0
0
0
0
0
0
0
0
0
0
0
0
0
0
0
0
0
0
0
0
0
0
0
0
0
0
0
0
0
0
0
0
0
0
0
0
0
0
0
0
0
0
0
0
0
0
0
0
0
0
0
0
0
0
0
0
0
0
0
0
0
0
0
0
0
0
0
0
0
0
0
0
0
0
0
0
0
0
0
0
0
0
0
0
0
0
0
0
0
0
0
0
0
0
0
0
0
0
0
0
0
0
0
0
0
0
0
0
0
0
0
0
0
0
0
0
0
0
0
0
0
0
0
0
0
0
0
0
0
0
0
0
0
0
0
0
0
0
0
0
0
0
0
0
0
0
0
0
0
0
0
0
0
0
0
0
0
0
0
0
0
0
0
0
0
0
0
0
0
0
0
0
0
0
0
0
0
0
0
0
0
0
0
0
0
0
0
0
0
0
0
0
0
0
0
0
0
0
0
0
0
0
0
0
0
0
0
0
0
0
0
0
0
0
0
0
0
0
0
0
0
0
0
0
0
0
0
0
Postcode
TN184NX    51.039880
CT170TW    51.145279
TN249HS    51.168991
TN255DL    51.173893
CT161RW    51.127700
             ...    
ME159XX    51.235919
TN125AD    51.213209
ME172DE    51.243888
CT140EZ    51.224367
DA119FF    51.442533
Name: Latitude, Length: 495, dtype: float64
                0             1     2
0    2.863461e+06 -1.242965e+05  Zero
1    5.041453e+06  3.262844e+06  Zero
2    3.876381e+06  1.661490e+06  Zero
3    4.017338e+06  1.874577e+06  Zero
4    5.257805e+06  3.430320e+06  Zero
..            ...           ...   ...
490  2.498398e+06  1.177389e+06  Zero
491  1.971038e+06  7.691359e+05  Zero
492  2.918927e+06  1.516269e+06  Zero
493  4.478639e+06  3.841605e+06  Zero
494  1.339784e+06  2.126222e+06  Zero

[495 rows x 3 columns]
0
0
0
0
0
0
0
0
0
0
0
0
0
0
0
0
0
0
0
0
0
0
0
0
0
0
0
0
0
0
0
0
0
0
0
0
0
0
0
0
0
0
0
0
0
0
0
0
0
0
0
0
0
0
0
0
0
0
0
0
0
0
0
0
0
0
0
0
0
0
0
0
0
0
0
0
0
0
0
0
0
0
0
0
0
0
0
0
0
0
0
0
0
0
0
0
0
0
0
0
0
0
0
0
0
0
0
0
0
0
0
0
0
0
0
0
0
0
0
0
0
0
0
0
0
0
0
0
0
0
0
0
0
0
0
0
0
0
0
0
0
0
0
0
0
0
0
0
0
0
0
0
0
0
0
0
0
0
0
0
0
0
0
0
0
0
0
0
0
0
0
0
0
0
0
0
0
0
0
0
0
0
0
0
0
0
0
0
0
0
0
0
0
0
0
0
0
0
0
0
0
0
0
0
0
0
0
0
0
0
0
0
0
0
0
0
0
0
0
0
0
0
0
0
0
0
0
0
0
0
0
0
0
0
0
0
0
0
0
0
0
0
0
0
0
0
0
0
0
0
0
0
0
0
0
0
0
0
0
0
0
0
0
0
0
0
0
0
0
0
0
0
0
0
0
0
0
0
0
0
0
0
0
0
0
0
0
0
0
0
0
0
0
0
0
0
0
0
0
0
0
0
0
0
0
0
0
0
0
0
0
0
0
0
0
0
0
0
0
0
0
0
0
0
0
0
0
0
0
0
0
0
0
0
0
0
0
0
0
0
0
0
0
0
0
0
0
0
0
0
0
0
0
0
0
0
0
0
0
0
0
0
0
0
0
0
0
0
0
0
0
0
0
0
0
0
0
0
0
0
0
0
0
0
0
0
0
0
0
0
0
0
0
0
0
0
0
0
0
0
0
0
0
0
0
0
0
0
0
0
0
0
0
0
0
0
0
0
0
0
0
0
0
0
0
0
0
0
0
0
0
0
0
0
0
0
0
0
0
0
0
0
0
0
0
0
0
0
0
0
0
0
0
0
0
0
0
0
0
0
0
0
0
0
0
0
0
0
0
0
0
0
0
0
0
0
0
0
0
0
0
0
0
0
0
0
0
0
0
0
0
0
0
0
0
0
Postcode
TN184NX    51.039880
CT170TW    51.145279
TN249HS    51.168991
TN255DL    51.173893
CT161RW    51.127700
             ...    
ME159XX    51.235919
TN125AD    51.213209
ME172DE    51.243888
CT140EZ    51.224367
DA119FF    51.442533
Name: Latitude, Length: 495, dtype: float64
                0             1     2
0    2.863461e+06 -1.242965e+05  Zero
1    5.041453e+06  3.262844e+06  Zero
2    3.876381e+06  1.661490e+06  Zero
3    4.017338e+06  1.874577e+06  Zero
4    5.257805e+06  3.430320e+06  Zero
..            ...           ...   ...
490  2.498398e+06  1.177389e+06  Zero
491  1.971038e+06  7.691359e+05  Zero
492  2.918927e+06  1.516269e+06  Zero
493  4.478639e+06  3.841605e+06  Zero
494  1.339784e+06  2.126222e+06  Zero

[495 rows x 3 columns]
0
0
0
0
0
0
0
0
0
0
0
0
0
0
0
0
0
0
0
0
0
0
0
0
0
0
0
0
0
0
0
0
0
0
0
0
0
0
0
0
0
0
0
0
0
0
0
0
0
0
0
0
0
0
0
0
0
0
0
0
0
0
0
0
0
0
0
0
0
0
0
0
0
0
0
0
0
0
0
0
0
0
0
0
0
0
0
0
0
0
0
0
0
0
0
0
0
0
0
0
0
0
0
0
0
0
0
0
0
0
0
0
0
0
0
0
0
0
0
0
0
0
0
0
0
0
0
0
0
0
0
0
0
0
0
0
0
0
0
0
0
0
0
0
0
0
0
0
0
0
0
0
0
0
0
0
0
0
0
0
0
0
0
0
0
0
0
0
0
0
0
0
0
0
0
0
0
0
0
0
0
0
0
0
0
0
0
0
0
0
0
0
0
0
0
0
0
0
0
0
0
0
0
0
0
0
0
0
0
0
0
0
0
0
0
0
0
0
0
0
0
0
0
0
0
0
0
0
0
0
0
0
0
0
0
0
0
0
0
0
0
0
0
0
0
0
0
0
0
0
0
0
0
0
0
0
0
0
0
0
0
0
0
0
0
0
0
0
0
0
0
0
0
0
0
0
0
0
0
0
0
0
0
0
0
0
0
0
0
0
0
0
0
0
0
0
0
0
0
0
0
0
0
0
0
0
0
0
0
0
0
0
0
0
0
0
0
0
0
0
0
0
0
0
0
0
0
0
0
0
0
0
0
0
0
0
0
0
0
0
0
0
0
0
0
0
0
0
0
0
0
0
0
0
0
0
0
0
0
0
0
0
0
0
0
0
0
0
0
0
0
0
0
0
0
0
0
0
0
0
0
0
0
0
0
0
0
0
0
0
0
0
0
0
0
0
0
0
0
0
0
0
0
0
0
0
0
0
0
0
0
0
0
0
0
0
0
0
0
0
0
0
0
0
0
0
0
0
0
0
0
0
0
0
0
0
0
0
0
0
0
0
0
0
0
0
0
0
0
0
0
0
0
0
0
0
0
0
0
0
0
0
0
0
0
0
0
0
0
0
0
0
0
0
0
0
0
0
0
0
0
0
0
0
0
0
0
0
0
0
0
0
0
0
0
0
Postcode
TN184NX    51.039880
CT170TW    51.145279
TN249HS    51.168991
TN255DL    51.173893
CT161RW    51.127700
             ...    
ME159XX    51.235919
TN125AD    51.213209
ME172DE    51.243888
CT140EZ    51.224367
DA119FF    51.442533
Name: Latitude, Length: 495, dtype: float64
                0             1     2
0    2.863461e+06 -1.242965e+05  Zero
1    5.041453e+06  3.262844e+06  Zero
2    3.876381e+06  1.661490e+06  Zero
3    4.017338e+06  1.874577e+06  Zero
4    5.257805e+06  3.430320e+06  Zero
..            ...           ...   ...
490  2.498398e+06  1.177389e+06  Zero
491  1.971038e+06  7.691359e+05  Zero
492  2.918927e+06  1.516269e+06  Zero
493  4.478639e+06  3.841605e+06  Zero
494  1.339784e+06  2.126222e+06  Zero

[495 rows x 3 columns]
0
0
0
0
0
0
0
0
0
0
0
0
0
0
0
0
0
0
0
0
0
0
0
0
0
0
0
0
0
0
0
0
0
0
0
0
0
0
0
0
0
0
0
0
0
0
0
0
0
0
0
0
0
0
0
0
0
0
0
0
0
0
0
0
0
0
0
0
0
0
0
0
0
0
0
0
0
0
0
0
0
0
0
0
0
0
0
0
0
0
0
0
0
0
0
0
0
0
0
0
0
0
0
0
0
0
0
0
0
0
0
0
0
0
0
0
0
0
0
0
0
0
0
0
0
0
0
0
0
0
0
0
0
0
0
0
0
0
0
0
0
0
0
0
0
0
0
0
0
0
0
0
0
0
0
0
0
0
0
0
0
0
0
0
0
0
0
0
0
0
0
0
0
0
0
0
0
0
0
0
0
0
0
0
0
0
0
0
0
0
0
0
0
0
0
0
0
0
0
0
0
0
0
0
0
0
0
0
0
0
0
0
0
0
0
0
0
0
0
0
0
0
0
0
0
0
0
0
0
0
0
0
0
0
0
0
0
0
0
0
0
0
0
0
0
0
0
0
0
0
0
0
0
0
0
0
0
0
0
0
0
0
0
0
0
0
0
0
0
0
0
0
0
0
0
0
0
0
0
0
0
0
0
0
0
0
0
0
0
0
0
0
0
0
0
0
0
0
0
0
0
0
0
0
0
0
0
0
0
0
0
0
0
0
0
0
0
0
0
0
0
0
0
0
0
0
0
0
0
0
0
0
0
0
0
0
0
0
0
0
0
0
0
0
0
0
0
0
0
0
0
0
0
0
0
0
0
0
0
0
0
0
0
0
0
0
0
0
0
0
0
0
0
0
0
0
0
0
0
0
0
0
0
0
0
0
0
0
0
0
0
0
0
0
0
0
0
0
0
0
0
0
0
0
0
0
0
0
0
0
0
0
0
0
0
0
0
0
0
0
0
0
0
0
0
0
0
0
0
0
0
0
0
0
0
0
0
0
0
0
0
0
0
0
0
0
0
0
0
0
0
0
0
0
0
0
0
0
0
0
0
0
0
0
0
0
0
0
0
0
0
0
0
0
0
0
0
0
0
0
0
0
0
0
0
0
0
0
0
0
0
0
0
0
0
0
Postcode
TN184NX    51.039880
CT170TW    51.145279
TN249HS    51.168991
TN255DL    51.173893
CT161RW    51.127700
             ...    
ME159XX    51.235919
TN125AD    51.213209
ME172DE    51.243888
CT140EZ    51.224367
DA119FF    51.442533
Name: Latitude, Length: 495, dtype: float64
                0             1     2
0    2.863461e+06 -1.242965e+05  Zero
1    5.041453e+06  3.262844e+06  Zero
2    3.876381e+06  1.661490e+06  Zero
3    4.017338e+06  1.874577e+06  Zero
4    5.257805e+06  3.430320e+06  Zero
..            ...           ...   ...
490  2.498398e+06  1.177389e+06  Zero
491  1.971038e+06  7.691359e+05  Zero
492  2.918927e+06  1.516269e+06  Zero
493  4.478639e+06  3.841605e+06  Zero
494  1.339784e+06  2.126222e+06  Zero

[495 rows x 3 columns]
0
0
0
0
0
0
0
0
0
0
0
0
0
0
0
0
0
0
0
0
0
0
0
0
0
0
0
0
0
0
0
0
0
0
0
0
0
0
0
0
0
0
0
0
0
0
0
0
0
0
0
0
0
0
0
0
0
0
0
0
0
0
0
0
0
0
0
0
0
0
0
0
0
0
0
0
0
0
0
0
0
0
0
0
0
0
0
0
0
0
0
0
0
0
0
0
0
0
0
0
0
0
0
0
0
0
0
0
0
0
0
0
0
0
0
0
0
0
0
0
0
0
0
0
0
0
0
0
0
0
0
0
0
0
0
0
0
0
0
0
0
0
0
0
0
0
0
0
0
0
0
0
0
0
0
0
0
0
0
0
0
0
0
0
0
0
0
0
0
0
0
0
0
0
0
0
0
0
0
0
0
0
0
0
0
0
0
0
0
0
0
0
0
0
0
0
0
0
0
0
0
0
0
0
0
0
0
0
0
0
0
0
0
0
0
0
0
0
0
0
0
0
0
0
0
0
0
0
0
0
0
0
0
0
0
0
0
0
0
0
0
0
0
0
0
0
0
0
0
0
0
0
0
0
0
0
0
0
0
0
0
0
0
0
0
0
0
0
0
0
0
0
0
0
0
0
0
0
0
0
0
0
0
0
0
0
0
0
0
0
0
0
0
0
0
0
0
0
0
0
0
0
0
0
0
0
0
0
0
0
0
0
0
0
0
0
0
0
0
0
0
0
0
0
0
0
0
0
0
0
0
0
0
0
0
0
0
0
0
0
0
0
0
0
0
0
0
0
0
0
0
0
0
0
0
0
0
0
0
0
0
0
0
0
0
0
0
0
0
0
0
0
0
0
0
0
0
0
0
0
0
0
0
0
0
0
0
0
0
0
0
0
0
0
0
0
0
0
0
0
0
0
0
0
0
0
0
0
0
0
0
0
0
0
0
0
0
0
0
0
0
0
0
0
0
0
0
0
0
0
0
0
0
0
0
0
0
0
0
0
0
0
0
0
0
0
0
0
0
0
0
0
0
0
0
0
0
0
0
0
0
0
0
0
0
0
0
0
0
0
0
0
0
0
0
0
0
0
0
0
0
0
0
0
0
0
0
0
0
0
0
0
0
0
0
0
Postcode
TN184NX    51.039880
CT170TW    51.145279
TN249HS    51.168991
TN255DL    51.173893
CT161RW    51.127700
             ...    
ME159XX    51.235919
TN125AD    51.213209
ME172DE    51.243888
CT140EZ    51.224367
DA119FF    51.442533
Name: Latitude, Length: 495, dtype: float64
                0             1     2
0    2.863461e+06 -1.242965e+05  Zero
1    5.041453e+06  3.262844e+06  Zero
2    3.876381e+06  1.661490e+06  Zero
3    4.017338e+06  1.874577e+06  Zero
4    5.257805e+06  3.430320e+06  Zero
..            ...           ...   ...
490  2.498398e+06  1.177389e+06  Zero
491  1.971038e+06  7.691359e+05  Zero
492  2.918927e+06  1.516269e+06  Zero
493  4.478639e+06  3.841605e+06  Zero
494  1.339784e+06  2.126222e+06  Zero

[495 rows x 3 columns]
0
0
0
0
0
0
0
0
0
0
0
0
0
0
0
0
0
0
0
0
0
0
0
0
0
0
0
0
0
0
0
0
0
0
0
0
0
0
0
0
0
0
0
0
0
0
0
0
0
0
0
0
0
0
0
0
0
0
0
0
0
0
0
0
0
0
0
0
0
0
0
0
0
0
0
0
0
0
0
0
0
0
0
0
0
0
0
0
0
0
0
0
0
0
0
0
0
0
0
0
0
0
0
0
0
0
0
0
0
0
0
0
0
0
0
0
0
0
0
0
0
0
0
0
0
0
0
0
0
0
0
0
0
0
0
0
0
0
0
0
0
0
0
0
0
0
0
0
0
0
0
0
0
0
0
0
0
0
0
0
0
0
0
0
0
0
0
0
0
0
0
0
0
0
0
0
0
0
0
0
0
0
0
0
0
0
0
0
0
0
0
0
0
0
0
0
0
0
0
0
0
0
0
0
0
0
0
0
0
0
0
0
0
0
0
0
0
0
0
0
0
0
0
0
0
0
0
0
0
0
0
0
0
0
0
0
0
0
0
0
0
0
0
0
0
0
0
0
0
0
0
0
0
0
0
0
0
0
0
0
0
0
0
0
0
0
0
0
0
0
0
0
0
0
0
0
0
0
0
0
0
0
0
0
0
0
0
0
0
0
0
0
0
0
0
0
0
0
0
0
0
0
0
0
0
0
0
0
0
0
0
0
0
0
0
0
0
0
0
0
0
0
0
0
0
0
0
0
0
0
0
0
0
0
0
0
0
0
0
0
0
0
0
0
0
0
0
0
0
0
0
0
0
0
0
0
0
0
0
0
0
0
0
0
0
0
0
0
0
0
0
0
0
0
0
0
0
0
0
0
0
0
0
0
0
0
0
0
0
0
0
0
0
0
0
0
0
0
0
0
0
0
0
0
0
0
0
0
0
0
0
0
0
0
0
0
0
0
0
0
0
0
0
0
0
0
0
0
0
0
0
0
0
0
0
0
0
0
0
0
0
0
0
0
0
0
0
0
0
0
0
0
0
0
0
0
0
0
0
0
0
0
0
0
0
0
0
0
0
0
0
0
0
0
0
0
0
0
0
0
0
0
0
0
0
0
0
0
0
0
0
0
0
0
0
0
</system-out></testcase></testsuite></testsuites>